05:15:57.366 [DEBUG] [org.gradle.launcher.daemon.bootstrap.DaemonMain] Assuming the daemon was started with following jvm opts: [-XX:MaxPermSize=256m, -XX:+HeapDumpOnOutOfMemoryError, -Xmx1024m, -Dfile.encoding=UTF-8, -Duser.country=US, -Duser.language=en, -Duser.variant]
05:15:57.455 [INFO] [org.gradle.launcher.daemon.server.Daemon] start() called on daemon - DefaultDaemonContext[uid=2b84fdb8-d214-430e-a1e2-e1bb1cb5b5d1,javaHome=/Library/Java/JavaVirtualMachines/jdk1.8.0_121.jdk/Contents/Home,daemonRegistryDir=/Users/kimberly_93pc/Documents/Sring2017/SWE443/SAStudyRightByHand-master/daemon,pid=15127,idleTimeout=60000,daemonOpts=-XX:MaxPermSize=256m,-XX:+HeapDumpOnOutOfMemoryError,-Xmx1024m,-Dfile.encoding=UTF-8,-Duser.country=US,-Duser.language=en,-Duser.variant]
05:15:57.462 [DEBUG] [org.gradle.launcher.daemon.server.DaemonStateCoordinator] updating lastActivityAt to 1489655757462
05:15:57.482 [DEBUG] [org.gradle.internal.remote.internal.inet.InetAddresses] Adding IP addresses for network interface utun0
05:15:57.482 [DEBUG] [org.gradle.internal.remote.internal.inet.InetAddresses] Is this a loopback interface? false
05:15:57.483 [DEBUG] [org.gradle.internal.remote.internal.inet.InetAddresses] Is this a multicast interface? true
05:15:57.483 [DEBUG] [org.gradle.internal.remote.internal.inet.InetAddresses] Adding remote address /fe80:0:0:0:2fb5:ab8d:376:59d0%utun0
05:15:57.484 [DEBUG] [org.gradle.internal.remote.internal.inet.InetAddresses] Adding remote multicast interface utun0
05:15:57.485 [DEBUG] [org.gradle.internal.remote.internal.inet.InetAddresses] Adding IP addresses for network interface en1
05:15:57.485 [DEBUG] [org.gradle.internal.remote.internal.inet.InetAddresses] Is this a loopback interface? false
05:15:57.486 [DEBUG] [org.gradle.internal.remote.internal.inet.InetAddresses] Is this a multicast interface? true
05:15:57.486 [DEBUG] [org.gradle.internal.remote.internal.inet.InetAddresses] Adding remote address /2601:5cc:c702:1187:b974:8c35:cfb1:ce1
05:15:57.486 [DEBUG] [org.gradle.internal.remote.internal.inet.InetAddresses] Adding remote address /2601:5cc:c702:1187:1c49:13b2:fb5d:6934
05:15:57.486 [DEBUG] [org.gradle.internal.remote.internal.inet.InetAddresses] Adding remote address /fd1c:67a8:c32b:0:407e:360f:9d3:7f83
05:15:57.487 [DEBUG] [org.gradle.internal.remote.internal.inet.InetAddresses] Adding remote address /fd1c:67a8:c32b:0:10b1:914d:79a7:eda0
05:15:57.487 [DEBUG] [org.gradle.internal.remote.internal.inet.InetAddresses] Adding remote address /fe80:0:0:0:47a:5fec:4e35:b147%en1
05:15:57.487 [DEBUG] [org.gradle.internal.remote.internal.inet.InetAddresses] Adding remote address /192.168.1.114
05:15:57.488 [DEBUG] [org.gradle.internal.remote.internal.inet.InetAddresses] Adding remote multicast interface en1
05:15:57.488 [DEBUG] [org.gradle.internal.remote.internal.inet.InetAddresses] Adding IP addresses for network interface lo0
05:15:57.488 [DEBUG] [org.gradle.internal.remote.internal.inet.InetAddresses] Is this a loopback interface? true
05:15:57.489 [DEBUG] [org.gradle.internal.remote.internal.inet.InetAddresses] Is this a multicast interface? true
05:15:57.489 [DEBUG] [org.gradle.internal.remote.internal.inet.InetAddresses] Ignoring remote address on loopback interface /fe80:0:0:0:0:0:0:1%lo0
05:15:57.489 [DEBUG] [org.gradle.internal.remote.internal.inet.InetAddresses] Adding loopback address /0:0:0:0:0:0:0:1
05:15:57.490 [DEBUG] [org.gradle.internal.remote.internal.inet.InetAddresses] Adding loopback address /127.0.0.1
05:15:57.490 [DEBUG] [org.gradle.internal.remote.internal.inet.InetAddresses] Adding loopback multicast interface lo0
05:15:57.494 [DEBUG] [org.gradle.internal.remote.internal.inet.TcpIncomingConnector] Listening on [c4da08d8-7e7e-4e93-86eb-f2e0d5fe49da port:60138, addresses:[/0:0:0:0:0:0:0:1, /127.0.0.1]].
05:15:57.496 [DEBUG] [org.gradle.launcher.daemon.server.Daemon] Daemon starting at: Thu Mar 16 05:15:57 EDT 2017, with address: [c4da08d8-7e7e-4e93-86eb-f2e0d5fe49da port:60138, addresses:[/0:0:0:0:0:0:0:1, /127.0.0.1]]
05:15:57.496 [INFO] [org.gradle.launcher.daemon.server.DaemonRegistryUpdater] Advertising the daemon address to the clients: [c4da08d8-7e7e-4e93-86eb-f2e0d5fe49da port:60138, addresses:[/0:0:0:0:0:0:0:1, /127.0.0.1]]
05:15:57.497 [DEBUG] [org.gradle.launcher.daemon.server.DaemonRegistryUpdater] Advertised daemon context: DefaultDaemonContext[uid=2b84fdb8-d214-430e-a1e2-e1bb1cb5b5d1,javaHome=/Library/Java/JavaVirtualMachines/jdk1.8.0_121.jdk/Contents/Home,daemonRegistryDir=/Users/kimberly_93pc/Documents/Sring2017/SWE443/SAStudyRightByHand-master/daemon,pid=15127,idleTimeout=60000,daemonOpts=-XX:MaxPermSize=256m,-XX:+HeapDumpOnOutOfMemoryError,-Xmx1024m,-Dfile.encoding=UTF-8,-Duser.country=US,-Duser.language=en,-Duser.variant]
05:15:57.498 [DEBUG] [org.gradle.launcher.daemon.registry.PersistentDaemonRegistry] Storing daemon address: [c4da08d8-7e7e-4e93-86eb-f2e0d5fe49da port:60138, addresses:[/0:0:0:0:0:0:0:1, /127.0.0.1]], context: DefaultDaemonContext[uid=2b84fdb8-d214-430e-a1e2-e1bb1cb5b5d1,javaHome=/Library/Java/JavaVirtualMachines/jdk1.8.0_121.jdk/Contents/Home,daemonRegistryDir=/Users/kimberly_93pc/Documents/Sring2017/SWE443/SAStudyRightByHand-master/daemon,pid=15127,idleTimeout=60000,daemonOpts=-XX:MaxPermSize=256m,-XX:+HeapDumpOnOutOfMemoryError,-Xmx1024m,-Dfile.encoding=UTF-8,-Duser.country=US,-Duser.language=en,-Duser.variant]
05:15:57.507 [DEBUG] [org.gradle.cache.internal.DefaultFileLockManager] Waiting to acquire exclusive lock on daemon addresses registry.
05:15:57.509 [DEBUG] [org.gradle.cache.internal.DefaultFileLockManager] Lock acquired.
05:15:57.586 [DEBUG] [org.gradle.cache.internal.DefaultFileLockManager] Releasing lock on daemon addresses registry.
05:15:57.587 [LIFECYCLE] [org.gradle.launcher.daemon.server.Daemon] Daemon server started.
05:15:57.589 [DEBUG] [org.gradle.launcher.daemon.bootstrap.DaemonStartupCommunication] Completed writing the daemon greeting. Closing streams...
05:15:57.599 [DEBUG] [org.gradle.internal.remote.internal.inet.TcpIncomingConnector] Accepted connection from /127.0.0.1:60139 to /127.0.0.1:60138.
05:15:57.666 [DEBUG] [org.gradle.launcher.daemon.server.SynchronizedDispatchConnection] thread 15: received class org.gradle.launcher.daemon.protocol.Build
05:15:57.666 [DEBUG] [org.gradle.launcher.daemon.server.DefaultDaemonConnection] thread 15: Received non-IO message from client: Build{id=f66d49a0-81d1-4b96-b52d-0c32c6432b2e.1, currentDir=/Users/kimberly_93pc/Documents/Sring2017/SWE443/SA-Assignment-5/MancalaHw5}
05:15:57.667 [INFO] [org.gradle.launcher.daemon.server.DefaultIncomingConnectionHandler] Received command: Build{id=f66d49a0-81d1-4b96-b52d-0c32c6432b2e.1, currentDir=/Users/kimberly_93pc/Documents/Sring2017/SWE443/SA-Assignment-5/MancalaHw5}.
05:15:57.667 [DEBUG] [org.gradle.launcher.daemon.server.DefaultIncomingConnectionHandler] Starting executing command: Build{id=f66d49a0-81d1-4b96-b52d-0c32c6432b2e.1, currentDir=/Users/kimberly_93pc/Documents/Sring2017/SWE443/SA-Assignment-5/MancalaHw5} with connection: socket connection from /127.0.0.1:60138 to /127.0.0.1:60139.
05:15:57.673 [ERROR] [org.gradle.launcher.daemon.server.DaemonStateCoordinator] Command execution: started DaemonCommandExecution[command = Build{id=f66d49a0-81d1-4b96-b52d-0c32c6432b2e.1, currentDir=/Users/kimberly_93pc/Documents/Sring2017/SWE443/SA-Assignment-5/MancalaHw5}, connection = org.gradle.launcher.daemon.server.DefaultDaemonConnection@33e3d932] after 0.0 minutes of idle
05:15:57.673 [INFO] [org.gradle.launcher.daemon.server.DaemonRegistryUpdater] Marking the daemon as busy, address: [c4da08d8-7e7e-4e93-86eb-f2e0d5fe49da port:60138, addresses:[/0:0:0:0:0:0:0:1, /127.0.0.1]]
05:15:57.673 [DEBUG] [org.gradle.launcher.daemon.registry.PersistentDaemonRegistry] Marking busy by address: [c4da08d8-7e7e-4e93-86eb-f2e0d5fe49da port:60138, addresses:[/0:0:0:0:0:0:0:1, /127.0.0.1]]
05:15:57.675 [DEBUG] [org.gradle.cache.internal.DefaultFileLockManager] Waiting to acquire exclusive lock on daemon addresses registry.
05:15:57.675 [DEBUG] [org.gradle.cache.internal.DefaultFileLockManager] Lock acquired.
05:15:57.677 [DEBUG] [org.gradle.cache.internal.DefaultFileLockManager] Releasing lock on daemon addresses registry.
05:15:57.678 [DEBUG] [org.gradle.launcher.daemon.server.DaemonStateCoordinator] updating lastActivityAt to 1489655757678
05:15:57.679 [INFO] [org.gradle.launcher.daemon.server.exec.StartBuildOrRespondWithBusy] Daemon is about to start building Build{id=f66d49a0-81d1-4b96-b52d-0c32c6432b2e.1, currentDir=/Users/kimberly_93pc/Documents/Sring2017/SWE443/SA-Assignment-5/MancalaHw5}. Dispatching build started information...
05:15:57.680 [DEBUG] [org.gradle.launcher.daemon.server.SynchronizedDispatchConnection] thread 17: dispatching class org.gradle.launcher.daemon.protocol.BuildStarted
05:15:57.686 [DEBUG] [org.gradle.launcher.daemon.server.SynchronizedDispatchConnection] thread 15: received class org.gradle.launcher.daemon.protocol.CloseInput
05:15:57.686 [DEBUG] [org.gradle.launcher.daemon.server.DefaultDaemonConnection] thread 15: Received IO message from client: org.gradle.launcher.daemon.protocol.CloseInput@338eb410
05:15:57.686 [DEBUG] [org.gradle.launcher.daemon.server.exec.EstablishBuildEnvironment] Configuring env variables: {PATH=/usr/bin:/bin:/usr/sbin:/sbin, SSH_AUTH_SOCK=/private/tmp/com.apple.launchd.YyvvxuojOG/Listeners, XPC_FLAGS=0x0, SHELL=/bin/bash, __CF_USER_TEXT_ENCODING=0x1F5:0x0:0x0, Apple_PubSub_Socket_Render=/private/tmp/com.apple.launchd.fh0BpRfXJf/Render, LOGNAME=kimberly_93pc, USER=kimberly_93pc, XPC_SERVICE_NAME=com.jetbrains.intellij.ce.3188, HOME=/Users/kimberly_93pc, TMPDIR=/var/folders/pn/p8n6fhmj4z1d3dxy54h5yklm0000gn/T/}
05:15:57.697 [DEBUG] [org.gradle.launcher.daemon.server.exec.LogToClient] About to start relaying all logs to the client via the connection.
05:15:57.697 [INFO] [org.gradle.launcher.daemon.server.exec.LogToClient] The client will now receive all logging from the daemon (pid: 15127). The daemon log file: /Users/kimberly_93pc/Documents/Sring2017/SWE443/SAStudyRightByHand-master/daemon/3.1/daemon-15127.out.log
05:15:57.699 [INFO] [org.gradle.launcher.daemon.server.exec.LogAndCheckHealth] Starting build in new daemon [memory: 954.7 MB]
05:15:57.700 [INFO] [org.gradle.launcher.daemon.server.exec.ForwardClientInput] Closing daemon's stdin at end of input.
05:15:57.701 [INFO] [org.gradle.launcher.daemon.server.exec.ForwardClientInput] The daemon will no longer process any standard input.
05:15:57.705 [DEBUG] [org.gradle.launcher.daemon.server.exec.ExecuteBuild] The daemon has started executing the build.
05:15:57.705 [INFO] [org.gradle.launcher.daemon.server.exec.ExecuteBuild] Executing build with daemon context: DefaultDaemonContext[uid=2b84fdb8-d214-430e-a1e2-e1bb1cb5b5d1,javaHome=/Library/Java/JavaVirtualMachines/jdk1.8.0_121.jdk/Contents/Home,daemonRegistryDir=/Users/kimberly_93pc/Documents/Sring2017/SWE443/SAStudyRightByHand-master/daemon,pid=15127,idleTimeout=60000,daemonOpts=-XX:MaxPermSize=256m,-XX:+HeapDumpOnOutOfMemoryError,-Xmx1024m,-Dfile.encoding=UTF-8,-Duser.country=US,-Duser.language=en,-Duser.variant]
05:15:57.709 [INFO] [org.gradle.process.internal.DefaultExecHandle] Starting process 'command '/usr/bin/vm_stat''. Working directory: /Users/kimberly_93pc/Documents/Sring2017/SWE443/SAStudyRightByHand-master/daemon/3.1 Command: /usr/bin/vm_stat 
05:15:57.710 [DEBUG] [org.gradle.process.internal.DefaultExecHandle] Environment for process 'command '/usr/bin/vm_stat'': {JAVA_MAIN_CLASS_15127=org.gradle.launcher.daemon.bootstrap.GradleDaemon, PATH=/usr/bin:/bin:/usr/sbin:/sbin, SSH_AUTH_SOCK=/private/tmp/com.apple.launchd.YyvvxuojOG/Listeners, SHELL=/bin/bash, XPC_FLAGS=0x0, __CF_USER_TEXT_ENCODING=0x1F5:0x0:0x0, Apple_PubSub_Socket_Render=/private/tmp/com.apple.launchd.fh0BpRfXJf/Render, LOGNAME=kimberly_93pc, USER=kimberly_93pc, XPC_SERVICE_NAME=com.jetbrains.intellij.ce.3188, HOME=/Users/kimberly_93pc, TMPDIR=/var/folders/pn/p8n6fhmj4z1d3dxy54h5yklm0000gn/T/}
05:15:57.710 [DEBUG] [org.gradle.process.internal.DefaultExecHandle] Changing state to: STARTING
05:15:57.711 [DEBUG] [org.gradle.process.internal.DefaultExecHandle] Waiting until process started: command '/usr/bin/vm_stat'.
05:15:57.726 [DEBUG] [org.gradle.process.internal.DefaultExecHandle] Changing state to: STARTED
05:15:57.726 [DEBUG] [org.gradle.process.internal.ExecHandleRunner] waiting until streams are handled...
05:15:57.726 [INFO] [org.gradle.process.internal.DefaultExecHandle] Successfully started process 'command '/usr/bin/vm_stat''
05:15:57.728 [DEBUG] [org.gradle.process.internal.DefaultExecHandle] Changing state to: SUCCEEDED
05:15:57.728 [DEBUG] [org.gradle.process.internal.DefaultExecHandle] Process 'command '/usr/bin/vm_stat'' finished with exit value 0 (state: SUCCEEDED)
05:15:57.730 [DEBUG] [org.gradle.launcher.daemon.server.Daemon] stopOnExpiration() called on daemon
05:15:57.731 [DEBUG] [org.gradle.launcher.daemon.server.Daemon] awaitExpiration() called on daemon
05:15:57.732 [DEBUG] [org.gradle.launcher.daemon.server.DaemonStateCoordinator] daemon is running. Sleeping until state changes.
:cleanTest
:compileJava UP-TO-DATE
:processResources UP-TO-DATE
:classes UP-TO-DATE
:compileTestJava
:processTestResources UP-TO-DATE
:testClasses
:test

<ijLog><event type='reportLocation' testReport='/Users/kimberly_93pc/Documents/Sring2017/SWE443/SA-Assignment-5/MancalaHw5/build/reports/tests/test/index.html' /></ijLog>

<ijLog><event type='beforeSuite'><ijLogEol/>
  <test id=':test' parentId=''><ijLogEol/>
    <descriptor name='Gradle Test Run :test' className='' /><ijLogEol/>
  </test><ijLogEol/>
</event></ijLog>

<ijLog><event type='beforeSuite'><ijLogEol/>
  <test id='1.1' parentId=':test'><ijLogEol/>
    <descriptor name='Gradle Test Executor 1' className='' /><ijLogEol/>
  </test><ijLogEol/>
</event></ijLog>

<ijLog><event type='beforeSuite'><ijLogEol/>
  <test id='1.2' parentId='1.1'><ijLogEol/>
    <descriptor name='test1' className='test1' /><ijLogEol/>
  </test><ijLogEol/>
</event></ijLog>

<ijLog><event type='beforeTest'><ijLogEol/>
  <test id='1.3' parentId='1.2'><ijLogEol/>
    <descriptor name='takeOppositePebbles' className='test1' /><ijLogEol/>
  </test><ijLogEol/>
</event></ijLog>

<ijLog><event type='onOutput'><ijLogEol/>
  <test id='1.3' parentId='1.2'><ijLogEol/>
    <descriptor name='takeOppositePebbles' className='test1' /><ijLogEol/>
    <event destination='StdOut'><![CDATA[UGViYmxlcyBpbiBhc2ggMCA0Cg==]]></event><ijLogEol/>
  </test><ijLogEol/>
</event></ijLog>

<ijLog><event type='onOutput'><ijLogEol/>
  <test id='1.3' parentId='1.2'><ijLogEol/>
    <descriptor name='takeOppositePebbles' className='test1' /><ijLogEol/>
    <event destination='StdOut'><![CDATA[Cg==]]></event><ijLogEol/>
  </test><ijLogEol/>
</event></ijLog>

<ijLog><event type='afterTest'><ijLogEol/>
  <test id='1.3' parentId='1.2'><ijLogEol/>
    <descriptor name='takeOppositePebbles' className='test1' /><ijLogEol/>
    <result resultType='SUCCESS' startTime='1489655762882' endTime='1489655762913'><ijLogEol/>
      <failureType>error</failureType><ijLogEol/>
    </result><ijLogEol/>
  </test><ijLogEol/>
</event></ijLog>

<ijLog><event type='afterSuite'><ijLogEol/>
  <test id='1.2' parentId='1.1'><ijLogEol/>
    <descriptor name='test1' className='test1' /><ijLogEol/>
    <result resultType='SUCCESS' startTime='1489655762796' endTime='1489655762913'><ijLogEol/>
      <failureType>error</failureType><ijLogEol/>
    </result><ijLogEol/>
  </test><ijLogEol/>
</event></ijLog>

<ijLog><event type='beforeSuite'><ijLogEol/>
  <test id='1.4' parentId='1.1'><ijLogEol/>
    <descriptor name='test2' className='test2' /><ijLogEol/>
  </test><ijLogEol/>
</event></ijLog>

<ijLog><event type='afterSuite'><ijLogEol/>
  <test id='1.4' parentId='1.1'><ijLogEol/>
    <descriptor name='test2' className='test2' /><ijLogEol/>
    <result resultType='SUCCESS' startTime='1489655762913' endTime='1489655762916'><ijLogEol/>
      <failureType>error</failureType><ijLogEol/>
    </result><ijLogEol/>
  </test><ijLogEol/>
</event></ijLog>

<ijLog><event type='beforeSuite'><ijLogEol/>
  <test id='1.5' parentId='1.1'><ijLogEol/>
    <descriptor name='test3' className='test3' /><ijLogEol/>
  </test><ijLogEol/>
</event></ijLog>

<ijLog><event type='afterSuite'><ijLogEol/>
  <test id='1.5' parentId='1.1'><ijLogEol/>
    <descriptor name='test3' className='test3' /><ijLogEol/>
    <result resultType='SUCCESS' startTime='1489655762917' endTime='1489655762923'><ijLogEol/>
      <failureType>error</failureType><ijLogEol/>
    </result><ijLogEol/>
  </test><ijLogEol/>
</event></ijLog>

<ijLog><event type='beforeSuite'><ijLogEol/>
  <test id='1.6' parentId='1.1'><ijLogEol/>
    <descriptor name='test4' className='test4' /><ijLogEol/>
  </test><ijLogEol/>
</event></ijLog>

<ijLog><event type='afterSuite'><ijLogEol/>
  <test id='1.6' parentId='1.1'><ijLogEol/>
    <descriptor name='test4' className='test4' /><ijLogEol/>
    <result resultType='SUCCESS' startTime='1489655762923' endTime='1489655762924'><ijLogEol/>
      <failureType>error</failureType><ijLogEol/>
    </result><ijLogEol/>
  </test><ijLogEol/>
</event></ijLog>

<ijLog><event type='afterSuite'><ijLogEol/>
  <test id='1.1' parentId=':test'><ijLogEol/>
    <descriptor name='Gradle Test Executor 1' className='' /><ijLogEol/>
    <result resultType='SUCCESS' startTime='1489655762789' endTime='1489655762925'><ijLogEol/>
      <failureType>error</failureType><ijLogEol/>
    </result><ijLogEol/>
  </test><ijLogEol/>
</event></ijLog>

<ijLog><event type='afterSuite'><ijLogEol/>
  <test id=':test' parentId=''><ijLogEol/>
    <descriptor name='Gradle Test Run :test' className='' /><ijLogEol/>
    <result resultType='SUCCESS' startTime='1489655762164' endTime='1489655763037'><ijLogEol/>
      <failureType>error</failureType><ijLogEol/>
    </result><ijLogEol/>
  </test><ijLogEol/>
</event></ijLog>

BUILD SUCCESSFUL

Total time: 11.575 secs
05:16:08.412 [DEBUG] [org.gradle.cache.internal.btree.BTreePersistentIndexedCache] Closing cache taskArtifacts.bin (/Users/kimberly_93pc/Documents/Sring2017/SWE443/SA-Assignment-5/MancalaHw5/.gradle/3.1/taskArtifacts/taskArtifacts.bin)
05:16:08.413 [DEBUG] [org.gradle.cache.internal.btree.BTreePersistentIndexedCache] Closing cache fileHashes.bin (/Users/kimberly_93pc/Documents/Sring2017/SWE443/SA-Assignment-5/MancalaHw5/.gradle/3.1/taskArtifacts/fileHashes.bin)
05:16:08.413 [DEBUG] [org.gradle.cache.internal.btree.BTreePersistentIndexedCache] Closing cache fileSnapshots.bin (/Users/kimberly_93pc/Documents/Sring2017/SWE443/SA-Assignment-5/MancalaHw5/.gradle/3.1/taskArtifacts/fileSnapshots.bin)
05:16:08.413 [DEBUG] [org.gradle.cache.internal.DefaultFileLockManager] Releasing lock on task history cache (/Users/kimberly_93pc/Documents/Sring2017/SWE443/SA-Assignment-5/MancalaHw5/.gradle/3.1/taskArtifacts).
05:16:08.415 [DEBUG] [org.gradle.cache.internal.btree.BTreePersistentIndexedCache] Closing cache module-metadata.bin (/Users/kimberly_93pc/Documents/Sring2017/SWE443/SAStudyRightByHand-master/caches/modules-2/metadata-2.21/module-metadata.bin)
05:16:08.451 [DEBUG] [org.gradle.cache.internal.btree.BTreePersistentIndexedCache] Closing cache artifact-at-repository.bin (/Users/kimberly_93pc/Documents/Sring2017/SWE443/SAStudyRightByHand-master/caches/modules-2/metadata-2.21/artifact-at-repository.bin)
05:16:08.451 [DEBUG] [org.gradle.cache.internal.btree.BTreePersistentIndexedCache] Closing cache module-versions.bin (/Users/kimberly_93pc/Documents/Sring2017/SWE443/SAStudyRightByHand-master/caches/modules-2/metadata-2.21/module-versions.bin)
05:16:08.452 [DEBUG] [org.gradle.cache.internal.DefaultFileLockManager] Releasing lock on artifact cache (/Users/kimberly_93pc/Documents/Sring2017/SWE443/SAStudyRightByHand-master/caches/modules-2).
05:16:08.453 [DEBUG] [org.gradle.api.internal.artifacts.ivyservice.resolveengine.store.CachedStoreFactory] Resolution result cache closed. Cache reads: 0, disk reads: 0 (avg: 0.0 secs, total: 0.0 secs)
05:16:08.453 [DEBUG] [org.gradle.api.internal.artifacts.ivyservice.resolveengine.store.CachedStoreFactory] Resolution result cache closed. Cache reads: 0, disk reads: 0 (avg: 0.0 secs, total: 0.0 secs)
05:16:08.454 [DEBUG] [org.gradle.api.internal.artifacts.ivyservice.resolveengine.store.ResolutionResultsStoreFactory] Deleted 2 resolution results binary files in 0.001 secs
05:16:08.454 [DEBUG] [org.gradle.cache.internal.DefaultCacheAccess] Cache Plugin Resolution Cache (/Users/kimberly_93pc/Documents/Sring2017/SWE443/SAStudyRightByHand-master/caches/3.1/plugin-resolution) was closed 0 times.
05:16:08.455 [DEBUG] [org.gradle.api.internal.tasks.compile.daemon.CompilerDaemonManager] Stopping 0 compiler daemon(s).
05:16:08.455 [INFO] [org.gradle.api.internal.tasks.compile.daemon.CompilerDaemonManager] Stopped 0 compiler daemon(s).
05:16:08.455 [DEBUG] [org.gradle.cache.internal.DefaultFileLockManager] Releasing lock on cache directory workerMain (/Users/kimberly_93pc/Documents/Sring2017/SWE443/SAStudyRightByHand-master/caches/3.1/workerMain).
05:16:08.456 [DEBUG] [org.gradle.cache.internal.DefaultCacheAccess] Cache Generated Gradle JARs cache (/Users/kimberly_93pc/Documents/Sring2017/SWE443/SAStudyRightByHand-master/caches/3.1/generated-gradle-jars) was closed 0 times.
05:16:08.456 [DEBUG] [org.gradle.cache.internal.DefaultCacheAccess] Cache jars (/Users/kimberly_93pc/Documents/Sring2017/SWE443/SAStudyRightByHand-master/caches/jars-1) was closed 0 times.
05:16:08.456 [DEBUG] [org.gradle.launcher.daemon.server.exec.ExecuteBuild] The daemon has finished executing the build.
05:16:08.629 [DEBUG] [org.gradle.launcher.daemon.server.DaemonStateCoordinator] Command execution: finished waiting for DaemonCommandExecution[command = Build{id=f66d49a0-81d1-4b96-b52d-0c32c6432b2e.1, currentDir=/Users/kimberly_93pc/Documents/Sring2017/SWE443/SA-Assignment-5/MancalaHw5}, connection = org.gradle.launcher.daemon.server.DefaultDaemonConnection@33e3d932]. Result org.gradle.launcher.daemon.server.DaemonStateCoordinator@27388373 with state Busy
05:16:08.630 [DEBUG] [org.gradle.launcher.daemon.server.DaemonStateCoordinator] Command execution: completed DaemonCommandExecution[command = Build{id=f66d49a0-81d1-4b96-b52d-0c32c6432b2e.1, currentDir=/Users/kimberly_93pc/Documents/Sring2017/SWE443/SA-Assignment-5/MancalaHw5}, connection = org.gradle.launcher.daemon.server.DefaultDaemonConnection@33e3d932]
05:16:08.631 [DEBUG] [org.gradle.launcher.daemon.server.DaemonStateCoordinator] updating lastActivityAt to 1489655768631
05:16:08.631 [INFO] [org.gradle.launcher.daemon.server.DaemonRegistryUpdater] Marking the daemon as idle, address: [c4da08d8-7e7e-4e93-86eb-f2e0d5fe49da port:60138, addresses:[/0:0:0:0:0:0:0:1, /127.0.0.1]]
05:16:08.631 [DEBUG] [org.gradle.launcher.daemon.registry.PersistentDaemonRegistry] Marking busy by address: [c4da08d8-7e7e-4e93-86eb-f2e0d5fe49da port:60138, addresses:[/0:0:0:0:0:0:0:1, /127.0.0.1]]
05:16:08.631 [DEBUG] [org.gradle.cache.internal.DefaultFileLockManager] Waiting to acquire exclusive lock on daemon addresses registry.
05:16:08.632 [DEBUG] [org.gradle.cache.internal.DefaultFileLockManager] Lock acquired.
05:16:08.632 [DEBUG] [org.gradle.cache.internal.DefaultFileLockManager] Releasing lock on daemon addresses registry.
05:16:08.632 [DEBUG] [org.gradle.launcher.daemon.server.DaemonStateCoordinator] daemon is running. Sleeping until state changes.
05:16:08.632 [DEBUG] [org.gradle.launcher.daemon.server.exec.ReturnResult] Daemon is dispatching the build result: Success[value=org.gradle.tooling.internal.provider.BuildActionResult@110a5d54]
05:16:08.633 [DEBUG] [org.gradle.launcher.daemon.server.SynchronizedDispatchConnection] thread 14: dispatching class org.gradle.launcher.daemon.protocol.Success
05:16:08.635 [DEBUG] [org.gradle.launcher.daemon.server.DefaultIncomingConnectionHandler] Finishing executing command: Build{id=f66d49a0-81d1-4b96-b52d-0c32c6432b2e.1, currentDir=/Users/kimberly_93pc/Documents/Sring2017/SWE443/SA-Assignment-5/MancalaHw5}
05:16:08.640 [DEBUG] [org.gradle.launcher.daemon.server.SynchronizedDispatchConnection] thread 15: received class org.gradle.launcher.daemon.protocol.Finished
05:16:08.641 [DEBUG] [org.gradle.launcher.daemon.server.DefaultDaemonConnection] thread 15: Received non-IO message from client: org.gradle.launcher.daemon.protocol.Finished@60a13931
05:16:08.641 [DEBUG] [org.gradle.internal.remote.internal.inet.SocketConnection] Discarding EOFException: java.io.EOFException
05:16:08.641 [DEBUG] [org.gradle.launcher.daemon.server.SynchronizedDispatchConnection] thread 15: received null
05:16:08.642 [DEBUG] [org.gradle.launcher.daemon.server.DefaultDaemonConnection] thread 15: Received end-of-input from client.
05:16:08.641 [DEBUG] [org.gradle.launcher.daemon.server.DefaultIncomingConnectionHandler] Received finished message: org.gradle.launcher.daemon.protocol.Finished@60a13931
05:16:08.642 [DEBUG] [org.gradle.launcher.daemon.server.SynchronizedDispatchConnection] thread 14: stopping connection
05:16:08.643 [DEBUG] [org.gradle.launcher.daemon.server.SynchronizedDispatchConnection] thread 14: stopping connection
05:16:17.732 [DEBUG] [org.gradle.launcher.daemon.server.Daemon] DaemonExpirationPeriodicCheck running
05:16:17.734 [DEBUG] [org.gradle.cache.internal.DefaultFileLockManager] Waiting to acquire shared lock on daemon addresses registry.
05:16:17.735 [DEBUG] [org.gradle.cache.internal.DefaultFileLockManager] Lock acquired.
05:16:17.735 [DEBUG] [org.gradle.cache.internal.DefaultFileLockManager] Releasing lock on daemon addresses registry.
05:16:17.736 [DEBUG] [org.gradle.cache.internal.DefaultFileLockManager] Waiting to acquire shared lock on daemon addresses registry.
05:16:17.736 [DEBUG] [org.gradle.cache.internal.DefaultFileLockManager] Lock acquired.
05:16:17.737 [DEBUG] [org.gradle.cache.internal.DefaultFileLockManager] Releasing lock on daemon addresses registry.
05:16:27.736 [DEBUG] [org.gradle.launcher.daemon.server.Daemon] DaemonExpirationPeriodicCheck running
05:16:27.737 [DEBUG] [org.gradle.cache.internal.DefaultFileLockManager] Waiting to acquire shared lock on daemon addresses registry.
05:16:27.737 [DEBUG] [org.gradle.cache.internal.DefaultFileLockManager] Lock acquired.
05:16:27.738 [DEBUG] [org.gradle.cache.internal.DefaultFileLockManager] Releasing lock on daemon addresses registry.
05:16:27.738 [INFO] [org.gradle.launcher.daemon.server.DaemonIdleTimeoutExpirationStrategy] Idle timeout: daemon has been idle for 19107 milliseconds. Expiring.
05:16:27.739 [DEBUG] [org.gradle.cache.internal.DefaultFileLockManager] Waiting to acquire shared lock on daemon addresses registry.
05:16:27.739 [DEBUG] [org.gradle.cache.internal.DefaultFileLockManager] Lock acquired.
05:16:27.739 [DEBUG] [org.gradle.cache.internal.DefaultFileLockManager] Releasing lock on daemon addresses registry.
05:16:27.740 [DEBUG] [org.gradle.cache.internal.DefaultFileLockManager] Waiting to acquire shared lock on daemon addresses registry.
05:16:27.740 [DEBUG] [org.gradle.cache.internal.DefaultFileLockManager] Lock acquired.
05:16:27.741 [DEBUG] [org.gradle.cache.internal.DefaultFileLockManager] Releasing lock on daemon addresses registry.
05:16:37.730 [DEBUG] [org.gradle.launcher.daemon.server.Daemon] DaemonExpirationPeriodicCheck running
05:16:37.731 [DEBUG] [org.gradle.cache.internal.DefaultFileLockManager] Waiting to acquire shared lock on daemon addresses registry.
05:16:37.731 [DEBUG] [org.gradle.cache.internal.DefaultFileLockManager] Lock acquired.
05:16:37.731 [DEBUG] [org.gradle.cache.internal.DefaultFileLockManager] Releasing lock on daemon addresses registry.
05:16:37.731 [INFO] [org.gradle.launcher.daemon.server.DaemonIdleTimeoutExpirationStrategy] Idle timeout: daemon has been idle for 29100 milliseconds. Expiring.
05:16:37.732 [DEBUG] [org.gradle.cache.internal.DefaultFileLockManager] Waiting to acquire shared lock on daemon addresses registry.
05:16:37.732 [DEBUG] [org.gradle.cache.internal.DefaultFileLockManager] Lock acquired.
05:16:37.732 [DEBUG] [org.gradle.cache.internal.DefaultFileLockManager] Releasing lock on daemon addresses registry.
05:16:37.733 [DEBUG] [org.gradle.cache.internal.DefaultFileLockManager] Waiting to acquire shared lock on daemon addresses registry.
05:16:37.733 [DEBUG] [org.gradle.cache.internal.DefaultFileLockManager] Lock acquired.
05:16:37.733 [DEBUG] [org.gradle.cache.internal.DefaultFileLockManager] Releasing lock on daemon addresses registry.
05:16:47.735 [DEBUG] [org.gradle.launcher.daemon.server.Daemon] DaemonExpirationPeriodicCheck running
05:16:47.736 [DEBUG] [org.gradle.cache.internal.DefaultFileLockManager] Waiting to acquire shared lock on daemon addresses registry.
05:16:47.738 [DEBUG] [org.gradle.cache.internal.DefaultFileLockManager] Lock acquired.
05:16:47.739 [DEBUG] [org.gradle.cache.internal.DefaultFileLockManager] Releasing lock on daemon addresses registry.
05:16:47.739 [INFO] [org.gradle.launcher.daemon.server.DaemonIdleTimeoutExpirationStrategy] Idle timeout: daemon has been idle for 39108 milliseconds. Expiring.
05:16:47.739 [DEBUG] [org.gradle.cache.internal.DefaultFileLockManager] Waiting to acquire shared lock on daemon addresses registry.
05:16:47.740 [DEBUG] [org.gradle.cache.internal.DefaultFileLockManager] Lock acquired.
05:16:47.740 [DEBUG] [org.gradle.cache.internal.DefaultFileLockManager] Releasing lock on daemon addresses registry.
05:16:47.740 [DEBUG] [org.gradle.cache.internal.DefaultFileLockManager] Waiting to acquire shared lock on daemon addresses registry.
05:16:47.740 [DEBUG] [org.gradle.cache.internal.DefaultFileLockManager] Lock acquired.
05:16:47.741 [DEBUG] [org.gradle.cache.internal.DefaultFileLockManager] Releasing lock on daemon addresses registry.
05:16:57.731 [DEBUG] [org.gradle.launcher.daemon.server.Daemon] DaemonExpirationPeriodicCheck running
05:16:57.732 [DEBUG] [org.gradle.cache.internal.DefaultFileLockManager] Waiting to acquire shared lock on daemon addresses registry.
05:16:57.732 [DEBUG] [org.gradle.cache.internal.DefaultFileLockManager] Lock acquired.
05:16:57.733 [DEBUG] [org.gradle.cache.internal.DefaultFileLockManager] Releasing lock on daemon addresses registry.
05:16:57.733 [INFO] [org.gradle.launcher.daemon.server.DaemonIdleTimeoutExpirationStrategy] Idle timeout: daemon has been idle for 49102 milliseconds. Expiring.
05:16:57.733 [DEBUG] [org.gradle.cache.internal.DefaultFileLockManager] Waiting to acquire shared lock on daemon addresses registry.
05:16:57.733 [DEBUG] [org.gradle.cache.internal.DefaultFileLockManager] Lock acquired.
05:16:57.734 [DEBUG] [org.gradle.cache.internal.DefaultFileLockManager] Releasing lock on daemon addresses registry.
05:16:57.734 [DEBUG] [org.gradle.cache.internal.DefaultFileLockManager] Waiting to acquire shared lock on daemon addresses registry.
05:16:57.734 [DEBUG] [org.gradle.cache.internal.DefaultFileLockManager] Lock acquired.
05:16:57.735 [DEBUG] [org.gradle.cache.internal.DefaultFileLockManager] Releasing lock on daemon addresses registry.
05:17:07.734 [DEBUG] [org.gradle.launcher.daemon.server.Daemon] DaemonExpirationPeriodicCheck running
05:17:07.735 [DEBUG] [org.gradle.cache.internal.DefaultFileLockManager] Waiting to acquire shared lock on daemon addresses registry.
05:17:07.736 [DEBUG] [org.gradle.cache.internal.DefaultFileLockManager] Lock acquired.
05:17:07.736 [DEBUG] [org.gradle.cache.internal.DefaultFileLockManager] Releasing lock on daemon addresses registry.
05:17:07.737 [INFO] [org.gradle.launcher.daemon.server.DaemonIdleTimeoutExpirationStrategy] Idle timeout: daemon has been idle for 59106 milliseconds. Expiring.
05:17:07.737 [DEBUG] [org.gradle.cache.internal.DefaultFileLockManager] Waiting to acquire shared lock on daemon addresses registry.
05:17:07.738 [DEBUG] [org.gradle.cache.internal.DefaultFileLockManager] Lock acquired.
05:17:07.738 [DEBUG] [org.gradle.cache.internal.DefaultFileLockManager] Releasing lock on daemon addresses registry.
05:17:07.738 [DEBUG] [org.gradle.cache.internal.DefaultFileLockManager] Waiting to acquire shared lock on daemon addresses registry.
05:17:07.739 [DEBUG] [org.gradle.cache.internal.DefaultFileLockManager] Lock acquired.
05:17:07.739 [DEBUG] [org.gradle.cache.internal.DefaultFileLockManager] Releasing lock on daemon addresses registry.
05:17:17.732 [DEBUG] [org.gradle.launcher.daemon.server.Daemon] DaemonExpirationPeriodicCheck running
05:17:17.733 [DEBUG] [org.gradle.cache.internal.DefaultFileLockManager] Waiting to acquire shared lock on daemon addresses registry.
05:17:17.734 [DEBUG] [org.gradle.cache.internal.DefaultFileLockManager] Lock acquired.
05:17:17.734 [DEBUG] [org.gradle.cache.internal.DefaultFileLockManager] Releasing lock on daemon addresses registry.
05:17:17.735 [INFO] [org.gradle.launcher.daemon.server.DaemonIdleTimeoutExpirationStrategy] Idle timeout: daemon has been idle for 69104 milliseconds. Expiring.
05:17:17.735 [INFO] [org.gradle.launcher.daemon.server.DaemonIdleTimeoutExpirationStrategy] Idle timeout: daemon has been idle for 69104 milliseconds. Expiring.
05:17:17.735 [DEBUG] [org.gradle.cache.internal.DefaultFileLockManager] Waiting to acquire shared lock on daemon addresses registry.
05:17:17.735 [DEBUG] [org.gradle.cache.internal.DefaultFileLockManager] Lock acquired.
05:17:17.736 [DEBUG] [org.gradle.cache.internal.DefaultFileLockManager] Releasing lock on daemon addresses registry.
05:17:17.737 [DEBUG] [org.gradle.cache.internal.DefaultFileLockManager] Waiting to acquire shared lock on daemon addresses registry.
05:17:17.737 [DEBUG] [org.gradle.cache.internal.DefaultFileLockManager] Lock acquired.
05:17:17.738 [DEBUG] [org.gradle.cache.internal.DefaultFileLockManager] Releasing lock on daemon addresses registry.
05:17:17.739 [LIFECYCLE] [org.gradle.launcher.daemon.server.DaemonStateCoordinator] Daemon will be stopped at the end of the build after being idle for 1 minutes
05:17:17.739 [DEBUG] [org.gradle.launcher.daemon.server.DaemonStateCoordinator] Marking daemon stopped due to after being idle for 1 minutes. The daemon is running a build: false
05:17:17.739 [DEBUG] [org.gradle.launcher.daemon.server.DaemonStateCoordinator] daemon has stopped.
05:17:17.739 [DEBUG] [org.gradle.launcher.daemon.server.Daemon] stop() called on daemon
05:17:17.740 [INFO] [org.gradle.launcher.daemon.server.Daemon] Stop requested. Daemon is removing its presence from the registry...
05:17:17.740 [DEBUG] [org.gradle.launcher.daemon.server.DaemonRegistryUpdater] Removing our presence to clients, eg. removing this address from the registry: [c4da08d8-7e7e-4e93-86eb-f2e0d5fe49da port:60138, addresses:[/0:0:0:0:0:0:0:1, /127.0.0.1]]
05:17:17.740 [DEBUG] [org.gradle.launcher.daemon.registry.PersistentDaemonRegistry] Removing daemon address: [c4da08d8-7e7e-4e93-86eb-f2e0d5fe49da port:60138, addresses:[/0:0:0:0:0:0:0:1, /127.0.0.1]]
05:17:17.741 [DEBUG] [org.gradle.cache.internal.DefaultFileLockManager] Waiting to acquire exclusive lock on daemon addresses registry.
05:17:17.742 [DEBUG] [org.gradle.cache.internal.DefaultFileLockManager] Lock acquired.
05:17:17.743 [DEBUG] [org.gradle.cache.internal.DefaultFileLockManager] Releasing lock on daemon addresses registry.
05:17:17.743 [DEBUG] [org.gradle.launcher.daemon.server.DaemonRegistryUpdater] Address removed from registry.
Daemon vm is shutting down... The daemon has exited normally or was terminated in response to a user interrupt.
05:17:17.745 [DEBUG] [org.gradle.launcher.daemon.registry.PersistentDaemonRegistry] Removing daemon address: [c4da08d8-7e7e-4e93-86eb-f2e0d5fe49da port:60138, addresses:[/0:0:0:0:0:0:0:1, /127.0.0.1]]
05:17:17.746 [DEBUG] [org.gradle.cache.internal.DefaultFileLockManager] Waiting to acquire exclusive lock on daemon addresses registry.
05:17:17.746 [DEBUG] [org.gradle.cache.internal.DefaultFileLockManager] Lock acquired.
05:17:17.746 [DEBUG] [org.gradle.cache.internal.DefaultFileLockManager] Releasing lock on daemon addresses registry.
