13:19:54.619 [DEBUG] [org.gradle.launcher.daemon.bootstrap.DaemonMain] Assuming the daemon was started with following jvm opts: [-XX:MaxPermSize=256m, -XX:+HeapDumpOnOutOfMemoryError, -Xmx1024m, -Dfile.encoding=UTF-8, -Duser.country=US, -Duser.language=en, -Duser.variant]
13:19:54.699 [INFO] [org.gradle.launcher.daemon.server.Daemon] start() called on daemon - DefaultDaemonContext[uid=c5a0ca46-ebaf-4e4a-930b-987ae88673cb,javaHome=/Library/Java/JavaVirtualMachines/jdk1.8.0_121.jdk/Contents/Home,daemonRegistryDir=/Users/kimberly_93pc/Documents/Sring2017/SWE443/SAStudyRightByHand-master/daemon,pid=17331,idleTimeout=60000,daemonOpts=-XX:MaxPermSize=256m,-XX:+HeapDumpOnOutOfMemoryError,-Xmx1024m,-Dfile.encoding=UTF-8,-Duser.country=US,-Duser.language=en,-Duser.variant]
13:19:54.705 [DEBUG] [org.gradle.launcher.daemon.server.DaemonStateCoordinator] updating lastActivityAt to 1489771194705
13:19:54.726 [DEBUG] [org.gradle.internal.remote.internal.inet.InetAddresses] Adding IP addresses for network interface utun0
13:19:54.726 [DEBUG] [org.gradle.internal.remote.internal.inet.InetAddresses] Is this a loopback interface? false
13:19:54.726 [DEBUG] [org.gradle.internal.remote.internal.inet.InetAddresses] Is this a multicast interface? true
13:19:54.727 [DEBUG] [org.gradle.internal.remote.internal.inet.InetAddresses] Adding remote address /fe80:0:0:0:2fb5:ab8d:376:59d0%utun0
13:19:54.728 [DEBUG] [org.gradle.internal.remote.internal.inet.InetAddresses] Adding remote multicast interface utun0
13:19:54.728 [DEBUG] [org.gradle.internal.remote.internal.inet.InetAddresses] Adding IP addresses for network interface en1
13:19:54.728 [DEBUG] [org.gradle.internal.remote.internal.inet.InetAddresses] Is this a loopback interface? false
13:19:54.728 [DEBUG] [org.gradle.internal.remote.internal.inet.InetAddresses] Is this a multicast interface? true
13:19:54.729 [DEBUG] [org.gradle.internal.remote.internal.inet.InetAddresses] Adding remote address /2601:5cc:c702:1187:5d26:abf3:815e:5de5
13:19:54.729 [DEBUG] [org.gradle.internal.remote.internal.inet.InetAddresses] Adding remote address /2601:5cc:c702:1187:1c49:13b2:fb5d:6934
13:19:54.729 [DEBUG] [org.gradle.internal.remote.internal.inet.InetAddresses] Adding remote address /fd1c:67a8:c32b:0:c147:a775:31e6:511e
13:19:54.730 [DEBUG] [org.gradle.internal.remote.internal.inet.InetAddresses] Adding remote address /fd1c:67a8:c32b:0:10b1:914d:79a7:eda0
13:19:54.730 [DEBUG] [org.gradle.internal.remote.internal.inet.InetAddresses] Adding remote address /fe80:0:0:0:47a:5fec:4e35:b147%en1
13:19:54.731 [DEBUG] [org.gradle.internal.remote.internal.inet.InetAddresses] Adding remote address /192.168.1.114
13:19:54.731 [DEBUG] [org.gradle.internal.remote.internal.inet.InetAddresses] Adding remote multicast interface en1
13:19:54.731 [DEBUG] [org.gradle.internal.remote.internal.inet.InetAddresses] Adding IP addresses for network interface lo0
13:19:54.731 [DEBUG] [org.gradle.internal.remote.internal.inet.InetAddresses] Is this a loopback interface? true
13:19:54.732 [DEBUG] [org.gradle.internal.remote.internal.inet.InetAddresses] Is this a multicast interface? true
13:19:54.732 [DEBUG] [org.gradle.internal.remote.internal.inet.InetAddresses] Ignoring remote address on loopback interface /fe80:0:0:0:0:0:0:1%lo0
13:19:54.732 [DEBUG] [org.gradle.internal.remote.internal.inet.InetAddresses] Adding loopback address /0:0:0:0:0:0:0:1
13:19:54.733 [DEBUG] [org.gradle.internal.remote.internal.inet.InetAddresses] Adding loopback address /127.0.0.1
13:19:54.733 [DEBUG] [org.gradle.internal.remote.internal.inet.InetAddresses] Adding loopback multicast interface lo0
13:19:54.737 [DEBUG] [org.gradle.internal.remote.internal.inet.TcpIncomingConnector] Listening on [e7d003c9-c0b6-4784-beeb-e912f3cb68f4 port:64822, addresses:[/0:0:0:0:0:0:0:1, /127.0.0.1]].
13:19:54.739 [DEBUG] [org.gradle.launcher.daemon.server.Daemon] Daemon starting at: Fri Mar 17 13:19:54 EDT 2017, with address: [e7d003c9-c0b6-4784-beeb-e912f3cb68f4 port:64822, addresses:[/0:0:0:0:0:0:0:1, /127.0.0.1]]
13:19:54.739 [INFO] [org.gradle.launcher.daemon.server.DaemonRegistryUpdater] Advertising the daemon address to the clients: [e7d003c9-c0b6-4784-beeb-e912f3cb68f4 port:64822, addresses:[/0:0:0:0:0:0:0:1, /127.0.0.1]]
13:19:54.740 [DEBUG] [org.gradle.launcher.daemon.server.DaemonRegistryUpdater] Advertised daemon context: DefaultDaemonContext[uid=c5a0ca46-ebaf-4e4a-930b-987ae88673cb,javaHome=/Library/Java/JavaVirtualMachines/jdk1.8.0_121.jdk/Contents/Home,daemonRegistryDir=/Users/kimberly_93pc/Documents/Sring2017/SWE443/SAStudyRightByHand-master/daemon,pid=17331,idleTimeout=60000,daemonOpts=-XX:MaxPermSize=256m,-XX:+HeapDumpOnOutOfMemoryError,-Xmx1024m,-Dfile.encoding=UTF-8,-Duser.country=US,-Duser.language=en,-Duser.variant]
13:19:54.741 [DEBUG] [org.gradle.launcher.daemon.registry.PersistentDaemonRegistry] Storing daemon address: [e7d003c9-c0b6-4784-beeb-e912f3cb68f4 port:64822, addresses:[/0:0:0:0:0:0:0:1, /127.0.0.1]], context: DefaultDaemonContext[uid=c5a0ca46-ebaf-4e4a-930b-987ae88673cb,javaHome=/Library/Java/JavaVirtualMachines/jdk1.8.0_121.jdk/Contents/Home,daemonRegistryDir=/Users/kimberly_93pc/Documents/Sring2017/SWE443/SAStudyRightByHand-master/daemon,pid=17331,idleTimeout=60000,daemonOpts=-XX:MaxPermSize=256m,-XX:+HeapDumpOnOutOfMemoryError,-Xmx1024m,-Dfile.encoding=UTF-8,-Duser.country=US,-Duser.language=en,-Duser.variant]
13:19:54.749 [DEBUG] [org.gradle.cache.internal.DefaultFileLockManager] Waiting to acquire exclusive lock on daemon addresses registry.
13:19:54.750 [DEBUG] [org.gradle.cache.internal.DefaultFileLockManager] Lock acquired.
13:19:54.819 [DEBUG] [org.gradle.cache.internal.DefaultFileLockManager] Releasing lock on daemon addresses registry.
13:19:54.820 [LIFECYCLE] [org.gradle.launcher.daemon.server.Daemon] Daemon server started.
13:19:54.822 [DEBUG] [org.gradle.launcher.daemon.bootstrap.DaemonStartupCommunication] Completed writing the daemon greeting. Closing streams...
13:19:54.827 [DEBUG] [org.gradle.internal.remote.internal.inet.TcpIncomingConnector] Accepted connection from /127.0.0.1:64823 to /127.0.0.1:64822.
13:19:54.904 [DEBUG] [org.gradle.launcher.daemon.server.SynchronizedDispatchConnection] thread 15: received class org.gradle.launcher.daemon.protocol.Build
13:19:54.904 [DEBUG] [org.gradle.launcher.daemon.server.DefaultDaemonConnection] thread 15: Received non-IO message from client: Build{id=6dc9c834-c653-4f22-a132-8f8c2c48d026.1, currentDir=/Users/kimberly_93pc/Documents/Sring2017/SWE443/SA-Assignment-5/MancalaHw5}
13:19:54.905 [INFO] [org.gradle.launcher.daemon.server.DefaultIncomingConnectionHandler] Received command: Build{id=6dc9c834-c653-4f22-a132-8f8c2c48d026.1, currentDir=/Users/kimberly_93pc/Documents/Sring2017/SWE443/SA-Assignment-5/MancalaHw5}.
13:19:54.905 [DEBUG] [org.gradle.launcher.daemon.server.DefaultIncomingConnectionHandler] Starting executing command: Build{id=6dc9c834-c653-4f22-a132-8f8c2c48d026.1, currentDir=/Users/kimberly_93pc/Documents/Sring2017/SWE443/SA-Assignment-5/MancalaHw5} with connection: socket connection from /127.0.0.1:64822 to /127.0.0.1:64823.
13:19:54.908 [ERROR] [org.gradle.launcher.daemon.server.DaemonStateCoordinator] Command execution: started DaemonCommandExecution[command = Build{id=6dc9c834-c653-4f22-a132-8f8c2c48d026.1, currentDir=/Users/kimberly_93pc/Documents/Sring2017/SWE443/SA-Assignment-5/MancalaHw5}, connection = org.gradle.launcher.daemon.server.DefaultDaemonConnection@61d899a1] after 0.0 minutes of idle
13:19:54.909 [INFO] [org.gradle.launcher.daemon.server.DaemonRegistryUpdater] Marking the daemon as busy, address: [e7d003c9-c0b6-4784-beeb-e912f3cb68f4 port:64822, addresses:[/0:0:0:0:0:0:0:1, /127.0.0.1]]
13:19:54.909 [DEBUG] [org.gradle.launcher.daemon.registry.PersistentDaemonRegistry] Marking busy by address: [e7d003c9-c0b6-4784-beeb-e912f3cb68f4 port:64822, addresses:[/0:0:0:0:0:0:0:1, /127.0.0.1]]
13:19:54.910 [DEBUG] [org.gradle.cache.internal.DefaultFileLockManager] Waiting to acquire exclusive lock on daemon addresses registry.
13:19:54.911 [DEBUG] [org.gradle.cache.internal.DefaultFileLockManager] Lock acquired.
13:19:54.913 [DEBUG] [org.gradle.cache.internal.DefaultFileLockManager] Releasing lock on daemon addresses registry.
13:19:54.913 [DEBUG] [org.gradle.launcher.daemon.server.DaemonStateCoordinator] updating lastActivityAt to 1489771194913
13:19:54.914 [INFO] [org.gradle.launcher.daemon.server.exec.StartBuildOrRespondWithBusy] Daemon is about to start building Build{id=6dc9c834-c653-4f22-a132-8f8c2c48d026.1, currentDir=/Users/kimberly_93pc/Documents/Sring2017/SWE443/SA-Assignment-5/MancalaHw5}. Dispatching build started information...
13:19:54.915 [DEBUG] [org.gradle.launcher.daemon.server.SynchronizedDispatchConnection] thread 17: dispatching class org.gradle.launcher.daemon.protocol.BuildStarted
13:19:54.923 [DEBUG] [org.gradle.launcher.daemon.server.SynchronizedDispatchConnection] thread 15: received class org.gradle.launcher.daemon.protocol.CloseInput
13:19:54.924 [DEBUG] [org.gradle.launcher.daemon.server.DefaultDaemonConnection] thread 15: Received IO message from client: org.gradle.launcher.daemon.protocol.CloseInput@252f6d29
13:19:54.926 [DEBUG] [org.gradle.launcher.daemon.server.exec.EstablishBuildEnvironment] Configuring env variables: {PATH=/usr/bin:/bin:/usr/sbin:/sbin, SSH_AUTH_SOCK=/private/tmp/com.apple.launchd.YyvvxuojOG/Listeners, XPC_FLAGS=0x0, SHELL=/bin/bash, __CF_USER_TEXT_ENCODING=0x1F5:0x0:0x0, Apple_PubSub_Socket_Render=/private/tmp/com.apple.launchd.fh0BpRfXJf/Render, LOGNAME=kimberly_93pc, USER=kimberly_93pc, XPC_SERVICE_NAME=com.jetbrains.intellij.ce.3188, HOME=/Users/kimberly_93pc, TMPDIR=/var/folders/pn/p8n6fhmj4z1d3dxy54h5yklm0000gn/T/}
13:19:54.939 [DEBUG] [org.gradle.launcher.daemon.server.exec.LogToClient] About to start relaying all logs to the client via the connection.
13:19:54.940 [INFO] [org.gradle.launcher.daemon.server.exec.LogToClient] The client will now receive all logging from the daemon (pid: 17331). The daemon log file: /Users/kimberly_93pc/Documents/Sring2017/SWE443/SAStudyRightByHand-master/daemon/3.1/daemon-17331.out.log
13:19:54.941 [INFO] [org.gradle.launcher.daemon.server.exec.LogAndCheckHealth] Starting build in new daemon [memory: 954.7 MB]
13:19:54.943 [INFO] [org.gradle.launcher.daemon.server.exec.ForwardClientInput] Closing daemon's stdin at end of input.
13:19:54.944 [INFO] [org.gradle.launcher.daemon.server.exec.ForwardClientInput] The daemon will no longer process any standard input.
13:19:54.948 [DEBUG] [org.gradle.launcher.daemon.server.exec.ExecuteBuild] The daemon has started executing the build.
13:19:54.949 [INFO] [org.gradle.launcher.daemon.server.exec.ExecuteBuild] Executing build with daemon context: DefaultDaemonContext[uid=c5a0ca46-ebaf-4e4a-930b-987ae88673cb,javaHome=/Library/Java/JavaVirtualMachines/jdk1.8.0_121.jdk/Contents/Home,daemonRegistryDir=/Users/kimberly_93pc/Documents/Sring2017/SWE443/SAStudyRightByHand-master/daemon,pid=17331,idleTimeout=60000,daemonOpts=-XX:MaxPermSize=256m,-XX:+HeapDumpOnOutOfMemoryError,-Xmx1024m,-Dfile.encoding=UTF-8,-Duser.country=US,-Duser.language=en,-Duser.variant]
13:19:54.955 [INFO] [org.gradle.process.internal.DefaultExecHandle] Starting process 'command '/usr/bin/vm_stat''. Working directory: /Users/kimberly_93pc/Documents/Sring2017/SWE443/SA-Assignment-5/MancalaHw5 Command: /usr/bin/vm_stat 
13:19:54.956 [DEBUG] [org.gradle.process.internal.DefaultExecHandle] Environment for process 'command '/usr/bin/vm_stat'': {PATH=/usr/bin:/bin:/usr/sbin:/sbin, SSH_AUTH_SOCK=/private/tmp/com.apple.launchd.YyvvxuojOG/Listeners, SHELL=/bin/bash, XPC_FLAGS=0x0, __CF_USER_TEXT_ENCODING=0x1F5:0x0:0x0, Apple_PubSub_Socket_Render=/private/tmp/com.apple.launchd.fh0BpRfXJf/Render, LOGNAME=kimberly_93pc, XPC_SERVICE_NAME=com.jetbrains.intellij.ce.3188, USER=kimberly_93pc, HOME=/Users/kimberly_93pc, TMPDIR=/var/folders/pn/p8n6fhmj4z1d3dxy54h5yklm0000gn/T/}
13:19:54.956 [DEBUG] [org.gradle.process.internal.DefaultExecHandle] Changing state to: STARTING
13:19:54.957 [DEBUG] [org.gradle.process.internal.DefaultExecHandle] Waiting until process started: command '/usr/bin/vm_stat'.
13:19:54.969 [DEBUG] [org.gradle.process.internal.DefaultExecHandle] Changing state to: STARTED
13:19:54.970 [DEBUG] [org.gradle.process.internal.ExecHandleRunner] waiting until streams are handled...
13:19:54.970 [INFO] [org.gradle.process.internal.DefaultExecHandle] Successfully started process 'command '/usr/bin/vm_stat''
13:19:54.971 [DEBUG] [org.gradle.process.internal.DefaultExecHandle] Changing state to: SUCCEEDED
13:19:54.971 [DEBUG] [org.gradle.process.internal.DefaultExecHandle] Process 'command '/usr/bin/vm_stat'' finished with exit value 0 (state: SUCCEEDED)
13:19:54.973 [DEBUG] [org.gradle.launcher.daemon.server.Daemon] stopOnExpiration() called on daemon
13:19:54.974 [DEBUG] [org.gradle.launcher.daemon.server.Daemon] awaitExpiration() called on daemon
13:19:54.974 [DEBUG] [org.gradle.launcher.daemon.server.DaemonStateCoordinator] daemon is running. Sleeping until state changes.
:cleanTest
:compileJava
:processResources UP-TO-DATE
:classes
:compileTestJava
:processTestResources UP-TO-DATE
:testClasses
:test

<ijLog><event type='reportLocation' testReport='/Users/kimberly_93pc/Documents/Sring2017/SWE443/SA-Assignment-5/MancalaHw5/build/reports/tests/test/index.html' /></ijLog>

<ijLog><event type='beforeSuite'><ijLogEol/>
  <test id=':test' parentId=''><ijLogEol/>
    <descriptor name='Gradle Test Run :test' className='' /><ijLogEol/>
  </test><ijLogEol/>
</event></ijLog>

<ijLog><event type='beforeSuite'><ijLogEol/>
  <test id='1.1' parentId=':test'><ijLogEol/>
    <descriptor name='Gradle Test Executor 1' className='' /><ijLogEol/>
  </test><ijLogEol/>
</event></ijLog>

<ijLog><event type='beforeSuite'><ijLogEol/>
  <test id='1.2' parentId='1.1'><ijLogEol/>
    <descriptor name='test1' className='test1' /><ijLogEol/>
  </test><ijLogEol/>
</event></ijLog>

<ijLog><event type='afterSuite'><ijLogEol/>
  <test id='1.2' parentId='1.1'><ijLogEol/>
    <descriptor name='test1' className='test1' /><ijLogEol/>
    <result resultType='SUCCESS' startTime='1489771200827' endTime='1489771200877'><ijLogEol/>
      <failureType>error</failureType><ijLogEol/>
    </result><ijLogEol/>
  </test><ijLogEol/>
</event></ijLog>

<ijLog><event type='beforeSuite'><ijLogEol/>
  <test id='1.3' parentId='1.1'><ijLogEol/>
    <descriptor name='test2' className='test2' /><ijLogEol/>
  </test><ijLogEol/>
</event></ijLog>

<ijLog><event type='afterSuite'><ijLogEol/>
  <test id='1.3' parentId='1.1'><ijLogEol/>
    <descriptor name='test2' className='test2' /><ijLogEol/>
    <result resultType='SUCCESS' startTime='1489771200878' endTime='1489771200879'><ijLogEol/>
      <failureType>error</failureType><ijLogEol/>
    </result><ijLogEol/>
  </test><ijLogEol/>
</event></ijLog>

<ijLog><event type='beforeSuite'><ijLogEol/>
  <test id='1.4' parentId='1.1'><ijLogEol/>
    <descriptor name='test3' className='test3' /><ijLogEol/>
  </test><ijLogEol/>
</event></ijLog>

<ijLog><event type='afterSuite'><ijLogEol/>
  <test id='1.4' parentId='1.1'><ijLogEol/>
    <descriptor name='test3' className='test3' /><ijLogEol/>
    <result resultType='SUCCESS' startTime='1489771200879' endTime='1489771200881'><ijLogEol/>
      <failureType>error</failureType><ijLogEol/>
    </result><ijLogEol/>
  </test><ijLogEol/>
</event></ijLog>

<ijLog><event type='beforeSuite'><ijLogEol/>
  <test id='1.5' parentId='1.1'><ijLogEol/>
    <descriptor name='test4' className='test4' /><ijLogEol/>
  </test><ijLogEol/>
</event></ijLog>

<ijLog><event type='beforeTest'><ijLogEol/>
  <test id='1.6' parentId='1.5'><ijLogEol/>
    <descriptor name='reDistributeCounterclockwise2' className='test4' /><ijLogEol/>
  </test><ijLogEol/>
</event></ijLog>

<ijLog><event type='afterTest'><ijLogEol/>
  <test id='1.6' parentId='1.5'><ijLogEol/>
    <descriptor name='reDistributeCounterclockwise2' className='test4' /><ijLogEol/>
    <result resultType='SUCCESS' startTime='1489771200888' endTime='1489771201111'><ijLogEol/>
      <failureType>error</failureType><ijLogEol/>
    </result><ijLogEol/>
  </test><ijLogEol/>
</event></ijLog>

<ijLog><event type='afterSuite'><ijLogEol/>
  <test id='1.5' parentId='1.1'><ijLogEol/>
    <descriptor name='test4' className='test4' /><ijLogEol/>
    <result resultType='SUCCESS' startTime='1489771200881' endTime='1489771201111'><ijLogEol/>
      <failureType>error</failureType><ijLogEol/>
    </result><ijLogEol/>
  </test><ijLogEol/>
</event></ijLog>

<ijLog><event type='afterSuite'><ijLogEol/>
  <test id='1.1' parentId=':test'><ijLogEol/>
    <descriptor name='Gradle Test Executor 1' className='' /><ijLogEol/>
    <result resultType='SUCCESS' startTime='1489771200821' endTime='1489771201111'><ijLogEol/>
      <failureType>error</failureType><ijLogEol/>
    </result><ijLogEol/>
  </test><ijLogEol/>
</event></ijLog>

<ijLog><event type='afterSuite'><ijLogEol/>
  <test id=':test' parentId=''><ijLogEol/>
    <descriptor name='Gradle Test Run :test' className='' /><ijLogEol/>
    <result resultType='SUCCESS' startTime='1489771200087' endTime='1489771201174'><ijLogEol/>
      <failureType>error</failureType><ijLogEol/>
    </result><ijLogEol/>
  </test><ijLogEol/>
</event></ijLog>

BUILD SUCCESSFUL

Total time: 12.417 secs
13:20:06.533 [DEBUG] [org.gradle.cache.internal.btree.BTreePersistentIndexedCache] Closing cache fileHashes.bin (/Users/kimberly_93pc/Documents/Sring2017/SWE443/SA-Assignment-5/MancalaHw5/.gradle/3.1/taskArtifacts/fileHashes.bin)
13:20:06.533 [DEBUG] [org.gradle.cache.internal.btree.BTreePersistentIndexedCache] Closing cache taskArtifacts.bin (/Users/kimberly_93pc/Documents/Sring2017/SWE443/SA-Assignment-5/MancalaHw5/.gradle/3.1/taskArtifacts/taskArtifacts.bin)
13:20:06.534 [DEBUG] [org.gradle.cache.internal.btree.BTreePersistentIndexedCache] Closing cache fileSnapshots.bin (/Users/kimberly_93pc/Documents/Sring2017/SWE443/SA-Assignment-5/MancalaHw5/.gradle/3.1/taskArtifacts/fileSnapshots.bin)
13:20:06.534 [DEBUG] [org.gradle.cache.internal.DefaultFileLockManager] Releasing lock on task history cache (/Users/kimberly_93pc/Documents/Sring2017/SWE443/SA-Assignment-5/MancalaHw5/.gradle/3.1/taskArtifacts).
13:20:06.536 [DEBUG] [org.gradle.cache.internal.btree.BTreePersistentIndexedCache] Closing cache module-versions.bin (/Users/kimberly_93pc/Documents/Sring2017/SWE443/SAStudyRightByHand-master/caches/modules-2/metadata-2.21/module-versions.bin)
13:20:06.536 [DEBUG] [org.gradle.cache.internal.btree.BTreePersistentIndexedCache] Closing cache artifact-at-repository.bin (/Users/kimberly_93pc/Documents/Sring2017/SWE443/SAStudyRightByHand-master/caches/modules-2/metadata-2.21/artifact-at-repository.bin)
13:20:06.536 [DEBUG] [org.gradle.cache.internal.btree.BTreePersistentIndexedCache] Closing cache module-metadata.bin (/Users/kimberly_93pc/Documents/Sring2017/SWE443/SAStudyRightByHand-master/caches/modules-2/metadata-2.21/module-metadata.bin)
13:20:06.536 [DEBUG] [org.gradle.cache.internal.DefaultFileLockManager] Releasing lock on artifact cache (/Users/kimberly_93pc/Documents/Sring2017/SWE443/SAStudyRightByHand-master/caches/modules-2).
13:20:06.538 [DEBUG] [org.gradle.api.internal.artifacts.ivyservice.resolveengine.store.CachedStoreFactory] Resolution result cache closed. Cache reads: 0, disk reads: 0 (avg: 0.0 secs, total: 0.0 secs)
13:20:06.538 [DEBUG] [org.gradle.api.internal.artifacts.ivyservice.resolveengine.store.CachedStoreFactory] Resolution result cache closed. Cache reads: 0, disk reads: 0 (avg: 0.0 secs, total: 0.0 secs)
13:20:06.538 [DEBUG] [org.gradle.api.internal.artifacts.ivyservice.resolveengine.store.ResolutionResultsStoreFactory] Deleted 2 resolution results binary files in 0.001 secs
13:20:06.538 [DEBUG] [org.gradle.cache.internal.DefaultCacheAccess] Cache Plugin Resolution Cache (/Users/kimberly_93pc/Documents/Sring2017/SWE443/SAStudyRightByHand-master/caches/3.1/plugin-resolution) was closed 0 times.
13:20:06.539 [DEBUG] [org.gradle.api.internal.tasks.compile.daemon.CompilerDaemonManager] Stopping 0 compiler daemon(s).
13:20:06.539 [INFO] [org.gradle.api.internal.tasks.compile.daemon.CompilerDaemonManager] Stopped 0 compiler daemon(s).
13:20:06.539 [DEBUG] [org.gradle.cache.internal.DefaultFileLockManager] Releasing lock on cache directory workerMain (/Users/kimberly_93pc/Documents/Sring2017/SWE443/SAStudyRightByHand-master/caches/3.1/workerMain).
13:20:06.540 [DEBUG] [org.gradle.cache.internal.DefaultCacheAccess] Cache Generated Gradle JARs cache (/Users/kimberly_93pc/Documents/Sring2017/SWE443/SAStudyRightByHand-master/caches/3.1/generated-gradle-jars) was closed 0 times.
13:20:06.541 [DEBUG] [org.gradle.cache.internal.DefaultCacheAccess] Cache jars (/Users/kimberly_93pc/Documents/Sring2017/SWE443/SAStudyRightByHand-master/caches/jars-1) was closed 0 times.
13:20:06.541 [DEBUG] [org.gradle.launcher.daemon.server.exec.ExecuteBuild] The daemon has finished executing the build.
13:20:06.734 [DEBUG] [org.gradle.launcher.daemon.server.DaemonStateCoordinator] Command execution: finished waiting for DaemonCommandExecution[command = Build{id=6dc9c834-c653-4f22-a132-8f8c2c48d026.1, currentDir=/Users/kimberly_93pc/Documents/Sring2017/SWE443/SA-Assignment-5/MancalaHw5}, connection = org.gradle.launcher.daemon.server.DefaultDaemonConnection@61d899a1]. Result org.gradle.launcher.daemon.server.DaemonStateCoordinator@7a1c8675 with state Busy
13:20:06.734 [DEBUG] [org.gradle.launcher.daemon.server.DaemonStateCoordinator] Command execution: completed DaemonCommandExecution[command = Build{id=6dc9c834-c653-4f22-a132-8f8c2c48d026.1, currentDir=/Users/kimberly_93pc/Documents/Sring2017/SWE443/SA-Assignment-5/MancalaHw5}, connection = org.gradle.launcher.daemon.server.DefaultDaemonConnection@61d899a1]
13:20:06.735 [DEBUG] [org.gradle.launcher.daemon.server.DaemonStateCoordinator] updating lastActivityAt to 1489771206735
13:20:06.735 [INFO] [org.gradle.launcher.daemon.server.DaemonRegistryUpdater] Marking the daemon as idle, address: [e7d003c9-c0b6-4784-beeb-e912f3cb68f4 port:64822, addresses:[/0:0:0:0:0:0:0:1, /127.0.0.1]]
13:20:06.735 [DEBUG] [org.gradle.launcher.daemon.registry.PersistentDaemonRegistry] Marking busy by address: [e7d003c9-c0b6-4784-beeb-e912f3cb68f4 port:64822, addresses:[/0:0:0:0:0:0:0:1, /127.0.0.1]]
13:20:06.735 [DEBUG] [org.gradle.cache.internal.DefaultFileLockManager] Waiting to acquire exclusive lock on daemon addresses registry.
13:20:06.736 [DEBUG] [org.gradle.cache.internal.DefaultFileLockManager] Lock acquired.
13:20:06.737 [DEBUG] [org.gradle.cache.internal.DefaultFileLockManager] Releasing lock on daemon addresses registry.
13:20:06.737 [DEBUG] [org.gradle.launcher.daemon.server.DaemonStateCoordinator] daemon is running. Sleeping until state changes.
13:20:06.737 [DEBUG] [org.gradle.launcher.daemon.server.exec.ReturnResult] Daemon is dispatching the build result: Success[value=org.gradle.tooling.internal.provider.BuildActionResult@58a2f879]
13:20:06.737 [DEBUG] [org.gradle.launcher.daemon.server.SynchronizedDispatchConnection] thread 14: dispatching class org.gradle.launcher.daemon.protocol.Success
13:20:06.743 [DEBUG] [org.gradle.launcher.daemon.server.DefaultIncomingConnectionHandler] Finishing executing command: Build{id=6dc9c834-c653-4f22-a132-8f8c2c48d026.1, currentDir=/Users/kimberly_93pc/Documents/Sring2017/SWE443/SA-Assignment-5/MancalaHw5}
13:20:06.750 [DEBUG] [org.gradle.launcher.daemon.server.SynchronizedDispatchConnection] thread 15: received class org.gradle.launcher.daemon.protocol.Finished
13:20:06.750 [DEBUG] [org.gradle.launcher.daemon.server.DefaultDaemonConnection] thread 15: Received non-IO message from client: org.gradle.launcher.daemon.protocol.Finished@2e830ddc
13:20:06.750 [DEBUG] [org.gradle.internal.remote.internal.inet.SocketConnection] Discarding EOFException: java.io.EOFException
13:20:06.751 [DEBUG] [org.gradle.launcher.daemon.server.SynchronizedDispatchConnection] thread 15: received null
13:20:06.751 [DEBUG] [org.gradle.launcher.daemon.server.DefaultDaemonConnection] thread 15: Received end-of-input from client.
13:20:06.751 [DEBUG] [org.gradle.launcher.daemon.server.DefaultIncomingConnectionHandler] Received finished message: null
13:20:06.753 [DEBUG] [org.gradle.launcher.daemon.server.SynchronizedDispatchConnection] thread 14: stopping connection
13:20:06.753 [DEBUG] [org.gradle.launcher.daemon.server.SynchronizedDispatchConnection] thread 14: stopping connection
13:20:14.978 [DEBUG] [org.gradle.launcher.daemon.server.Daemon] DaemonExpirationPeriodicCheck running
13:20:14.978 [DEBUG] [org.gradle.cache.internal.DefaultFileLockManager] Waiting to acquire shared lock on daemon addresses registry.
13:20:14.979 [DEBUG] [org.gradle.cache.internal.DefaultFileLockManager] Lock acquired.
13:20:14.979 [DEBUG] [org.gradle.cache.internal.DefaultFileLockManager] Releasing lock on daemon addresses registry.
13:20:14.980 [DEBUG] [org.gradle.cache.internal.DefaultFileLockManager] Waiting to acquire shared lock on daemon addresses registry.
13:20:14.980 [DEBUG] [org.gradle.cache.internal.DefaultFileLockManager] Lock acquired.
13:20:14.980 [DEBUG] [org.gradle.cache.internal.DefaultFileLockManager] Releasing lock on daemon addresses registry.
13:20:24.977 [DEBUG] [org.gradle.launcher.daemon.server.Daemon] DaemonExpirationPeriodicCheck running
13:20:24.979 [DEBUG] [org.gradle.cache.internal.DefaultFileLockManager] Waiting to acquire shared lock on daemon addresses registry.
13:20:24.979 [DEBUG] [org.gradle.cache.internal.DefaultFileLockManager] Lock acquired.
13:20:24.979 [DEBUG] [org.gradle.cache.internal.DefaultFileLockManager] Releasing lock on daemon addresses registry.
13:20:24.980 [INFO] [org.gradle.launcher.daemon.server.DaemonIdleTimeoutExpirationStrategy] Idle timeout: daemon has been idle for 18245 milliseconds. Expiring.
13:20:24.981 [DEBUG] [org.gradle.cache.internal.DefaultFileLockManager] Waiting to acquire shared lock on daemon addresses registry.
13:20:24.981 [DEBUG] [org.gradle.cache.internal.DefaultFileLockManager] Lock acquired.
13:20:24.981 [DEBUG] [org.gradle.cache.internal.DefaultFileLockManager] Releasing lock on daemon addresses registry.
13:20:24.982 [DEBUG] [org.gradle.cache.internal.DefaultFileLockManager] Waiting to acquire shared lock on daemon addresses registry.
13:20:24.982 [DEBUG] [org.gradle.cache.internal.DefaultFileLockManager] Lock acquired.
13:20:24.983 [DEBUG] [org.gradle.cache.internal.DefaultFileLockManager] Releasing lock on daemon addresses registry.
13:20:34.974 [DEBUG] [org.gradle.launcher.daemon.server.Daemon] DaemonExpirationPeriodicCheck running
13:20:34.975 [DEBUG] [org.gradle.cache.internal.DefaultFileLockManager] Waiting to acquire shared lock on daemon addresses registry.
13:20:34.975 [DEBUG] [org.gradle.cache.internal.DefaultFileLockManager] Lock acquired.
13:20:34.976 [DEBUG] [org.gradle.cache.internal.DefaultFileLockManager] Releasing lock on daemon addresses registry.
13:20:34.976 [INFO] [org.gradle.launcher.daemon.server.DaemonIdleTimeoutExpirationStrategy] Idle timeout: daemon has been idle for 28241 milliseconds. Expiring.
13:20:34.976 [DEBUG] [org.gradle.cache.internal.DefaultFileLockManager] Waiting to acquire shared lock on daemon addresses registry.
13:20:34.977 [DEBUG] [org.gradle.cache.internal.DefaultFileLockManager] Lock acquired.
13:20:34.977 [DEBUG] [org.gradle.cache.internal.DefaultFileLockManager] Releasing lock on daemon addresses registry.
13:20:34.977 [DEBUG] [org.gradle.cache.internal.DefaultFileLockManager] Waiting to acquire shared lock on daemon addresses registry.
13:20:34.978 [DEBUG] [org.gradle.cache.internal.DefaultFileLockManager] Lock acquired.
13:20:34.978 [DEBUG] [org.gradle.cache.internal.DefaultFileLockManager] Releasing lock on daemon addresses registry.
13:20:44.978 [DEBUG] [org.gradle.launcher.daemon.server.Daemon] DaemonExpirationPeriodicCheck running
13:20:44.980 [DEBUG] [org.gradle.cache.internal.DefaultFileLockManager] Waiting to acquire shared lock on daemon addresses registry.
13:20:44.980 [DEBUG] [org.gradle.cache.internal.DefaultFileLockManager] Lock acquired.
13:20:44.981 [DEBUG] [org.gradle.cache.internal.DefaultFileLockManager] Releasing lock on daemon addresses registry.
13:20:44.981 [INFO] [org.gradle.launcher.daemon.server.DaemonIdleTimeoutExpirationStrategy] Idle timeout: daemon has been idle for 38246 milliseconds. Expiring.
13:20:44.981 [DEBUG] [org.gradle.cache.internal.DefaultFileLockManager] Waiting to acquire shared lock on daemon addresses registry.
13:20:44.981 [DEBUG] [org.gradle.cache.internal.DefaultFileLockManager] Lock acquired.
13:20:44.982 [DEBUG] [org.gradle.cache.internal.DefaultFileLockManager] Releasing lock on daemon addresses registry.
13:20:44.982 [DEBUG] [org.gradle.cache.internal.DefaultFileLockManager] Waiting to acquire shared lock on daemon addresses registry.
13:20:44.982 [DEBUG] [org.gradle.cache.internal.DefaultFileLockManager] Lock acquired.
13:20:44.983 [DEBUG] [org.gradle.cache.internal.DefaultFileLockManager] Releasing lock on daemon addresses registry.
13:20:54.975 [DEBUG] [org.gradle.launcher.daemon.server.Daemon] DaemonExpirationPeriodicCheck running
13:20:54.976 [DEBUG] [org.gradle.cache.internal.DefaultFileLockManager] Waiting to acquire shared lock on daemon addresses registry.
13:20:54.976 [DEBUG] [org.gradle.cache.internal.DefaultFileLockManager] Lock acquired.
13:20:54.977 [DEBUG] [org.gradle.cache.internal.DefaultFileLockManager] Releasing lock on daemon addresses registry.
13:20:54.977 [INFO] [org.gradle.launcher.daemon.server.DaemonIdleTimeoutExpirationStrategy] Idle timeout: daemon has been idle for 48242 milliseconds. Expiring.
13:20:54.977 [DEBUG] [org.gradle.cache.internal.DefaultFileLockManager] Waiting to acquire shared lock on daemon addresses registry.
13:20:54.977 [DEBUG] [org.gradle.cache.internal.DefaultFileLockManager] Lock acquired.
13:20:54.978 [DEBUG] [org.gradle.cache.internal.DefaultFileLockManager] Releasing lock on daemon addresses registry.
13:20:54.978 [DEBUG] [org.gradle.cache.internal.DefaultFileLockManager] Waiting to acquire shared lock on daemon addresses registry.
13:20:54.978 [DEBUG] [org.gradle.cache.internal.DefaultFileLockManager] Lock acquired.
13:20:54.979 [DEBUG] [org.gradle.cache.internal.DefaultFileLockManager] Releasing lock on daemon addresses registry.
13:21:04.973 [DEBUG] [org.gradle.launcher.daemon.server.Daemon] DaemonExpirationPeriodicCheck running
13:21:04.974 [DEBUG] [org.gradle.cache.internal.DefaultFileLockManager] Waiting to acquire shared lock on daemon addresses registry.
13:21:04.975 [DEBUG] [org.gradle.cache.internal.DefaultFileLockManager] Lock acquired.
13:21:04.975 [DEBUG] [org.gradle.cache.internal.DefaultFileLockManager] Releasing lock on daemon addresses registry.
13:21:04.976 [INFO] [org.gradle.launcher.daemon.server.DaemonIdleTimeoutExpirationStrategy] Idle timeout: daemon has been idle for 58241 milliseconds. Expiring.
13:21:04.976 [DEBUG] [org.gradle.cache.internal.DefaultFileLockManager] Waiting to acquire shared lock on daemon addresses registry.
13:21:04.977 [DEBUG] [org.gradle.cache.internal.DefaultFileLockManager] Lock acquired.
13:21:04.978 [DEBUG] [org.gradle.cache.internal.DefaultFileLockManager] Releasing lock on daemon addresses registry.
13:21:04.978 [DEBUG] [org.gradle.cache.internal.DefaultFileLockManager] Waiting to acquire shared lock on daemon addresses registry.
13:21:04.978 [DEBUG] [org.gradle.cache.internal.DefaultFileLockManager] Lock acquired.
13:21:04.979 [DEBUG] [org.gradle.cache.internal.DefaultFileLockManager] Releasing lock on daemon addresses registry.
13:21:14.977 [DEBUG] [org.gradle.launcher.daemon.server.Daemon] DaemonExpirationPeriodicCheck running
13:21:14.978 [DEBUG] [org.gradle.cache.internal.DefaultFileLockManager] Waiting to acquire shared lock on daemon addresses registry.
13:21:14.979 [DEBUG] [org.gradle.cache.internal.DefaultFileLockManager] Lock acquired.
13:21:14.979 [DEBUG] [org.gradle.cache.internal.DefaultFileLockManager] Releasing lock on daemon addresses registry.
13:21:14.980 [INFO] [org.gradle.launcher.daemon.server.DaemonIdleTimeoutExpirationStrategy] Idle timeout: daemon has been idle for 68244 milliseconds. Expiring.
13:21:14.980 [INFO] [org.gradle.launcher.daemon.server.DaemonIdleTimeoutExpirationStrategy] Idle timeout: daemon has been idle for 68245 milliseconds. Expiring.
13:21:14.980 [DEBUG] [org.gradle.cache.internal.DefaultFileLockManager] Waiting to acquire shared lock on daemon addresses registry.
13:21:14.980 [DEBUG] [org.gradle.cache.internal.DefaultFileLockManager] Lock acquired.
13:21:14.981 [DEBUG] [org.gradle.cache.internal.DefaultFileLockManager] Releasing lock on daemon addresses registry.
13:21:14.981 [DEBUG] [org.gradle.cache.internal.DefaultFileLockManager] Waiting to acquire shared lock on daemon addresses registry.
13:21:14.981 [DEBUG] [org.gradle.cache.internal.DefaultFileLockManager] Lock acquired.
13:21:14.981 [DEBUG] [org.gradle.cache.internal.DefaultFileLockManager] Releasing lock on daemon addresses registry.
13:21:14.982 [LIFECYCLE] [org.gradle.launcher.daemon.server.DaemonStateCoordinator] Daemon will be stopped at the end of the build after being idle for 1 minutes
13:21:14.982 [DEBUG] [org.gradle.launcher.daemon.server.DaemonStateCoordinator] Marking daemon stopped due to after being idle for 1 minutes. The daemon is running a build: false
13:21:14.983 [DEBUG] [org.gradle.launcher.daemon.server.DaemonStateCoordinator] daemon has stopped.
13:21:14.983 [DEBUG] [org.gradle.launcher.daemon.server.Daemon] stop() called on daemon
13:21:14.983 [INFO] [org.gradle.launcher.daemon.server.Daemon] Stop requested. Daemon is removing its presence from the registry...
13:21:14.983 [DEBUG] [org.gradle.launcher.daemon.server.DaemonRegistryUpdater] Removing our presence to clients, eg. removing this address from the registry: [e7d003c9-c0b6-4784-beeb-e912f3cb68f4 port:64822, addresses:[/0:0:0:0:0:0:0:1, /127.0.0.1]]
13:21:14.984 [DEBUG] [org.gradle.launcher.daemon.registry.PersistentDaemonRegistry] Removing daemon address: [e7d003c9-c0b6-4784-beeb-e912f3cb68f4 port:64822, addresses:[/0:0:0:0:0:0:0:1, /127.0.0.1]]
13:21:14.984 [DEBUG] [org.gradle.cache.internal.DefaultFileLockManager] Waiting to acquire exclusive lock on daemon addresses registry.
13:21:14.985 [DEBUG] [org.gradle.cache.internal.DefaultFileLockManager] Lock acquired.
13:21:14.985 [DEBUG] [org.gradle.cache.internal.DefaultFileLockManager] Releasing lock on daemon addresses registry.
13:21:14.986 [DEBUG] [org.gradle.launcher.daemon.server.DaemonRegistryUpdater] Address removed from registry.
Daemon vm is shutting down... The daemon has exited normally or was terminated in response to a user interrupt.
13:21:14.988 [DEBUG] [org.gradle.launcher.daemon.registry.PersistentDaemonRegistry] Removing daemon address: [e7d003c9-c0b6-4784-beeb-e912f3cb68f4 port:64822, addresses:[/0:0:0:0:0:0:0:1, /127.0.0.1]]
13:21:14.988 [DEBUG] [org.gradle.cache.internal.DefaultFileLockManager] Waiting to acquire exclusive lock on daemon addresses registry.
13:21:14.989 [DEBUG] [org.gradle.cache.internal.DefaultFileLockManager] Lock acquired.
13:21:14.989 [DEBUG] [org.gradle.cache.internal.DefaultFileLockManager] Releasing lock on daemon addresses registry.
