18:46:03.395 [DEBUG] [org.gradle.launcher.daemon.bootstrap.DaemonMain] Assuming the daemon was started with following jvm opts: [-XX:MaxPermSize=256m, -XX:+HeapDumpOnOutOfMemoryError, -Xmx1024m, -Dfile.encoding=UTF-8, -Duser.country=US, -Duser.language=en, -Duser.variant]
18:46:03.515 [INFO] [org.gradle.launcher.daemon.server.Daemon] start() called on daemon - DefaultDaemonContext[uid=d411cb72-8472-4254-9c09-8d0ca564482e,javaHome=/Library/Java/JavaVirtualMachines/jdk1.8.0_121.jdk/Contents/Home,daemonRegistryDir=/Users/kimberly_93pc/Documents/Sring2017/SWE443/SAStudyRightByHand-master/daemon,pid=4277,idleTimeout=60000,daemonOpts=-XX:MaxPermSize=256m,-XX:+HeapDumpOnOutOfMemoryError,-Xmx1024m,-Dfile.encoding=UTF-8,-Duser.country=US,-Duser.language=en,-Duser.variant]
18:46:03.521 [DEBUG] [org.gradle.launcher.daemon.server.DaemonStateCoordinator] updating lastActivityAt to 1488066363521
18:46:03.539 [DEBUG] [org.gradle.internal.remote.internal.inet.InetAddresses] Adding IP addresses for network interface utun0
18:46:03.539 [DEBUG] [org.gradle.internal.remote.internal.inet.InetAddresses] Is this a loopback interface? false
18:46:03.540 [DEBUG] [org.gradle.internal.remote.internal.inet.InetAddresses] Is this a multicast interface? true
18:46:03.540 [DEBUG] [org.gradle.internal.remote.internal.inet.InetAddresses] Adding remote address /fe80:0:0:0:27bd:1fb9:8b44:bd9%utun0
18:46:03.541 [DEBUG] [org.gradle.internal.remote.internal.inet.InetAddresses] Adding remote multicast interface utun0
18:46:03.542 [DEBUG] [org.gradle.internal.remote.internal.inet.InetAddresses] Adding IP addresses for network interface en1
18:46:03.542 [DEBUG] [org.gradle.internal.remote.internal.inet.InetAddresses] Is this a loopback interface? false
18:46:03.542 [DEBUG] [org.gradle.internal.remote.internal.inet.InetAddresses] Is this a multicast interface? true
18:46:03.542 [DEBUG] [org.gradle.internal.remote.internal.inet.InetAddresses] Adding remote address /2601:5cc:c780:50:3c8d:5fc7:4c35:8e15
18:46:03.543 [DEBUG] [org.gradle.internal.remote.internal.inet.InetAddresses] Adding remote address /2601:5cc:c780:50:c54:4938:7900:d22e
18:46:03.543 [DEBUG] [org.gradle.internal.remote.internal.inet.InetAddresses] Adding remote address /fd1c:67a8:c32b:0:8935:9971:f540:c4a4
18:46:03.543 [DEBUG] [org.gradle.internal.remote.internal.inet.InetAddresses] Adding remote address /fd1c:67a8:c32b:0:10b1:914d:79a7:eda0
18:46:03.543 [DEBUG] [org.gradle.internal.remote.internal.inet.InetAddresses] Adding remote address /fe80:0:0:0:10cf:810f:8ab0:31e8%en1
18:46:03.544 [DEBUG] [org.gradle.internal.remote.internal.inet.InetAddresses] Adding remote address /192.168.1.105
18:46:03.544 [DEBUG] [org.gradle.internal.remote.internal.inet.InetAddresses] Adding remote multicast interface en1
18:46:03.544 [DEBUG] [org.gradle.internal.remote.internal.inet.InetAddresses] Adding IP addresses for network interface lo0
18:46:03.544 [DEBUG] [org.gradle.internal.remote.internal.inet.InetAddresses] Is this a loopback interface? true
18:46:03.544 [DEBUG] [org.gradle.internal.remote.internal.inet.InetAddresses] Is this a multicast interface? true
18:46:03.545 [DEBUG] [org.gradle.internal.remote.internal.inet.InetAddresses] Ignoring remote address on loopback interface /fe80:0:0:0:0:0:0:1%lo0
18:46:03.545 [DEBUG] [org.gradle.internal.remote.internal.inet.InetAddresses] Adding loopback address /0:0:0:0:0:0:0:1
18:46:03.545 [DEBUG] [org.gradle.internal.remote.internal.inet.InetAddresses] Adding loopback address /127.0.0.1
18:46:03.545 [DEBUG] [org.gradle.internal.remote.internal.inet.InetAddresses] Adding loopback multicast interface lo0
18:46:03.549 [DEBUG] [org.gradle.internal.remote.internal.inet.TcpIncomingConnector] Listening on [5863ff31-86ad-4c67-bff6-99e79a7bad83 port:63628, addresses:[/0:0:0:0:0:0:0:1, /127.0.0.1]].
18:46:03.551 [DEBUG] [org.gradle.launcher.daemon.server.Daemon] Daemon starting at: Sat Feb 25 18:46:03 EST 2017, with address: [5863ff31-86ad-4c67-bff6-99e79a7bad83 port:63628, addresses:[/0:0:0:0:0:0:0:1, /127.0.0.1]]
18:46:03.551 [INFO] [org.gradle.launcher.daemon.server.DaemonRegistryUpdater] Advertising the daemon address to the clients: [5863ff31-86ad-4c67-bff6-99e79a7bad83 port:63628, addresses:[/0:0:0:0:0:0:0:1, /127.0.0.1]]
18:46:03.551 [DEBUG] [org.gradle.launcher.daemon.server.DaemonRegistryUpdater] Advertised daemon context: DefaultDaemonContext[uid=d411cb72-8472-4254-9c09-8d0ca564482e,javaHome=/Library/Java/JavaVirtualMachines/jdk1.8.0_121.jdk/Contents/Home,daemonRegistryDir=/Users/kimberly_93pc/Documents/Sring2017/SWE443/SAStudyRightByHand-master/daemon,pid=4277,idleTimeout=60000,daemonOpts=-XX:MaxPermSize=256m,-XX:+HeapDumpOnOutOfMemoryError,-Xmx1024m,-Dfile.encoding=UTF-8,-Duser.country=US,-Duser.language=en,-Duser.variant]
18:46:03.553 [DEBUG] [org.gradle.launcher.daemon.registry.PersistentDaemonRegistry] Storing daemon address: [5863ff31-86ad-4c67-bff6-99e79a7bad83 port:63628, addresses:[/0:0:0:0:0:0:0:1, /127.0.0.1]], context: DefaultDaemonContext[uid=d411cb72-8472-4254-9c09-8d0ca564482e,javaHome=/Library/Java/JavaVirtualMachines/jdk1.8.0_121.jdk/Contents/Home,daemonRegistryDir=/Users/kimberly_93pc/Documents/Sring2017/SWE443/SAStudyRightByHand-master/daemon,pid=4277,idleTimeout=60000,daemonOpts=-XX:MaxPermSize=256m,-XX:+HeapDumpOnOutOfMemoryError,-Xmx1024m,-Dfile.encoding=UTF-8,-Duser.country=US,-Duser.language=en,-Duser.variant]
18:46:03.562 [DEBUG] [org.gradle.cache.internal.DefaultFileLockManager] Waiting to acquire exclusive lock on daemon addresses registry.
18:46:03.563 [DEBUG] [org.gradle.cache.internal.DefaultFileLockManager] Lock acquired.
18:46:03.636 [DEBUG] [org.gradle.cache.internal.DefaultFileLockManager] Releasing lock on daemon addresses registry.
18:46:03.637 [LIFECYCLE] [org.gradle.launcher.daemon.server.Daemon] Daemon server started.
18:46:03.639 [DEBUG] [org.gradle.launcher.daemon.bootstrap.DaemonStartupCommunication] Completed writing the daemon greeting. Closing streams...
18:46:03.698 [DEBUG] [org.gradle.internal.remote.internal.inet.TcpIncomingConnector] Accepted connection from /127.0.0.1:63629 to /127.0.0.1:63628.
18:46:03.742 [INFO] [org.gradle.process.internal.DefaultExecHandle] Starting process 'command '/usr/bin/vm_stat''. Working directory: /Users/kimberly_93pc/Documents/Sring2017/SWE443/SAStudyRightByHand-master/daemon/3.1 Command: /usr/bin/vm_stat 
18:46:03.743 [DEBUG] [org.gradle.process.internal.DefaultExecHandle] Environment for process 'command '/usr/bin/vm_stat'': {PATH=/usr/bin:/bin:/usr/sbin:/sbin, SSH_AUTH_SOCK=/private/tmp/com.apple.launchd.VQ9bbVAZmK/Listeners, SHELL=/bin/bash, XPC_FLAGS=0x0, JAVA_MAIN_CLASS_4277=org.gradle.launcher.daemon.bootstrap.GradleDaemon, __CF_USER_TEXT_ENCODING=0x1F5:0x0:0x0, Apple_PubSub_Socket_Render=/private/tmp/com.apple.launchd.U68cuWC3jM/Render, LOGNAME=kimberly_93pc, USER=kimberly_93pc, XPC_SERVICE_NAME=com.jetbrains.intellij.ce.3188, HOME=/Users/kimberly_93pc, TMPDIR=/var/folders/pn/p8n6fhmj4z1d3dxy54h5yklm0000gn/T/}
18:46:03.743 [DEBUG] [org.gradle.process.internal.DefaultExecHandle] Changing state to: STARTING
18:46:03.745 [DEBUG] [org.gradle.process.internal.DefaultExecHandle] Waiting until process started: command '/usr/bin/vm_stat'.
18:46:03.782 [DEBUG] [org.gradle.launcher.daemon.server.SynchronizedDispatchConnection] thread 15: received class org.gradle.launcher.daemon.protocol.Build
18:46:03.782 [DEBUG] [org.gradle.launcher.daemon.server.DefaultDaemonConnection] thread 15: Received non-IO message from client: Build{id=e5ace86f-af4d-4945-acdc-9d86282693fb.1, currentDir=/Users/kimberly_93pc/Documents/sdmlib}
18:46:03.783 [INFO] [org.gradle.launcher.daemon.server.DefaultIncomingConnectionHandler] Received command: Build{id=e5ace86f-af4d-4945-acdc-9d86282693fb.1, currentDir=/Users/kimberly_93pc/Documents/sdmlib}.
18:46:03.783 [DEBUG] [org.gradle.launcher.daemon.server.DefaultIncomingConnectionHandler] Starting executing command: Build{id=e5ace86f-af4d-4945-acdc-9d86282693fb.1, currentDir=/Users/kimberly_93pc/Documents/sdmlib} with connection: socket connection from /127.0.0.1:63628 to /127.0.0.1:63629.
18:46:03.789 [ERROR] [org.gradle.launcher.daemon.server.DaemonStateCoordinator] Command execution: started DaemonCommandExecution[command = Build{id=e5ace86f-af4d-4945-acdc-9d86282693fb.1, currentDir=/Users/kimberly_93pc/Documents/sdmlib}, connection = org.gradle.launcher.daemon.server.DefaultDaemonConnection@4a29d788] after 0.0 minutes of idle
18:46:03.789 [INFO] [org.gradle.launcher.daemon.server.DaemonRegistryUpdater] Marking the daemon as busy, address: [5863ff31-86ad-4c67-bff6-99e79a7bad83 port:63628, addresses:[/0:0:0:0:0:0:0:1, /127.0.0.1]]
18:46:03.790 [DEBUG] [org.gradle.launcher.daemon.registry.PersistentDaemonRegistry] Marking busy by address: [5863ff31-86ad-4c67-bff6-99e79a7bad83 port:63628, addresses:[/0:0:0:0:0:0:0:1, /127.0.0.1]]
18:46:03.791 [DEBUG] [org.gradle.cache.internal.DefaultFileLockManager] Waiting to acquire exclusive lock on daemon addresses registry.
18:46:03.791 [DEBUG] [org.gradle.cache.internal.DefaultFileLockManager] Lock acquired.
18:46:03.793 [DEBUG] [org.gradle.cache.internal.DefaultFileLockManager] Releasing lock on daemon addresses registry.
18:46:03.793 [DEBUG] [org.gradle.launcher.daemon.server.DaemonStateCoordinator] updating lastActivityAt to 1488066363793
18:46:03.794 [INFO] [org.gradle.launcher.daemon.server.exec.StartBuildOrRespondWithBusy] Daemon is about to start building Build{id=e5ace86f-af4d-4945-acdc-9d86282693fb.1, currentDir=/Users/kimberly_93pc/Documents/sdmlib}. Dispatching build started information...
18:46:03.795 [DEBUG] [org.gradle.launcher.daemon.server.SynchronizedDispatchConnection] thread 18: dispatching class org.gradle.launcher.daemon.protocol.BuildStarted
18:46:03.799 [DEBUG] [org.gradle.launcher.daemon.server.exec.EstablishBuildEnvironment] Configuring env variables: {PATH=/usr/bin:/bin:/usr/sbin:/sbin, SSH_AUTH_SOCK=/private/tmp/com.apple.launchd.VQ9bbVAZmK/Listeners, XPC_FLAGS=0x0, SHELL=/bin/bash, __CF_USER_TEXT_ENCODING=0x1F5:0x0:0x0, Apple_PubSub_Socket_Render=/private/tmp/com.apple.launchd.U68cuWC3jM/Render, LOGNAME=kimberly_93pc, USER=kimberly_93pc, XPC_SERVICE_NAME=com.jetbrains.intellij.ce.3188, HOME=/Users/kimberly_93pc, TMPDIR=/var/folders/pn/p8n6fhmj4z1d3dxy54h5yklm0000gn/T/}
18:46:03.800 [DEBUG] [org.gradle.launcher.daemon.server.SynchronizedDispatchConnection] thread 15: received class org.gradle.launcher.daemon.protocol.CloseInput
18:46:03.800 [DEBUG] [org.gradle.launcher.daemon.server.DefaultDaemonConnection] thread 15: Received IO message from client: org.gradle.launcher.daemon.protocol.CloseInput@152b5e4
18:46:03.808 [DEBUG] [org.gradle.launcher.daemon.server.exec.LogToClient] About to start relaying all logs to the client via the connection.
18:46:03.808 [INFO] [org.gradle.launcher.daemon.server.exec.LogToClient] The client will now receive all logging from the daemon (pid: 4277). The daemon log file: /Users/kimberly_93pc/Documents/Sring2017/SWE443/SAStudyRightByHand-master/daemon/3.1/daemon-4277.out.log
18:46:03.810 [INFO] [org.gradle.launcher.daemon.server.exec.LogAndCheckHealth] Starting build in new daemon [memory: 954.7 MB]
18:46:03.811 [INFO] [org.gradle.launcher.daemon.server.exec.ForwardClientInput] Closing daemon's stdin at end of input.
18:46:03.811 [INFO] [org.gradle.launcher.daemon.server.exec.ForwardClientInput] The daemon will no longer process any standard input.
18:46:03.813 [DEBUG] [org.gradle.launcher.daemon.server.exec.ExecuteBuild] The daemon has started executing the build.
18:46:03.814 [INFO] [org.gradle.launcher.daemon.server.exec.ExecuteBuild] Executing build with daemon context: DefaultDaemonContext[uid=d411cb72-8472-4254-9c09-8d0ca564482e,javaHome=/Library/Java/JavaVirtualMachines/jdk1.8.0_121.jdk/Contents/Home,daemonRegistryDir=/Users/kimberly_93pc/Documents/Sring2017/SWE443/SAStudyRightByHand-master/daemon,pid=4277,idleTimeout=60000,daemonOpts=-XX:MaxPermSize=256m,-XX:+HeapDumpOnOutOfMemoryError,-Xmx1024m,-Dfile.encoding=UTF-8,-Duser.country=US,-Duser.language=en,-Duser.variant]
18:46:03.836 [DEBUG] [org.gradle.process.internal.DefaultExecHandle] Changing state to: STARTED
18:46:03.836 [DEBUG] [org.gradle.process.internal.ExecHandleRunner] waiting until streams are handled...
18:46:03.836 [INFO] [org.gradle.process.internal.DefaultExecHandle] Successfully started process 'command '/usr/bin/vm_stat''
18:46:03.838 [DEBUG] [org.gradle.process.internal.DefaultExecHandle] Changing state to: SUCCEEDED
18:46:03.839 [DEBUG] [org.gradle.process.internal.DefaultExecHandle] Process 'command '/usr/bin/vm_stat'' finished with exit value 0 (state: SUCCEEDED)
18:46:03.842 [DEBUG] [org.gradle.launcher.daemon.server.Daemon] stopOnExpiration() called on daemon
18:46:03.844 [DEBUG] [org.gradle.launcher.daemon.server.Daemon] awaitExpiration() called on daemon
18:46:03.844 [DEBUG] [org.gradle.launcher.daemon.server.DaemonStateCoordinator] daemon is running. Sleeping until state changes.

CONFIGURE SUCCESSFUL

Total time: 4.826 secs
18:46:09.412 [DEBUG] [org.gradle.cache.internal.btree.BTreePersistentIndexedCache] Closing cache module-versions.bin (/Users/kimberly_93pc/Documents/Sring2017/SWE443/SAStudyRightByHand-master/caches/modules-2/metadata-2.21/module-versions.bin)
18:46:09.413 [DEBUG] [org.gradle.cache.internal.btree.BTreePersistentIndexedCache] Closing cache module-metadata.bin (/Users/kimberly_93pc/Documents/Sring2017/SWE443/SAStudyRightByHand-master/caches/modules-2/metadata-2.21/module-metadata.bin)
18:46:09.413 [DEBUG] [org.gradle.cache.internal.btree.BTreePersistentIndexedCache] Closing cache artifact-at-repository.bin (/Users/kimberly_93pc/Documents/Sring2017/SWE443/SAStudyRightByHand-master/caches/modules-2/metadata-2.21/artifact-at-repository.bin)
18:46:09.413 [DEBUG] [org.gradle.cache.internal.btree.BTreePersistentIndexedCache] Closing cache module-artifacts.bin (/Users/kimberly_93pc/Documents/Sring2017/SWE443/SAStudyRightByHand-master/caches/modules-2/metadata-2.21/module-artifacts.bin)
18:46:09.415 [DEBUG] [org.gradle.cache.internal.DefaultFileLockManager] Releasing lock on artifact cache (/Users/kimberly_93pc/Documents/Sring2017/SWE443/SAStudyRightByHand-master/caches/modules-2).
18:46:09.417 [DEBUG] [org.gradle.api.internal.artifacts.ivyservice.resolveengine.store.CachedStoreFactory] Resolution result cache closed. Cache reads: 0, disk reads: 0 (avg: 0.0 secs, total: 0.0 secs)
18:46:09.418 [DEBUG] [org.gradle.api.internal.artifacts.ivyservice.resolveengine.store.CachedStoreFactory] Resolution result cache closed. Cache reads: 24, disk reads: 6 (avg: 0.001 secs, total: 0.011 secs)
18:46:09.418 [DEBUG] [org.gradle.api.internal.artifacts.ivyservice.resolveengine.store.ResolutionResultsStoreFactory] Deleted 2 resolution results binary files in 0.002 secs
18:46:09.421 [DEBUG] [org.gradle.cache.internal.DefaultCacheAccess] Cache Plugin Resolution Cache (/Users/kimberly_93pc/Documents/Sring2017/SWE443/SAStudyRightByHand-master/caches/3.1/plugin-resolution) was closed 0 times.
18:46:09.423 [DEBUG] [org.gradle.api.internal.tasks.compile.daemon.CompilerDaemonManager] Stopping 0 compiler daemon(s).
18:46:09.423 [INFO] [org.gradle.api.internal.tasks.compile.daemon.CompilerDaemonManager] Stopped 0 compiler daemon(s).
18:46:09.424 [DEBUG] [org.gradle.cache.internal.DefaultCacheAccess] Cache Generated Gradle JARs cache (/Users/kimberly_93pc/Documents/Sring2017/SWE443/SAStudyRightByHand-master/caches/3.1/generated-gradle-jars) was closed 0 times.
18:46:09.424 [DEBUG] [org.gradle.cache.internal.DefaultFileLockManager] Releasing lock on jars (/Users/kimberly_93pc/Documents/Sring2017/SWE443/SAStudyRightByHand-master/caches/jars-1).
18:46:09.425 [DEBUG] [org.gradle.launcher.daemon.server.exec.ExecuteBuild] The daemon has finished executing the build.
18:46:09.695 [DEBUG] [org.gradle.launcher.daemon.server.DaemonStateCoordinator] Command execution: finished waiting for DaemonCommandExecution[command = Build{id=e5ace86f-af4d-4945-acdc-9d86282693fb.1, currentDir=/Users/kimberly_93pc/Documents/sdmlib}, connection = org.gradle.launcher.daemon.server.DefaultDaemonConnection@4a29d788]. Result org.gradle.launcher.daemon.server.DaemonStateCoordinator@72723a0 with state Busy
18:46:09.695 [DEBUG] [org.gradle.launcher.daemon.server.DaemonStateCoordinator] Command execution: completed DaemonCommandExecution[command = Build{id=e5ace86f-af4d-4945-acdc-9d86282693fb.1, currentDir=/Users/kimberly_93pc/Documents/sdmlib}, connection = org.gradle.launcher.daemon.server.DefaultDaemonConnection@4a29d788]
18:46:09.695 [DEBUG] [org.gradle.launcher.daemon.server.DaemonStateCoordinator] updating lastActivityAt to 1488066369695
18:46:09.696 [INFO] [org.gradle.launcher.daemon.server.DaemonRegistryUpdater] Marking the daemon as idle, address: [5863ff31-86ad-4c67-bff6-99e79a7bad83 port:63628, addresses:[/0:0:0:0:0:0:0:1, /127.0.0.1]]
18:46:09.696 [DEBUG] [org.gradle.launcher.daemon.registry.PersistentDaemonRegistry] Marking busy by address: [5863ff31-86ad-4c67-bff6-99e79a7bad83 port:63628, addresses:[/0:0:0:0:0:0:0:1, /127.0.0.1]]
18:46:09.696 [DEBUG] [org.gradle.cache.internal.DefaultFileLockManager] Waiting to acquire exclusive lock on daemon addresses registry.
18:46:09.697 [DEBUG] [org.gradle.cache.internal.DefaultFileLockManager] Lock acquired.
18:46:09.697 [DEBUG] [org.gradle.cache.internal.DefaultFileLockManager] Releasing lock on daemon addresses registry.
18:46:09.698 [DEBUG] [org.gradle.launcher.daemon.server.DaemonStateCoordinator] daemon is running. Sleeping until state changes.
18:46:09.698 [DEBUG] [org.gradle.launcher.daemon.server.exec.ReturnResult] Daemon is dispatching the build result: Success[value=org.gradle.tooling.internal.provider.BuildActionResult@6b47ad7a]
18:46:09.699 [DEBUG] [org.gradle.launcher.daemon.server.SynchronizedDispatchConnection] thread 14: dispatching class org.gradle.launcher.daemon.protocol.Success
18:46:09.711 [DEBUG] [org.gradle.launcher.daemon.server.DefaultIncomingConnectionHandler] Finishing executing command: Build{id=e5ace86f-af4d-4945-acdc-9d86282693fb.1, currentDir=/Users/kimberly_93pc/Documents/sdmlib}
18:46:09.713 [DEBUG] [org.gradle.launcher.daemon.server.SynchronizedDispatchConnection] thread 15: received class org.gradle.launcher.daemon.protocol.Finished
18:46:09.713 [DEBUG] [org.gradle.launcher.daemon.server.DefaultDaemonConnection] thread 15: Received non-IO message from client: org.gradle.launcher.daemon.protocol.Finished@43bce16c
18:46:09.713 [DEBUG] [org.gradle.launcher.daemon.server.DefaultIncomingConnectionHandler] Received finished message: org.gradle.launcher.daemon.protocol.Finished@43bce16c
18:46:09.714 [DEBUG] [org.gradle.launcher.daemon.server.SynchronizedDispatchConnection] thread 14: stopping connection
18:46:09.714 [DEBUG] [org.gradle.internal.remote.internal.inet.SocketConnection] Discarding EOFException: java.io.EOFException
18:46:09.714 [DEBUG] [org.gradle.launcher.daemon.server.SynchronizedDispatchConnection] thread 15: received null
18:46:09.714 [DEBUG] [org.gradle.launcher.daemon.server.DefaultDaemonConnection] thread 15: Received end-of-input from client.
18:46:09.718 [DEBUG] [org.gradle.launcher.daemon.server.SynchronizedDispatchConnection] thread 14: stopping connection
18:46:13.846 [DEBUG] [org.gradle.launcher.daemon.server.Daemon] DaemonExpirationPeriodicCheck running
18:46:13.848 [DEBUG] [org.gradle.cache.internal.DefaultFileLockManager] Waiting to acquire shared lock on daemon addresses registry.
18:46:13.848 [DEBUG] [org.gradle.cache.internal.DefaultFileLockManager] Lock acquired.
18:46:13.848 [DEBUG] [org.gradle.cache.internal.DefaultFileLockManager] Releasing lock on daemon addresses registry.
18:46:13.849 [DEBUG] [org.gradle.cache.internal.DefaultFileLockManager] Waiting to acquire shared lock on daemon addresses registry.
18:46:13.849 [DEBUG] [org.gradle.cache.internal.DefaultFileLockManager] Lock acquired.
18:46:13.849 [DEBUG] [org.gradle.cache.internal.DefaultFileLockManager] Releasing lock on daemon addresses registry.
18:46:23.846 [DEBUG] [org.gradle.launcher.daemon.server.Daemon] DaemonExpirationPeriodicCheck running
18:46:23.847 [DEBUG] [org.gradle.cache.internal.DefaultFileLockManager] Waiting to acquire shared lock on daemon addresses registry.
18:46:23.847 [DEBUG] [org.gradle.cache.internal.DefaultFileLockManager] Lock acquired.
18:46:23.848 [DEBUG] [org.gradle.cache.internal.DefaultFileLockManager] Releasing lock on daemon addresses registry.
18:46:23.848 [INFO] [org.gradle.launcher.daemon.server.DaemonIdleTimeoutExpirationStrategy] Idle timeout: daemon has been idle for 14153 milliseconds. Expiring.
18:46:23.849 [DEBUG] [org.gradle.cache.internal.DefaultFileLockManager] Waiting to acquire shared lock on daemon addresses registry.
18:46:23.849 [DEBUG] [org.gradle.cache.internal.DefaultFileLockManager] Lock acquired.
18:46:23.849 [DEBUG] [org.gradle.cache.internal.DefaultFileLockManager] Releasing lock on daemon addresses registry.
18:46:23.850 [DEBUG] [org.gradle.cache.internal.DefaultFileLockManager] Waiting to acquire shared lock on daemon addresses registry.
18:46:23.850 [DEBUG] [org.gradle.cache.internal.DefaultFileLockManager] Lock acquired.
18:46:23.850 [DEBUG] [org.gradle.cache.internal.DefaultFileLockManager] Releasing lock on daemon addresses registry.
18:46:33.843 [DEBUG] [org.gradle.launcher.daemon.server.Daemon] DaemonExpirationPeriodicCheck running
18:46:34.065 [DEBUG] [org.gradle.cache.internal.DefaultFileLockManager] Waiting to acquire shared lock on daemon addresses registry.
18:46:34.111 [DEBUG] [org.gradle.cache.internal.DefaultFileLockManager] Lock acquired.
18:46:34.249 [DEBUG] [org.gradle.cache.internal.DefaultFileLockManager] Releasing lock on daemon addresses registry.
18:46:34.250 [INFO] [org.gradle.launcher.daemon.server.DaemonIdleTimeoutExpirationStrategy] Idle timeout: daemon has been idle for 24555 milliseconds. Expiring.
18:46:34.251 [DEBUG] [org.gradle.cache.internal.DefaultFileLockManager] Waiting to acquire shared lock on daemon addresses registry.
18:46:34.251 [DEBUG] [org.gradle.cache.internal.DefaultFileLockManager] Lock acquired.
18:46:34.252 [DEBUG] [org.gradle.cache.internal.DefaultFileLockManager] Releasing lock on daemon addresses registry.
18:46:34.253 [DEBUG] [org.gradle.cache.internal.DefaultFileLockManager] Waiting to acquire shared lock on daemon addresses registry.
18:46:34.253 [DEBUG] [org.gradle.cache.internal.DefaultFileLockManager] Lock acquired.
18:46:34.254 [DEBUG] [org.gradle.cache.internal.DefaultFileLockManager] Releasing lock on daemon addresses registry.
18:46:43.845 [DEBUG] [org.gradle.launcher.daemon.server.Daemon] DaemonExpirationPeriodicCheck running
18:46:43.954 [DEBUG] [org.gradle.cache.internal.DefaultFileLockManager] Waiting to acquire shared lock on daemon addresses registry.
18:46:43.954 [DEBUG] [org.gradle.cache.internal.DefaultFileLockManager] Lock acquired.
18:46:43.955 [DEBUG] [org.gradle.cache.internal.DefaultFileLockManager] Releasing lock on daemon addresses registry.
18:46:43.955 [INFO] [org.gradle.launcher.daemon.server.DaemonIdleTimeoutExpirationStrategy] Idle timeout: daemon has been idle for 34260 milliseconds. Expiring.
18:46:43.955 [DEBUG] [org.gradle.cache.internal.DefaultFileLockManager] Waiting to acquire shared lock on daemon addresses registry.
18:46:43.955 [DEBUG] [org.gradle.cache.internal.DefaultFileLockManager] Lock acquired.
18:46:43.956 [DEBUG] [org.gradle.cache.internal.DefaultFileLockManager] Releasing lock on daemon addresses registry.
18:46:43.956 [DEBUG] [org.gradle.cache.internal.DefaultFileLockManager] Waiting to acquire shared lock on daemon addresses registry.
18:46:43.956 [DEBUG] [org.gradle.cache.internal.DefaultFileLockManager] Lock acquired.
18:46:43.956 [DEBUG] [org.gradle.cache.internal.DefaultFileLockManager] Releasing lock on daemon addresses registry.
18:46:53.844 [DEBUG] [org.gradle.launcher.daemon.server.Daemon] DaemonExpirationPeriodicCheck running
18:46:53.933 [DEBUG] [org.gradle.cache.internal.DefaultFileLockManager] Waiting to acquire shared lock on daemon addresses registry.
18:46:54.012 [DEBUG] [org.gradle.cache.internal.DefaultFileLockManager] Lock acquired.
18:46:54.039 [DEBUG] [org.gradle.cache.internal.DefaultFileLockManager] Releasing lock on daemon addresses registry.
18:46:54.039 [INFO] [org.gradle.launcher.daemon.server.DaemonIdleTimeoutExpirationStrategy] Idle timeout: daemon has been idle for 44344 milliseconds. Expiring.
18:46:54.040 [DEBUG] [org.gradle.cache.internal.DefaultFileLockManager] Waiting to acquire shared lock on daemon addresses registry.
18:46:54.040 [DEBUG] [org.gradle.cache.internal.DefaultFileLockManager] Lock acquired.
18:46:54.040 [DEBUG] [org.gradle.cache.internal.DefaultFileLockManager] Releasing lock on daemon addresses registry.
18:46:54.041 [DEBUG] [org.gradle.cache.internal.DefaultFileLockManager] Waiting to acquire shared lock on daemon addresses registry.
18:46:54.041 [DEBUG] [org.gradle.cache.internal.DefaultFileLockManager] Lock acquired.
18:46:54.041 [DEBUG] [org.gradle.cache.internal.DefaultFileLockManager] Releasing lock on daemon addresses registry.
18:47:03.842 [DEBUG] [org.gradle.launcher.daemon.server.Daemon] DaemonExpirationPeriodicCheck running
18:47:03.900 [DEBUG] [org.gradle.cache.internal.DefaultFileLockManager] Waiting to acquire shared lock on daemon addresses registry.
18:47:03.900 [DEBUG] [org.gradle.cache.internal.DefaultFileLockManager] Lock acquired.
18:47:03.901 [DEBUG] [org.gradle.cache.internal.DefaultFileLockManager] Releasing lock on daemon addresses registry.
18:47:03.901 [INFO] [org.gradle.launcher.daemon.server.DaemonIdleTimeoutExpirationStrategy] Idle timeout: daemon has been idle for 54206 milliseconds. Expiring.
18:47:03.901 [DEBUG] [org.gradle.cache.internal.DefaultFileLockManager] Waiting to acquire shared lock on daemon addresses registry.
18:47:03.901 [DEBUG] [org.gradle.cache.internal.DefaultFileLockManager] Lock acquired.
18:47:03.902 [DEBUG] [org.gradle.cache.internal.DefaultFileLockManager] Releasing lock on daemon addresses registry.
18:47:03.902 [DEBUG] [org.gradle.cache.internal.DefaultFileLockManager] Waiting to acquire shared lock on daemon addresses registry.
18:47:03.902 [DEBUG] [org.gradle.cache.internal.DefaultFileLockManager] Lock acquired.
18:47:03.903 [DEBUG] [org.gradle.cache.internal.DefaultFileLockManager] Releasing lock on daemon addresses registry.
18:47:13.846 [DEBUG] [org.gradle.launcher.daemon.server.Daemon] DaemonExpirationPeriodicCheck running
18:47:13.868 [DEBUG] [org.gradle.cache.internal.DefaultFileLockManager] Waiting to acquire shared lock on daemon addresses registry.
18:47:13.868 [DEBUG] [org.gradle.cache.internal.DefaultFileLockManager] Lock acquired.
18:47:13.869 [DEBUG] [org.gradle.cache.internal.DefaultFileLockManager] Releasing lock on daemon addresses registry.
18:47:13.869 [INFO] [org.gradle.launcher.daemon.server.DaemonIdleTimeoutExpirationStrategy] Idle timeout: daemon has been idle for 64174 milliseconds. Expiring.
18:47:13.870 [INFO] [org.gradle.launcher.daemon.server.DaemonIdleTimeoutExpirationStrategy] Idle timeout: daemon has been idle for 64175 milliseconds. Expiring.
18:47:13.870 [DEBUG] [org.gradle.cache.internal.DefaultFileLockManager] Waiting to acquire shared lock on daemon addresses registry.
18:47:13.870 [DEBUG] [org.gradle.cache.internal.DefaultFileLockManager] Lock acquired.
18:47:13.870 [DEBUG] [org.gradle.cache.internal.DefaultFileLockManager] Releasing lock on daemon addresses registry.
18:47:13.871 [DEBUG] [org.gradle.cache.internal.DefaultFileLockManager] Waiting to acquire shared lock on daemon addresses registry.
18:47:13.871 [DEBUG] [org.gradle.cache.internal.DefaultFileLockManager] Lock acquired.
18:47:13.871 [DEBUG] [org.gradle.cache.internal.DefaultFileLockManager] Releasing lock on daemon addresses registry.
18:47:13.874 [LIFECYCLE] [org.gradle.launcher.daemon.server.DaemonStateCoordinator] Daemon will be stopped at the end of the build after being idle for 1 minutes
18:47:13.874 [DEBUG] [org.gradle.launcher.daemon.server.DaemonStateCoordinator] Marking daemon stopped due to after being idle for 1 minutes. The daemon is running a build: false
18:47:13.875 [DEBUG] [org.gradle.launcher.daemon.server.DaemonStateCoordinator] daemon has stopped.
18:47:13.875 [DEBUG] [org.gradle.launcher.daemon.server.Daemon] stop() called on daemon
18:47:13.875 [INFO] [org.gradle.launcher.daemon.server.Daemon] Stop requested. Daemon is removing its presence from the registry...
18:47:13.876 [DEBUG] [org.gradle.launcher.daemon.server.DaemonRegistryUpdater] Removing our presence to clients, eg. removing this address from the registry: [5863ff31-86ad-4c67-bff6-99e79a7bad83 port:63628, addresses:[/0:0:0:0:0:0:0:1, /127.0.0.1]]
18:47:13.877 [DEBUG] [org.gradle.launcher.daemon.registry.PersistentDaemonRegistry] Removing daemon address: [5863ff31-86ad-4c67-bff6-99e79a7bad83 port:63628, addresses:[/0:0:0:0:0:0:0:1, /127.0.0.1]]
18:47:13.880 [DEBUG] [org.gradle.cache.internal.DefaultFileLockManager] Waiting to acquire exclusive lock on daemon addresses registry.
18:47:13.881 [DEBUG] [org.gradle.cache.internal.DefaultFileLockManager] Lock acquired.
18:47:13.953 [DEBUG] [org.gradle.cache.internal.DefaultFileLockManager] Releasing lock on daemon addresses registry.
18:47:13.953 [DEBUG] [org.gradle.launcher.daemon.server.DaemonRegistryUpdater] Address removed from registry.
18:47:14.090 [DEBUG] [org.gradle.launcher.daemon.registry.PersistentDaemonRegistry] Removing daemon address: [5863ff31-86ad-4c67-bff6-99e79a7bad83 port:63628, addresses:[/0:0:0:0:0:0:0:1, /127.0.0.1]]Daemon vm is shutting down... The daemon has exited normally or was terminated in response to a user interrupt.

18:47:14.322 [DEBUG] [org.gradle.cache.internal.DefaultFileLockManager] Waiting to acquire exclusive lock on daemon addresses registry.
18:47:14.371 [DEBUG] [org.gradle.cache.internal.DefaultFileLockManager] Lock acquired.
18:47:14.372 [DEBUG] [org.gradle.cache.internal.DefaultFileLockManager] Releasing lock on daemon addresses registry.
