07:12:40.861 [DEBUG] [org.gradle.launcher.daemon.bootstrap.DaemonMain] Assuming the daemon was started with following jvm opts: [-XX:MaxPermSize=256m, -XX:+HeapDumpOnOutOfMemoryError, -Xmx1024m, -Dfile.encoding=UTF-8, -Duser.country=US, -Duser.language=en, -Duser.variant]
07:12:40.956 [INFO] [org.gradle.launcher.daemon.server.Daemon] start() called on daemon - DefaultDaemonContext[uid=f0aab6d3-1bb1-4b25-b512-6b9f0b8134a1,javaHome=/Library/Java/JavaVirtualMachines/jdk1.8.0_121.jdk/Contents/Home,daemonRegistryDir=/Users/kimberly_93pc/Documents/Sring2017/SWE443/SAStudyRightByHand-master/daemon,pid=15462,idleTimeout=60000,daemonOpts=-XX:MaxPermSize=256m,-XX:+HeapDumpOnOutOfMemoryError,-Xmx1024m,-Dfile.encoding=UTF-8,-Duser.country=US,-Duser.language=en,-Duser.variant]
07:12:40.962 [DEBUG] [org.gradle.launcher.daemon.server.DaemonStateCoordinator] updating lastActivityAt to 1489662760962
07:12:40.980 [DEBUG] [org.gradle.internal.remote.internal.inet.InetAddresses] Adding IP addresses for network interface utun0
07:12:40.980 [DEBUG] [org.gradle.internal.remote.internal.inet.InetAddresses] Is this a loopback interface? false
07:12:40.980 [DEBUG] [org.gradle.internal.remote.internal.inet.InetAddresses] Is this a multicast interface? true
07:12:40.981 [DEBUG] [org.gradle.internal.remote.internal.inet.InetAddresses] Adding remote address /fe80:0:0:0:2fb5:ab8d:376:59d0%utun0
07:12:40.982 [DEBUG] [org.gradle.internal.remote.internal.inet.InetAddresses] Adding remote multicast interface utun0
07:12:40.982 [DEBUG] [org.gradle.internal.remote.internal.inet.InetAddresses] Adding IP addresses for network interface en1
07:12:40.982 [DEBUG] [org.gradle.internal.remote.internal.inet.InetAddresses] Is this a loopback interface? false
07:12:40.983 [DEBUG] [org.gradle.internal.remote.internal.inet.InetAddresses] Is this a multicast interface? true
07:12:40.983 [DEBUG] [org.gradle.internal.remote.internal.inet.InetAddresses] Adding remote address /2601:5cc:c702:1187:b974:8c35:cfb1:ce1
07:12:40.983 [DEBUG] [org.gradle.internal.remote.internal.inet.InetAddresses] Adding remote address /2601:5cc:c702:1187:1c49:13b2:fb5d:6934
07:12:40.983 [DEBUG] [org.gradle.internal.remote.internal.inet.InetAddresses] Adding remote address /fd1c:67a8:c32b:0:407e:360f:9d3:7f83
07:12:40.984 [DEBUG] [org.gradle.internal.remote.internal.inet.InetAddresses] Adding remote address /fd1c:67a8:c32b:0:10b1:914d:79a7:eda0
07:12:40.984 [DEBUG] [org.gradle.internal.remote.internal.inet.InetAddresses] Adding remote address /fe80:0:0:0:47a:5fec:4e35:b147%en1
07:12:40.984 [DEBUG] [org.gradle.internal.remote.internal.inet.InetAddresses] Adding remote address /192.168.1.114
07:12:40.985 [DEBUG] [org.gradle.internal.remote.internal.inet.InetAddresses] Adding remote multicast interface en1
07:12:40.985 [DEBUG] [org.gradle.internal.remote.internal.inet.InetAddresses] Adding IP addresses for network interface lo0
07:12:40.985 [DEBUG] [org.gradle.internal.remote.internal.inet.InetAddresses] Is this a loopback interface? true
07:12:40.986 [DEBUG] [org.gradle.internal.remote.internal.inet.InetAddresses] Is this a multicast interface? true
07:12:40.986 [DEBUG] [org.gradle.internal.remote.internal.inet.InetAddresses] Ignoring remote address on loopback interface /fe80:0:0:0:0:0:0:1%lo0
07:12:40.987 [DEBUG] [org.gradle.internal.remote.internal.inet.InetAddresses] Adding loopback address /0:0:0:0:0:0:0:1
07:12:40.988 [DEBUG] [org.gradle.internal.remote.internal.inet.InetAddresses] Adding loopback address /127.0.0.1
07:12:40.988 [DEBUG] [org.gradle.internal.remote.internal.inet.InetAddresses] Adding loopback multicast interface lo0
07:12:40.992 [DEBUG] [org.gradle.internal.remote.internal.inet.TcpIncomingConnector] Listening on [0a2e8fc5-9e6c-41a9-8a78-95c229a85b7b port:60499, addresses:[/0:0:0:0:0:0:0:1, /127.0.0.1]].
07:12:40.994 [DEBUG] [org.gradle.launcher.daemon.server.Daemon] Daemon starting at: Thu Mar 16 07:12:40 EDT 2017, with address: [0a2e8fc5-9e6c-41a9-8a78-95c229a85b7b port:60499, addresses:[/0:0:0:0:0:0:0:1, /127.0.0.1]]
07:12:40.994 [INFO] [org.gradle.launcher.daemon.server.DaemonRegistryUpdater] Advertising the daemon address to the clients: [0a2e8fc5-9e6c-41a9-8a78-95c229a85b7b port:60499, addresses:[/0:0:0:0:0:0:0:1, /127.0.0.1]]
07:12:40.995 [DEBUG] [org.gradle.launcher.daemon.server.DaemonRegistryUpdater] Advertised daemon context: DefaultDaemonContext[uid=f0aab6d3-1bb1-4b25-b512-6b9f0b8134a1,javaHome=/Library/Java/JavaVirtualMachines/jdk1.8.0_121.jdk/Contents/Home,daemonRegistryDir=/Users/kimberly_93pc/Documents/Sring2017/SWE443/SAStudyRightByHand-master/daemon,pid=15462,idleTimeout=60000,daemonOpts=-XX:MaxPermSize=256m,-XX:+HeapDumpOnOutOfMemoryError,-Xmx1024m,-Dfile.encoding=UTF-8,-Duser.country=US,-Duser.language=en,-Duser.variant]
07:12:40.996 [DEBUG] [org.gradle.launcher.daemon.registry.PersistentDaemonRegistry] Storing daemon address: [0a2e8fc5-9e6c-41a9-8a78-95c229a85b7b port:60499, addresses:[/0:0:0:0:0:0:0:1, /127.0.0.1]], context: DefaultDaemonContext[uid=f0aab6d3-1bb1-4b25-b512-6b9f0b8134a1,javaHome=/Library/Java/JavaVirtualMachines/jdk1.8.0_121.jdk/Contents/Home,daemonRegistryDir=/Users/kimberly_93pc/Documents/Sring2017/SWE443/SAStudyRightByHand-master/daemon,pid=15462,idleTimeout=60000,daemonOpts=-XX:MaxPermSize=256m,-XX:+HeapDumpOnOutOfMemoryError,-Xmx1024m,-Dfile.encoding=UTF-8,-Duser.country=US,-Duser.language=en,-Duser.variant]
07:12:41.006 [DEBUG] [org.gradle.cache.internal.DefaultFileLockManager] Waiting to acquire exclusive lock on daemon addresses registry.
07:12:41.008 [DEBUG] [org.gradle.cache.internal.DefaultFileLockManager] Lock acquired.
07:12:41.083 [DEBUG] [org.gradle.cache.internal.DefaultFileLockManager] Releasing lock on daemon addresses registry.
07:12:41.084 [LIFECYCLE] [org.gradle.launcher.daemon.server.Daemon] Daemon server started.
07:12:41.088 [DEBUG] [org.gradle.launcher.daemon.bootstrap.DaemonStartupCommunication] Completed writing the daemon greeting. Closing streams...
07:12:41.093 [DEBUG] [org.gradle.internal.remote.internal.inet.TcpIncomingConnector] Accepted connection from /127.0.0.1:60500 to /127.0.0.1:60499.
07:12:41.174 [DEBUG] [org.gradle.launcher.daemon.server.SynchronizedDispatchConnection] thread 15: received class org.gradle.launcher.daemon.protocol.Build
07:12:41.175 [DEBUG] [org.gradle.launcher.daemon.server.DefaultDaemonConnection] thread 15: Received non-IO message from client: Build{id=ca03f66a-e7d3-46e7-a3b8-8bd64a75adf5.1, currentDir=/Users/kimberly_93pc/Documents/Sring2017/SWE443/SA-Assignment-5/MancalaHw5}
07:12:41.175 [INFO] [org.gradle.launcher.daemon.server.DefaultIncomingConnectionHandler] Received command: Build{id=ca03f66a-e7d3-46e7-a3b8-8bd64a75adf5.1, currentDir=/Users/kimberly_93pc/Documents/Sring2017/SWE443/SA-Assignment-5/MancalaHw5}.
07:12:41.176 [DEBUG] [org.gradle.launcher.daemon.server.DefaultIncomingConnectionHandler] Starting executing command: Build{id=ca03f66a-e7d3-46e7-a3b8-8bd64a75adf5.1, currentDir=/Users/kimberly_93pc/Documents/Sring2017/SWE443/SA-Assignment-5/MancalaHw5} with connection: socket connection from /127.0.0.1:60499 to /127.0.0.1:60500.
07:12:41.179 [ERROR] [org.gradle.launcher.daemon.server.DaemonStateCoordinator] Command execution: started DaemonCommandExecution[command = Build{id=ca03f66a-e7d3-46e7-a3b8-8bd64a75adf5.1, currentDir=/Users/kimberly_93pc/Documents/Sring2017/SWE443/SA-Assignment-5/MancalaHw5}, connection = org.gradle.launcher.daemon.server.DefaultDaemonConnection@da51a84] after 0.0 minutes of idle
07:12:41.179 [INFO] [org.gradle.launcher.daemon.server.DaemonRegistryUpdater] Marking the daemon as busy, address: [0a2e8fc5-9e6c-41a9-8a78-95c229a85b7b port:60499, addresses:[/0:0:0:0:0:0:0:1, /127.0.0.1]]
07:12:41.180 [DEBUG] [org.gradle.launcher.daemon.registry.PersistentDaemonRegistry] Marking busy by address: [0a2e8fc5-9e6c-41a9-8a78-95c229a85b7b port:60499, addresses:[/0:0:0:0:0:0:0:1, /127.0.0.1]]
07:12:41.181 [DEBUG] [org.gradle.cache.internal.DefaultFileLockManager] Waiting to acquire exclusive lock on daemon addresses registry.
07:12:41.181 [DEBUG] [org.gradle.cache.internal.DefaultFileLockManager] Lock acquired.
07:12:41.183 [DEBUG] [org.gradle.cache.internal.DefaultFileLockManager] Releasing lock on daemon addresses registry.
07:12:41.183 [DEBUG] [org.gradle.launcher.daemon.server.DaemonStateCoordinator] updating lastActivityAt to 1489662761183
07:12:41.184 [INFO] [org.gradle.launcher.daemon.server.exec.StartBuildOrRespondWithBusy] Daemon is about to start building Build{id=ca03f66a-e7d3-46e7-a3b8-8bd64a75adf5.1, currentDir=/Users/kimberly_93pc/Documents/Sring2017/SWE443/SA-Assignment-5/MancalaHw5}. Dispatching build started information...
07:12:41.185 [DEBUG] [org.gradle.launcher.daemon.server.SynchronizedDispatchConnection] thread 17: dispatching class org.gradle.launcher.daemon.protocol.BuildStarted
07:12:41.192 [DEBUG] [org.gradle.launcher.daemon.server.SynchronizedDispatchConnection] thread 15: received class org.gradle.launcher.daemon.protocol.CloseInput
07:12:41.192 [DEBUG] [org.gradle.launcher.daemon.server.DefaultDaemonConnection] thread 15: Received IO message from client: org.gradle.launcher.daemon.protocol.CloseInput@eeea17f
07:12:41.192 [DEBUG] [org.gradle.launcher.daemon.server.exec.EstablishBuildEnvironment] Configuring env variables: {PATH=/usr/bin:/bin:/usr/sbin:/sbin, SSH_AUTH_SOCK=/private/tmp/com.apple.launchd.YyvvxuojOG/Listeners, XPC_FLAGS=0x0, SHELL=/bin/bash, __CF_USER_TEXT_ENCODING=0x1F5:0x0:0x0, Apple_PubSub_Socket_Render=/private/tmp/com.apple.launchd.fh0BpRfXJf/Render, LOGNAME=kimberly_93pc, USER=kimberly_93pc, XPC_SERVICE_NAME=com.jetbrains.intellij.ce.3188, HOME=/Users/kimberly_93pc, TMPDIR=/var/folders/pn/p8n6fhmj4z1d3dxy54h5yklm0000gn/T/}
07:12:41.204 [DEBUG] [org.gradle.launcher.daemon.server.exec.LogToClient] About to start relaying all logs to the client via the connection.
07:12:41.205 [INFO] [org.gradle.launcher.daemon.server.exec.LogToClient] The client will now receive all logging from the daemon (pid: 15462). The daemon log file: /Users/kimberly_93pc/Documents/Sring2017/SWE443/SAStudyRightByHand-master/daemon/3.1/daemon-15462.out.log
07:12:41.207 [INFO] [org.gradle.launcher.daemon.server.exec.LogAndCheckHealth] Starting build in new daemon [memory: 954.7 MB]
07:12:41.209 [INFO] [org.gradle.launcher.daemon.server.exec.ForwardClientInput] Closing daemon's stdin at end of input.
07:12:41.209 [INFO] [org.gradle.launcher.daemon.server.exec.ForwardClientInput] The daemon will no longer process any standard input.
07:12:41.213 [DEBUG] [org.gradle.launcher.daemon.server.exec.ExecuteBuild] The daemon has started executing the build.
07:12:41.214 [INFO] [org.gradle.launcher.daemon.server.exec.ExecuteBuild] Executing build with daemon context: DefaultDaemonContext[uid=f0aab6d3-1bb1-4b25-b512-6b9f0b8134a1,javaHome=/Library/Java/JavaVirtualMachines/jdk1.8.0_121.jdk/Contents/Home,daemonRegistryDir=/Users/kimberly_93pc/Documents/Sring2017/SWE443/SAStudyRightByHand-master/daemon,pid=15462,idleTimeout=60000,daemonOpts=-XX:MaxPermSize=256m,-XX:+HeapDumpOnOutOfMemoryError,-Xmx1024m,-Dfile.encoding=UTF-8,-Duser.country=US,-Duser.language=en,-Duser.variant]
07:12:41.244 [INFO] [org.gradle.process.internal.DefaultExecHandle] Starting process 'command '/usr/bin/vm_stat''. Working directory: /Users/kimberly_93pc/Documents/Sring2017/SWE443/SA-Assignment-5/MancalaHw5 Command: /usr/bin/vm_stat 
07:12:41.244 [DEBUG] [org.gradle.process.internal.DefaultExecHandle] Environment for process 'command '/usr/bin/vm_stat'': {PATH=/usr/bin:/bin:/usr/sbin:/sbin, SSH_AUTH_SOCK=/private/tmp/com.apple.launchd.YyvvxuojOG/Listeners, SHELL=/bin/bash, XPC_FLAGS=0x0, __CF_USER_TEXT_ENCODING=0x1F5:0x0:0x0, Apple_PubSub_Socket_Render=/private/tmp/com.apple.launchd.fh0BpRfXJf/Render, LOGNAME=kimberly_93pc, XPC_SERVICE_NAME=com.jetbrains.intellij.ce.3188, USER=kimberly_93pc, HOME=/Users/kimberly_93pc, TMPDIR=/var/folders/pn/p8n6fhmj4z1d3dxy54h5yklm0000gn/T/}
07:12:41.244 [DEBUG] [org.gradle.process.internal.DefaultExecHandle] Changing state to: STARTING
07:12:41.246 [DEBUG] [org.gradle.process.internal.DefaultExecHandle] Waiting until process started: command '/usr/bin/vm_stat'.
07:12:41.263 [DEBUG] [org.gradle.process.internal.DefaultExecHandle] Changing state to: STARTED
07:12:41.264 [DEBUG] [org.gradle.process.internal.ExecHandleRunner] waiting until streams are handled...
07:12:41.264 [INFO] [org.gradle.process.internal.DefaultExecHandle] Successfully started process 'command '/usr/bin/vm_stat''
07:12:41.266 [DEBUG] [org.gradle.process.internal.DefaultExecHandle] Changing state to: SUCCEEDED
07:12:41.266 [DEBUG] [org.gradle.process.internal.DefaultExecHandle] Process 'command '/usr/bin/vm_stat'' finished with exit value 0 (state: SUCCEEDED)
07:12:41.268 [DEBUG] [org.gradle.launcher.daemon.server.Daemon] stopOnExpiration() called on daemon
07:12:41.270 [DEBUG] [org.gradle.launcher.daemon.server.Daemon] awaitExpiration() called on daemon
07:12:41.271 [DEBUG] [org.gradle.launcher.daemon.server.DaemonStateCoordinator] daemon is running. Sleeping until state changes.
:cleanTest
:compileJava UP-TO-DATE
:processResources UP-TO-DATE
:classes UP-TO-DATE
:compileTestJava
:processTestResources UP-TO-DATE
:testClasses
:test

<ijLog><event type='reportLocation' testReport='/Users/kimberly_93pc/Documents/Sring2017/SWE443/SA-Assignment-5/MancalaHw5/build/reports/tests/test/index.html' /></ijLog>

<ijLog><event type='beforeSuite'><ijLogEol/>
  <test id=':test' parentId=''><ijLogEol/>
    <descriptor name='Gradle Test Run :test' className='' /><ijLogEol/>
  </test><ijLogEol/>
</event></ijLog>

<ijLog><event type='beforeSuite'><ijLogEol/>
  <test id='1.1' parentId=':test'><ijLogEol/>
    <descriptor name='Gradle Test Executor 1' className='' /><ijLogEol/>
  </test><ijLogEol/>
</event></ijLog>

<ijLog><event type='beforeSuite'><ijLogEol/>
  <test id='1.2' parentId='1.1'><ijLogEol/>
    <descriptor name='test1' className='test1' /><ijLogEol/>
  </test><ijLogEol/>
</event></ijLog>

<ijLog><event type='beforeTest'><ijLogEol/>
  <test id='1.3' parentId='1.2'><ijLogEol/>
    <descriptor name='takeOppositePebbles' className='test1' /><ijLogEol/>
  </test><ijLogEol/>
</event></ijLog>

<ijLog><event type='onOutput'><ijLogEol/>
  <test id='1.3' parentId='1.2'><ijLogEol/>
    <descriptor name='takeOppositePebbles' className='test1' /><ijLogEol/>
    <event destination='StdOut'><![CDATA[UGViYmxlcyBpbiBBc2gncyBwaXQgNSBpcyA0Cg==]]></event><ijLogEol/>
  </test><ijLogEol/>
</event></ijLog>

<ijLog><event type='onOutput'><ijLogEol/>
  <test id='1.3' parentId='1.2'><ijLogEol/>
    <descriptor name='takeOppositePebbles' className='test1' /><ijLogEol/>
    <event destination='StdOut'><![CDATA[Cg==]]></event><ijLogEol/>
  </test><ijLogEol/>
</event></ijLog>
The daemon will cancel the build.

<ijLog><event type='afterTest'><ijLogEol/>
  <test id='1.3' parentId='1.2'><ijLogEol/>
    <descriptor name='takeOppositePebbles' className='test1' /><ijLogEol/>
    <result resultType='SUCCESS' startTime='1489662766776' endTime='1489664096742'><ijLogEol/>
      <failureType>error</failureType><ijLogEol/>
    </result><ijLogEol/>
  </test><ijLogEol/>
</event></ijLog>

<ijLog><event type='afterSuite'><ijLogEol/>
  <test id='1.2' parentId='1.1'><ijLogEol/>
    <descriptor name='test1' className='test1' /><ijLogEol/>
    <result resultType='SUCCESS' startTime='1489662766686' endTime='1489664096742'><ijLogEol/>
      <failureType>error</failureType><ijLogEol/>
    </result><ijLogEol/>
  </test><ijLogEol/>
</event></ijLog>

<ijLog><event type='beforeSuite'><ijLogEol/>
  <test id='1.4' parentId='1.1'><ijLogEol/>
    <descriptor name='test2' className='test2' /><ijLogEol/>
  </test><ijLogEol/>
</event></ijLog>

<ijLog><event type='afterSuite'><ijLogEol/>
  <test id='1.4' parentId='1.1'><ijLogEol/>
    <descriptor name='test2' className='test2' /><ijLogEol/>
    <result resultType='SUCCESS' startTime='1489664096742' endTime='1489664096744'><ijLogEol/>
      <failureType>error</failureType><ijLogEol/>
    </result><ijLogEol/>
  </test><ijLogEol/>
</event></ijLog>

<ijLog><event type='beforeSuite'><ijLogEol/>
  <test id='1.5' parentId='1.1'><ijLogEol/>
    <descriptor name='test3' className='test3' /><ijLogEol/>
  </test><ijLogEol/>
</event></ijLog>

<ijLog><event type='afterSuite'><ijLogEol/>
  <test id='1.5' parentId='1.1'><ijLogEol/>
    <descriptor name='test3' className='test3' /><ijLogEol/>
    <result resultType='SUCCESS' startTime='1489664096744' endTime='1489664096746'><ijLogEol/>
      <failureType>error</failureType><ijLogEol/>
    </result><ijLogEol/>
  </test><ijLogEol/>
</event></ijLog>

<ijLog><event type='beforeSuite'><ijLogEol/>
  <test id='1.6' parentId='1.1'><ijLogEol/>
    <descriptor name='test4' className='test4' /><ijLogEol/>
  </test><ijLogEol/>
</event></ijLog>

<ijLog><event type='afterSuite'><ijLogEol/>
  <test id='1.6' parentId='1.1'><ijLogEol/>
    <descriptor name='test4' className='test4' /><ijLogEol/>
    <result resultType='SUCCESS' startTime='1489664096747' endTime='1489664096749'><ijLogEol/>
      <failureType>error</failureType><ijLogEol/>
    </result><ijLogEol/>
  </test><ijLogEol/>
</event></ijLog>

<ijLog><event type='afterSuite'><ijLogEol/>
  <test id='1.1' parentId=':test'><ijLogEol/>
    <descriptor name='Gradle Test Executor 1' className='' /><ijLogEol/>
    <result resultType='SUCCESS' startTime='1489662766672' endTime='1489664096750'><ijLogEol/>
      <failureType>error</failureType><ijLogEol/>
    </result><ijLogEol/>
  </test><ijLogEol/>
</event></ijLog>

<ijLog><event type='afterSuite'><ijLogEol/>
  <test id=':test' parentId=''><ijLogEol/>
    <descriptor name='Gradle Test Run :test' className='' /><ijLogEol/>
    <result resultType='SUCCESS' startTime='1489662765738' endTime='1489664096854'><ijLogEol/>
      <failureType>error</failureType><ijLogEol/>
    </result><ijLogEol/>
  </test><ijLogEol/>
</event></ijLog>

BUILD SUCCESSFUL

Total time: 22 mins 21.903 secs
07:35:02.217 [DEBUG] [org.gradle.cache.internal.btree.BTreePersistentIndexedCache] Closing cache fileHashes.bin (/Users/kimberly_93pc/Documents/Sring2017/SWE443/SA-Assignment-5/MancalaHw5/.gradle/3.1/taskArtifacts/fileHashes.bin)
07:35:02.217 [DEBUG] [org.gradle.cache.internal.btree.BTreePersistentIndexedCache] Closing cache fileSnapshots.bin (/Users/kimberly_93pc/Documents/Sring2017/SWE443/SA-Assignment-5/MancalaHw5/.gradle/3.1/taskArtifacts/fileSnapshots.bin)
07:35:02.217 [DEBUG] [org.gradle.cache.internal.btree.BTreePersistentIndexedCache] Closing cache taskArtifacts.bin (/Users/kimberly_93pc/Documents/Sring2017/SWE443/SA-Assignment-5/MancalaHw5/.gradle/3.1/taskArtifacts/taskArtifacts.bin)
07:35:02.218 [DEBUG] [org.gradle.cache.internal.DefaultFileLockManager] Releasing lock on task history cache (/Users/kimberly_93pc/Documents/Sring2017/SWE443/SA-Assignment-5/MancalaHw5/.gradle/3.1/taskArtifacts).
07:35:02.218 [DEBUG] [org.gradle.cache.internal.DefaultCacheAccess] Cache task history cache (/Users/kimberly_93pc/Documents/Sring2017/SWE443/SA-Assignment-5/MancalaHw5/.gradle/3.1/taskArtifacts) was closed 2 times.
07:35:02.219 [DEBUG] [org.gradle.api.internal.artifacts.ivyservice.resolveengine.store.CachedStoreFactory] Resolution result cache closed. Cache reads: 0, disk reads: 0 (avg: 0.0 secs, total: 0.0 secs)
07:35:02.220 [DEBUG] [org.gradle.api.internal.artifacts.ivyservice.resolveengine.store.CachedStoreFactory] Resolution result cache closed. Cache reads: 0, disk reads: 0 (avg: 0.0 secs, total: 0.0 secs)
07:35:02.220 [DEBUG] [org.gradle.api.internal.artifacts.ivyservice.resolveengine.store.ResolutionResultsStoreFactory] Deleted 2 resolution results binary files in 0.001 secs
07:35:02.220 [DEBUG] [org.gradle.cache.internal.DefaultCacheAccess] Cache Plugin Resolution Cache (/Users/kimberly_93pc/Documents/Sring2017/SWE443/SAStudyRightByHand-master/caches/3.1/plugin-resolution) was closed 0 times.
07:35:02.221 [DEBUG] [org.gradle.api.internal.tasks.compile.daemon.CompilerDaemonManager] Stopping 0 compiler daemon(s).
07:35:02.221 [INFO] [org.gradle.api.internal.tasks.compile.daemon.CompilerDaemonManager] Stopped 0 compiler daemon(s).
07:35:02.221 [DEBUG] [org.gradle.cache.internal.DefaultFileLockManager] Releasing lock on cache directory workerMain (/Users/kimberly_93pc/Documents/Sring2017/SWE443/SAStudyRightByHand-master/caches/3.1/workerMain).
07:35:02.222 [DEBUG] [org.gradle.cache.internal.DefaultCacheAccess] Cache Generated Gradle JARs cache (/Users/kimberly_93pc/Documents/Sring2017/SWE443/SAStudyRightByHand-master/caches/3.1/generated-gradle-jars) was closed 0 times.
07:35:02.222 [DEBUG] [org.gradle.cache.internal.DefaultCacheAccess] Cache jars (/Users/kimberly_93pc/Documents/Sring2017/SWE443/SAStudyRightByHand-master/caches/jars-1) was closed 0 times.
07:35:02.222 [DEBUG] [org.gradle.launcher.daemon.server.exec.ExecuteBuild] The daemon has finished executing the build.
07:35:02.353 [DEBUG] [org.gradle.launcher.daemon.server.DaemonStateCoordinator] Command execution: finished waiting for DaemonCommandExecution[command = Build{id=ca03f66a-e7d3-46e7-a3b8-8bd64a75adf5.1, currentDir=/Users/kimberly_93pc/Documents/Sring2017/SWE443/SA-Assignment-5/MancalaHw5}, connection = org.gradle.launcher.daemon.server.DefaultDaemonConnection@da51a84]. Result org.gradle.launcher.daemon.server.DaemonStateCoordinator@3eea4cd4 with state Canceled
07:35:02.354 [DEBUG] [org.gradle.launcher.daemon.server.DaemonStateCoordinator] Command execution: completed DaemonCommandExecution[command = Build{id=ca03f66a-e7d3-46e7-a3b8-8bd64a75adf5.1, currentDir=/Users/kimberly_93pc/Documents/Sring2017/SWE443/SA-Assignment-5/MancalaHw5}, connection = org.gradle.launcher.daemon.server.DefaultDaemonConnection@da51a84]
07:35:02.354 [DEBUG] [org.gradle.launcher.daemon.server.DaemonStateCoordinator] updating lastActivityAt to 1489664102354
07:35:02.354 [INFO] [org.gradle.launcher.daemon.server.DaemonRegistryUpdater] Marking the daemon as idle, address: [0a2e8fc5-9e6c-41a9-8a78-95c229a85b7b port:60499, addresses:[/0:0:0:0:0:0:0:1, /127.0.0.1]]
07:35:02.354 [DEBUG] [org.gradle.launcher.daemon.registry.PersistentDaemonRegistry] Marking busy by address: [0a2e8fc5-9e6c-41a9-8a78-95c229a85b7b port:60499, addresses:[/0:0:0:0:0:0:0:1, /127.0.0.1]]
07:35:02.355 [DEBUG] [org.gradle.cache.internal.DefaultFileLockManager] Waiting to acquire exclusive lock on daemon addresses registry.
07:35:02.355 [DEBUG] [org.gradle.cache.internal.DefaultFileLockManager] Lock acquired.
07:35:02.357 [DEBUG] [org.gradle.cache.internal.DefaultFileLockManager] Releasing lock on daemon addresses registry.
07:35:02.357 [DEBUG] [org.gradle.launcher.daemon.server.DaemonStateCoordinator] Cancel: daemon is idle now.
07:35:02.357 [DEBUG] [org.gradle.launcher.daemon.server.DaemonStateCoordinator] daemon is running. Sleeping until state changes.
07:35:02.357 [DEBUG] [org.gradle.launcher.daemon.server.exec.ReturnResult] Daemon is dispatching the build result: Success[value=org.gradle.tooling.internal.provider.BuildActionResult@677794ea]
07:35:02.357 [DEBUG] [org.gradle.launcher.daemon.server.SynchronizedDispatchConnection] thread 14: dispatching class org.gradle.launcher.daemon.protocol.Success
07:35:02.361 [DEBUG] [org.gradle.launcher.daemon.server.DefaultIncomingConnectionHandler] Finishing executing command: Build{id=ca03f66a-e7d3-46e7-a3b8-8bd64a75adf5.1, currentDir=/Users/kimberly_93pc/Documents/Sring2017/SWE443/SA-Assignment-5/MancalaHw5}
07:35:02.365 [DEBUG] [org.gradle.launcher.daemon.server.SynchronizedDispatchConnection] thread 15: received class org.gradle.launcher.daemon.protocol.Finished
07:35:02.366 [DEBUG] [org.gradle.launcher.daemon.server.DefaultDaemonConnection] thread 15: Received non-IO message from client: org.gradle.launcher.daemon.protocol.Finished@461fbe
07:35:02.366 [DEBUG] [org.gradle.launcher.daemon.server.DefaultIncomingConnectionHandler] Received finished message: org.gradle.launcher.daemon.protocol.Finished@461fbe
07:35:02.366 [DEBUG] [org.gradle.launcher.daemon.server.SynchronizedDispatchConnection] thread 14: stopping connection
07:35:02.366 [DEBUG] [org.gradle.internal.remote.internal.inet.SocketConnection] Discarding EOFException: java.io.EOFException
07:35:02.366 [DEBUG] [org.gradle.launcher.daemon.server.SynchronizedDispatchConnection] thread 15: received null
07:35:02.367 [DEBUG] [org.gradle.launcher.daemon.server.DefaultDaemonConnection] thread 15: Received end-of-input from client.
07:35:02.367 [DEBUG] [org.gradle.launcher.daemon.server.SynchronizedDispatchConnection] thread 14: stopping connection
07:35:11.239 [DEBUG] [org.gradle.launcher.daemon.server.Daemon] DaemonExpirationPeriodicCheck running
07:35:11.240 [DEBUG] [org.gradle.cache.internal.DefaultFileLockManager] Waiting to acquire shared lock on daemon addresses registry.
07:35:11.240 [DEBUG] [org.gradle.cache.internal.DefaultFileLockManager] Lock acquired.
07:35:11.241 [DEBUG] [org.gradle.cache.internal.DefaultFileLockManager] Releasing lock on daemon addresses registry.
07:35:11.242 [DEBUG] [org.gradle.cache.internal.DefaultFileLockManager] Waiting to acquire shared lock on daemon addresses registry.
07:35:11.242 [DEBUG] [org.gradle.cache.internal.DefaultFileLockManager] Lock acquired.
07:35:11.242 [DEBUG] [org.gradle.cache.internal.DefaultFileLockManager] Releasing lock on daemon addresses registry.
07:35:21.241 [DEBUG] [org.gradle.launcher.daemon.server.Daemon] DaemonExpirationPeriodicCheck running
07:35:21.242 [DEBUG] [org.gradle.cache.internal.DefaultFileLockManager] Waiting to acquire shared lock on daemon addresses registry.
07:35:21.242 [DEBUG] [org.gradle.cache.internal.DefaultFileLockManager] Lock acquired.
07:35:21.242 [DEBUG] [org.gradle.cache.internal.DefaultFileLockManager] Releasing lock on daemon addresses registry.
07:35:21.243 [INFO] [org.gradle.launcher.daemon.server.DaemonIdleTimeoutExpirationStrategy] Idle timeout: daemon has been idle for 18889 milliseconds. Expiring.
07:35:21.243 [DEBUG] [org.gradle.cache.internal.DefaultFileLockManager] Waiting to acquire shared lock on daemon addresses registry.
07:35:21.243 [DEBUG] [org.gradle.cache.internal.DefaultFileLockManager] Lock acquired.
07:35:21.244 [DEBUG] [org.gradle.cache.internal.DefaultFileLockManager] Releasing lock on daemon addresses registry.
07:35:21.244 [DEBUG] [org.gradle.cache.internal.DefaultFileLockManager] Waiting to acquire shared lock on daemon addresses registry.
07:35:21.245 [DEBUG] [org.gradle.cache.internal.DefaultFileLockManager] Lock acquired.
07:35:21.245 [DEBUG] [org.gradle.cache.internal.DefaultFileLockManager] Releasing lock on daemon addresses registry.
07:35:31.241 [DEBUG] [org.gradle.launcher.daemon.server.Daemon] DaemonExpirationPeriodicCheck running
07:35:31.241 [DEBUG] [org.gradle.cache.internal.DefaultFileLockManager] Waiting to acquire shared lock on daemon addresses registry.
07:35:31.242 [DEBUG] [org.gradle.cache.internal.DefaultFileLockManager] Lock acquired.
07:35:31.242 [DEBUG] [org.gradle.cache.internal.DefaultFileLockManager] Releasing lock on daemon addresses registry.
07:35:31.243 [INFO] [org.gradle.launcher.daemon.server.DaemonIdleTimeoutExpirationStrategy] Idle timeout: daemon has been idle for 28889 milliseconds. Expiring.
07:35:31.243 [DEBUG] [org.gradle.cache.internal.DefaultFileLockManager] Waiting to acquire shared lock on daemon addresses registry.
07:35:31.243 [DEBUG] [org.gradle.cache.internal.DefaultFileLockManager] Lock acquired.
07:35:31.244 [DEBUG] [org.gradle.cache.internal.DefaultFileLockManager] Releasing lock on daemon addresses registry.
07:35:31.244 [DEBUG] [org.gradle.cache.internal.DefaultFileLockManager] Waiting to acquire shared lock on daemon addresses registry.
07:35:31.244 [DEBUG] [org.gradle.cache.internal.DefaultFileLockManager] Lock acquired.
07:35:31.245 [DEBUG] [org.gradle.cache.internal.DefaultFileLockManager] Releasing lock on daemon addresses registry.
07:35:41.237 [DEBUG] [org.gradle.launcher.daemon.server.Daemon] DaemonExpirationPeriodicCheck running
07:35:41.239 [DEBUG] [org.gradle.cache.internal.DefaultFileLockManager] Waiting to acquire shared lock on daemon addresses registry.
07:35:41.239 [DEBUG] [org.gradle.cache.internal.DefaultFileLockManager] Lock acquired.
07:35:41.239 [DEBUG] [org.gradle.cache.internal.DefaultFileLockManager] Releasing lock on daemon addresses registry.
07:35:41.240 [INFO] [org.gradle.launcher.daemon.server.DaemonIdleTimeoutExpirationStrategy] Idle timeout: daemon has been idle for 38886 milliseconds. Expiring.
07:35:41.240 [DEBUG] [org.gradle.cache.internal.DefaultFileLockManager] Waiting to acquire shared lock on daemon addresses registry.
07:35:41.240 [DEBUG] [org.gradle.cache.internal.DefaultFileLockManager] Lock acquired.
07:35:41.241 [DEBUG] [org.gradle.cache.internal.DefaultFileLockManager] Releasing lock on daemon addresses registry.
07:35:41.241 [DEBUG] [org.gradle.cache.internal.DefaultFileLockManager] Waiting to acquire shared lock on daemon addresses registry.
07:35:41.241 [DEBUG] [org.gradle.cache.internal.DefaultFileLockManager] Lock acquired.
07:35:41.241 [DEBUG] [org.gradle.cache.internal.DefaultFileLockManager] Releasing lock on daemon addresses registry.
07:35:51.240 [DEBUG] [org.gradle.launcher.daemon.server.Daemon] DaemonExpirationPeriodicCheck running
07:35:51.241 [DEBUG] [org.gradle.cache.internal.DefaultFileLockManager] Waiting to acquire shared lock on daemon addresses registry.
07:35:51.241 [DEBUG] [org.gradle.cache.internal.DefaultFileLockManager] Lock acquired.
07:35:51.242 [DEBUG] [org.gradle.cache.internal.DefaultFileLockManager] Releasing lock on daemon addresses registry.
07:35:51.242 [INFO] [org.gradle.launcher.daemon.server.DaemonIdleTimeoutExpirationStrategy] Idle timeout: daemon has been idle for 48888 milliseconds. Expiring.
07:35:51.242 [DEBUG] [org.gradle.cache.internal.DefaultFileLockManager] Waiting to acquire shared lock on daemon addresses registry.
07:35:51.243 [DEBUG] [org.gradle.cache.internal.DefaultFileLockManager] Lock acquired.
07:35:51.243 [DEBUG] [org.gradle.cache.internal.DefaultFileLockManager] Releasing lock on daemon addresses registry.
07:35:51.243 [DEBUG] [org.gradle.cache.internal.DefaultFileLockManager] Waiting to acquire shared lock on daemon addresses registry.
07:35:51.243 [DEBUG] [org.gradle.cache.internal.DefaultFileLockManager] Lock acquired.
07:35:51.244 [DEBUG] [org.gradle.cache.internal.DefaultFileLockManager] Releasing lock on daemon addresses registry.
07:36:01.238 [DEBUG] [org.gradle.launcher.daemon.server.Daemon] DaemonExpirationPeriodicCheck running
07:36:01.239 [DEBUG] [org.gradle.cache.internal.DefaultFileLockManager] Waiting to acquire shared lock on daemon addresses registry.
07:36:01.239 [DEBUG] [org.gradle.cache.internal.DefaultFileLockManager] Lock acquired.
07:36:01.240 [DEBUG] [org.gradle.cache.internal.DefaultFileLockManager] Releasing lock on daemon addresses registry.
07:36:01.240 [INFO] [org.gradle.launcher.daemon.server.DaemonIdleTimeoutExpirationStrategy] Idle timeout: daemon has been idle for 58886 milliseconds. Expiring.
07:36:01.241 [DEBUG] [org.gradle.cache.internal.DefaultFileLockManager] Waiting to acquire shared lock on daemon addresses registry.
07:36:01.241 [DEBUG] [org.gradle.cache.internal.DefaultFileLockManager] Lock acquired.
07:36:01.241 [DEBUG] [org.gradle.cache.internal.DefaultFileLockManager] Releasing lock on daemon addresses registry.
07:36:01.241 [DEBUG] [org.gradle.cache.internal.DefaultFileLockManager] Waiting to acquire shared lock on daemon addresses registry.
07:36:01.242 [DEBUG] [org.gradle.cache.internal.DefaultFileLockManager] Lock acquired.
07:36:01.242 [DEBUG] [org.gradle.cache.internal.DefaultFileLockManager] Releasing lock on daemon addresses registry.
07:36:11.236 [DEBUG] [org.gradle.launcher.daemon.server.Daemon] DaemonExpirationPeriodicCheck running
07:36:11.236 [DEBUG] [org.gradle.cache.internal.DefaultFileLockManager] Waiting to acquire shared lock on daemon addresses registry.
07:36:11.236 [DEBUG] [org.gradle.cache.internal.DefaultFileLockManager] Lock acquired.
07:36:11.236 [DEBUG] [org.gradle.cache.internal.DefaultFileLockManager] Releasing lock on daemon addresses registry.
07:36:11.237 [INFO] [org.gradle.launcher.daemon.server.DaemonIdleTimeoutExpirationStrategy] Idle timeout: daemon has been idle for 68883 milliseconds. Expiring.
07:36:11.237 [INFO] [org.gradle.launcher.daemon.server.DaemonIdleTimeoutExpirationStrategy] Idle timeout: daemon has been idle for 68883 milliseconds. Expiring.
07:36:11.237 [DEBUG] [org.gradle.cache.internal.DefaultFileLockManager] Waiting to acquire shared lock on daemon addresses registry.
07:36:11.237 [DEBUG] [org.gradle.cache.internal.DefaultFileLockManager] Lock acquired.
07:36:11.237 [DEBUG] [org.gradle.cache.internal.DefaultFileLockManager] Releasing lock on daemon addresses registry.
07:36:11.238 [DEBUG] [org.gradle.cache.internal.DefaultFileLockManager] Waiting to acquire shared lock on daemon addresses registry.
07:36:11.238 [DEBUG] [org.gradle.cache.internal.DefaultFileLockManager] Lock acquired.
07:36:11.238 [DEBUG] [org.gradle.cache.internal.DefaultFileLockManager] Releasing lock on daemon addresses registry.
07:36:11.239 [LIFECYCLE] [org.gradle.launcher.daemon.server.DaemonStateCoordinator] Daemon will be stopped at the end of the build after being idle for 1 minutes
07:36:11.239 [DEBUG] [org.gradle.launcher.daemon.server.DaemonStateCoordinator] Marking daemon stopped due to after being idle for 1 minutes. The daemon is running a build: false
07:36:11.239 [DEBUG] [org.gradle.launcher.daemon.server.DaemonStateCoordinator] daemon has stopped.
07:36:11.239 [DEBUG] [org.gradle.launcher.daemon.server.Daemon] stop() called on daemon
07:36:11.239 [INFO] [org.gradle.launcher.daemon.server.Daemon] Stop requested. Daemon is removing its presence from the registry...
07:36:11.240 [DEBUG] [org.gradle.launcher.daemon.server.DaemonRegistryUpdater] Removing our presence to clients, eg. removing this address from the registry: [0a2e8fc5-9e6c-41a9-8a78-95c229a85b7b port:60499, addresses:[/0:0:0:0:0:0:0:1, /127.0.0.1]]
07:36:11.240 [DEBUG] [org.gradle.launcher.daemon.registry.PersistentDaemonRegistry] Removing daemon address: [0a2e8fc5-9e6c-41a9-8a78-95c229a85b7b port:60499, addresses:[/0:0:0:0:0:0:0:1, /127.0.0.1]]
07:36:11.241 [DEBUG] [org.gradle.cache.internal.DefaultFileLockManager] Waiting to acquire exclusive lock on daemon addresses registry.
07:36:11.241 [DEBUG] [org.gradle.cache.internal.DefaultFileLockManager] Lock acquired.
07:36:11.242 [DEBUG] [org.gradle.cache.internal.DefaultFileLockManager] Releasing lock on daemon addresses registry.
07:36:11.243 [DEBUG] [org.gradle.launcher.daemon.server.DaemonRegistryUpdater] Address removed from registry.
Daemon vm is shutting down... The daemon has exited normally or was terminated in response to a user interrupt.
07:36:11.244 [DEBUG] [org.gradle.launcher.daemon.registry.PersistentDaemonRegistry] Removing daemon address: [0a2e8fc5-9e6c-41a9-8a78-95c229a85b7b port:60499, addresses:[/0:0:0:0:0:0:0:1, /127.0.0.1]]
07:36:11.245 [DEBUG] [org.gradle.cache.internal.DefaultFileLockManager] Waiting to acquire exclusive lock on daemon addresses registry.
07:36:11.245 [DEBUG] [org.gradle.cache.internal.DefaultFileLockManager] Lock acquired.
07:36:11.246 [DEBUG] [org.gradle.cache.internal.DefaultFileLockManager] Releasing lock on daemon addresses registry.
