19:24:13.963 [DEBUG] [org.gradle.launcher.daemon.bootstrap.DaemonMain] Assuming the daemon was started with following jvm opts: [-XX:MaxPermSize=256m, -XX:+HeapDumpOnOutOfMemoryError, -Xmx1024m, -Dfile.encoding=UTF-8, -Duser.country=US, -Duser.language=en, -Duser.variant]
19:24:14.059 [INFO] [org.gradle.launcher.daemon.server.Daemon] start() called on daemon - DefaultDaemonContext[uid=3fe46dee-baea-4b8e-976e-2020b78c45d2,javaHome=/Library/Java/JavaVirtualMachines/jdk1.8.0_121.jdk/Contents/Home,daemonRegistryDir=/Users/kimberly_93pc/Documents/Sring2017/SWE443/SAStudyRightByHand-master/daemon,pid=16719,idleTimeout=60000,daemonOpts=-XX:MaxPermSize=256m,-XX:+HeapDumpOnOutOfMemoryError,-Xmx1024m,-Dfile.encoding=UTF-8,-Duser.country=US,-Duser.language=en,-Duser.variant]
19:24:14.065 [DEBUG] [org.gradle.launcher.daemon.server.DaemonStateCoordinator] updating lastActivityAt to 1489706654064
19:24:14.085 [DEBUG] [org.gradle.internal.remote.internal.inet.InetAddresses] Adding IP addresses for network interface utun0
19:24:14.085 [DEBUG] [org.gradle.internal.remote.internal.inet.InetAddresses] Is this a loopback interface? false
19:24:14.086 [DEBUG] [org.gradle.internal.remote.internal.inet.InetAddresses] Is this a multicast interface? true
19:24:14.087 [DEBUG] [org.gradle.internal.remote.internal.inet.InetAddresses] Adding remote address /fe80:0:0:0:2fb5:ab8d:376:59d0%utun0
19:24:14.088 [DEBUG] [org.gradle.internal.remote.internal.inet.InetAddresses] Adding remote multicast interface utun0
19:24:14.088 [DEBUG] [org.gradle.internal.remote.internal.inet.InetAddresses] Adding IP addresses for network interface en1
19:24:14.088 [DEBUG] [org.gradle.internal.remote.internal.inet.InetAddresses] Is this a loopback interface? false
19:24:14.089 [DEBUG] [org.gradle.internal.remote.internal.inet.InetAddresses] Is this a multicast interface? true
19:24:14.089 [DEBUG] [org.gradle.internal.remote.internal.inet.InetAddresses] Adding remote address /2601:5cc:c702:1187:6087:ecdb:a8f3:bd5f
19:24:14.090 [DEBUG] [org.gradle.internal.remote.internal.inet.InetAddresses] Adding remote address /2601:5cc:c702:1187:1c49:13b2:fb5d:6934
19:24:14.090 [DEBUG] [org.gradle.internal.remote.internal.inet.InetAddresses] Adding remote address /fd1c:67a8:c32b:0:7d62:8793:4b8e:3c5
19:24:14.090 [DEBUG] [org.gradle.internal.remote.internal.inet.InetAddresses] Adding remote address /fd1c:67a8:c32b:0:10b1:914d:79a7:eda0
19:24:14.091 [DEBUG] [org.gradle.internal.remote.internal.inet.InetAddresses] Adding remote address /fe80:0:0:0:47a:5fec:4e35:b147%en1
19:24:14.091 [DEBUG] [org.gradle.internal.remote.internal.inet.InetAddresses] Adding remote address /192.168.1.114
19:24:14.091 [DEBUG] [org.gradle.internal.remote.internal.inet.InetAddresses] Adding remote multicast interface en1
19:24:14.091 [DEBUG] [org.gradle.internal.remote.internal.inet.InetAddresses] Adding IP addresses for network interface lo0
19:24:14.092 [DEBUG] [org.gradle.internal.remote.internal.inet.InetAddresses] Is this a loopback interface? true
19:24:14.092 [DEBUG] [org.gradle.internal.remote.internal.inet.InetAddresses] Is this a multicast interface? true
19:24:14.092 [DEBUG] [org.gradle.internal.remote.internal.inet.InetAddresses] Ignoring remote address on loopback interface /fe80:0:0:0:0:0:0:1%lo0
19:24:14.092 [DEBUG] [org.gradle.internal.remote.internal.inet.InetAddresses] Adding loopback address /0:0:0:0:0:0:0:1
19:24:14.093 [DEBUG] [org.gradle.internal.remote.internal.inet.InetAddresses] Adding loopback address /127.0.0.1
19:24:14.093 [DEBUG] [org.gradle.internal.remote.internal.inet.InetAddresses] Adding loopback multicast interface lo0
19:24:14.097 [DEBUG] [org.gradle.internal.remote.internal.inet.TcpIncomingConnector] Listening on [ca467ba8-8f27-4124-8128-29eaf613d947 port:62920, addresses:[/0:0:0:0:0:0:0:1, /127.0.0.1]].
19:24:14.098 [DEBUG] [org.gradle.launcher.daemon.server.Daemon] Daemon starting at: Thu Mar 16 19:24:14 EDT 2017, with address: [ca467ba8-8f27-4124-8128-29eaf613d947 port:62920, addresses:[/0:0:0:0:0:0:0:1, /127.0.0.1]]
19:24:14.099 [INFO] [org.gradle.launcher.daemon.server.DaemonRegistryUpdater] Advertising the daemon address to the clients: [ca467ba8-8f27-4124-8128-29eaf613d947 port:62920, addresses:[/0:0:0:0:0:0:0:1, /127.0.0.1]]
19:24:14.099 [DEBUG] [org.gradle.launcher.daemon.server.DaemonRegistryUpdater] Advertised daemon context: DefaultDaemonContext[uid=3fe46dee-baea-4b8e-976e-2020b78c45d2,javaHome=/Library/Java/JavaVirtualMachines/jdk1.8.0_121.jdk/Contents/Home,daemonRegistryDir=/Users/kimberly_93pc/Documents/Sring2017/SWE443/SAStudyRightByHand-master/daemon,pid=16719,idleTimeout=60000,daemonOpts=-XX:MaxPermSize=256m,-XX:+HeapDumpOnOutOfMemoryError,-Xmx1024m,-Dfile.encoding=UTF-8,-Duser.country=US,-Duser.language=en,-Duser.variant]
19:24:14.100 [DEBUG] [org.gradle.launcher.daemon.registry.PersistentDaemonRegistry] Storing daemon address: [ca467ba8-8f27-4124-8128-29eaf613d947 port:62920, addresses:[/0:0:0:0:0:0:0:1, /127.0.0.1]], context: DefaultDaemonContext[uid=3fe46dee-baea-4b8e-976e-2020b78c45d2,javaHome=/Library/Java/JavaVirtualMachines/jdk1.8.0_121.jdk/Contents/Home,daemonRegistryDir=/Users/kimberly_93pc/Documents/Sring2017/SWE443/SAStudyRightByHand-master/daemon,pid=16719,idleTimeout=60000,daemonOpts=-XX:MaxPermSize=256m,-XX:+HeapDumpOnOutOfMemoryError,-Xmx1024m,-Dfile.encoding=UTF-8,-Duser.country=US,-Duser.language=en,-Duser.variant]
19:24:14.109 [DEBUG] [org.gradle.cache.internal.DefaultFileLockManager] Waiting to acquire exclusive lock on daemon addresses registry.
19:24:14.111 [DEBUG] [org.gradle.cache.internal.DefaultFileLockManager] Lock acquired.
19:24:14.179 [DEBUG] [org.gradle.cache.internal.DefaultFileLockManager] Releasing lock on daemon addresses registry.
19:24:14.180 [LIFECYCLE] [org.gradle.launcher.daemon.server.Daemon] Daemon server started.
19:24:14.182 [DEBUG] [org.gradle.launcher.daemon.bootstrap.DaemonStartupCommunication] Completed writing the daemon greeting. Closing streams...
19:24:14.186 [DEBUG] [org.gradle.internal.remote.internal.inet.TcpIncomingConnector] Accepted connection from /127.0.0.1:62921 to /127.0.0.1:62920.
19:24:14.264 [DEBUG] [org.gradle.launcher.daemon.server.SynchronizedDispatchConnection] thread 15: received class org.gradle.launcher.daemon.protocol.Build
19:24:14.265 [DEBUG] [org.gradle.launcher.daemon.server.DefaultDaemonConnection] thread 15: Received non-IO message from client: Build{id=db3ab736-e2f6-43ad-8bfe-0386a401be6c.1, currentDir=/Users/kimberly_93pc/Documents/Sring2017/SWE443/SA-Assignment-5/MancalaHw5}
19:24:14.265 [INFO] [org.gradle.launcher.daemon.server.DefaultIncomingConnectionHandler] Received command: Build{id=db3ab736-e2f6-43ad-8bfe-0386a401be6c.1, currentDir=/Users/kimberly_93pc/Documents/Sring2017/SWE443/SA-Assignment-5/MancalaHw5}.
19:24:14.266 [DEBUG] [org.gradle.launcher.daemon.server.DefaultIncomingConnectionHandler] Starting executing command: Build{id=db3ab736-e2f6-43ad-8bfe-0386a401be6c.1, currentDir=/Users/kimberly_93pc/Documents/Sring2017/SWE443/SA-Assignment-5/MancalaHw5} with connection: socket connection from /127.0.0.1:62920 to /127.0.0.1:62921.
19:24:14.269 [ERROR] [org.gradle.launcher.daemon.server.DaemonStateCoordinator] Command execution: started DaemonCommandExecution[command = Build{id=db3ab736-e2f6-43ad-8bfe-0386a401be6c.1, currentDir=/Users/kimberly_93pc/Documents/Sring2017/SWE443/SA-Assignment-5/MancalaHw5}, connection = org.gradle.launcher.daemon.server.DefaultDaemonConnection@13ad6b] after 0.0 minutes of idle
19:24:14.269 [INFO] [org.gradle.launcher.daemon.server.DaemonRegistryUpdater] Marking the daemon as busy, address: [ca467ba8-8f27-4124-8128-29eaf613d947 port:62920, addresses:[/0:0:0:0:0:0:0:1, /127.0.0.1]]
19:24:14.270 [DEBUG] [org.gradle.launcher.daemon.registry.PersistentDaemonRegistry] Marking busy by address: [ca467ba8-8f27-4124-8128-29eaf613d947 port:62920, addresses:[/0:0:0:0:0:0:0:1, /127.0.0.1]]
19:24:14.270 [DEBUG] [org.gradle.cache.internal.DefaultFileLockManager] Waiting to acquire exclusive lock on daemon addresses registry.
19:24:14.271 [DEBUG] [org.gradle.cache.internal.DefaultFileLockManager] Lock acquired.
19:24:14.273 [DEBUG] [org.gradle.cache.internal.DefaultFileLockManager] Releasing lock on daemon addresses registry.
19:24:14.273 [DEBUG] [org.gradle.launcher.daemon.server.DaemonStateCoordinator] updating lastActivityAt to 1489706654273
19:24:14.275 [INFO] [org.gradle.launcher.daemon.server.exec.StartBuildOrRespondWithBusy] Daemon is about to start building Build{id=db3ab736-e2f6-43ad-8bfe-0386a401be6c.1, currentDir=/Users/kimberly_93pc/Documents/Sring2017/SWE443/SA-Assignment-5/MancalaHw5}. Dispatching build started information...
19:24:14.275 [DEBUG] [org.gradle.launcher.daemon.server.SynchronizedDispatchConnection] thread 17: dispatching class org.gradle.launcher.daemon.protocol.BuildStarted
19:24:14.282 [DEBUG] [org.gradle.launcher.daemon.server.SynchronizedDispatchConnection] thread 15: received class org.gradle.launcher.daemon.protocol.CloseInput
19:24:14.282 [DEBUG] [org.gradle.launcher.daemon.server.DefaultDaemonConnection] thread 15: Received IO message from client: org.gradle.launcher.daemon.protocol.CloseInput@b22deb3
19:24:14.282 [DEBUG] [org.gradle.launcher.daemon.server.exec.EstablishBuildEnvironment] Configuring env variables: {PATH=/usr/bin:/bin:/usr/sbin:/sbin, SSH_AUTH_SOCK=/private/tmp/com.apple.launchd.YyvvxuojOG/Listeners, XPC_FLAGS=0x0, SHELL=/bin/bash, __CF_USER_TEXT_ENCODING=0x1F5:0x0:0x0, Apple_PubSub_Socket_Render=/private/tmp/com.apple.launchd.fh0BpRfXJf/Render, LOGNAME=kimberly_93pc, USER=kimberly_93pc, XPC_SERVICE_NAME=com.jetbrains.intellij.ce.3188, HOME=/Users/kimberly_93pc, TMPDIR=/var/folders/pn/p8n6fhmj4z1d3dxy54h5yklm0000gn/T/}
19:24:14.296 [DEBUG] [org.gradle.launcher.daemon.server.exec.LogToClient] About to start relaying all logs to the client via the connection.
19:24:14.297 [INFO] [org.gradle.launcher.daemon.server.exec.LogToClient] The client will now receive all logging from the daemon (pid: 16719). The daemon log file: /Users/kimberly_93pc/Documents/Sring2017/SWE443/SAStudyRightByHand-master/daemon/3.1/daemon-16719.out.log
19:24:14.298 [INFO] [org.gradle.launcher.daemon.server.exec.LogAndCheckHealth] Starting build in new daemon [memory: 954.7 MB]
19:24:14.299 [INFO] [org.gradle.launcher.daemon.server.exec.ForwardClientInput] Closing daemon's stdin at end of input.
19:24:14.299 [INFO] [org.gradle.launcher.daemon.server.exec.ForwardClientInput] The daemon will no longer process any standard input.
19:24:14.305 [DEBUG] [org.gradle.launcher.daemon.server.exec.ExecuteBuild] The daemon has started executing the build.
19:24:14.306 [INFO] [org.gradle.launcher.daemon.server.exec.ExecuteBuild] Executing build with daemon context: DefaultDaemonContext[uid=3fe46dee-baea-4b8e-976e-2020b78c45d2,javaHome=/Library/Java/JavaVirtualMachines/jdk1.8.0_121.jdk/Contents/Home,daemonRegistryDir=/Users/kimberly_93pc/Documents/Sring2017/SWE443/SAStudyRightByHand-master/daemon,pid=16719,idleTimeout=60000,daemonOpts=-XX:MaxPermSize=256m,-XX:+HeapDumpOnOutOfMemoryError,-Xmx1024m,-Dfile.encoding=UTF-8,-Duser.country=US,-Duser.language=en,-Duser.variant]
19:24:14.320 [INFO] [org.gradle.process.internal.DefaultExecHandle] Starting process 'command '/usr/bin/vm_stat''. Working directory: /Users/kimberly_93pc/Documents/Sring2017/SWE443/SA-Assignment-5/MancalaHw5 Command: /usr/bin/vm_stat 
19:24:14.321 [DEBUG] [org.gradle.process.internal.DefaultExecHandle] Environment for process 'command '/usr/bin/vm_stat'': {PATH=/usr/bin:/bin:/usr/sbin:/sbin, SSH_AUTH_SOCK=/private/tmp/com.apple.launchd.YyvvxuojOG/Listeners, SHELL=/bin/bash, XPC_FLAGS=0x0, __CF_USER_TEXT_ENCODING=0x1F5:0x0:0x0, Apple_PubSub_Socket_Render=/private/tmp/com.apple.launchd.fh0BpRfXJf/Render, LOGNAME=kimberly_93pc, XPC_SERVICE_NAME=com.jetbrains.intellij.ce.3188, USER=kimberly_93pc, HOME=/Users/kimberly_93pc, TMPDIR=/var/folders/pn/p8n6fhmj4z1d3dxy54h5yklm0000gn/T/}
19:24:14.321 [DEBUG] [org.gradle.process.internal.DefaultExecHandle] Changing state to: STARTING
19:24:14.323 [DEBUG] [org.gradle.process.internal.DefaultExecHandle] Waiting until process started: command '/usr/bin/vm_stat'.
19:24:14.371 [DEBUG] [org.gradle.process.internal.DefaultExecHandle] Changing state to: STARTED
19:24:14.372 [DEBUG] [org.gradle.process.internal.ExecHandleRunner] waiting until streams are handled...
19:24:14.372 [INFO] [org.gradle.process.internal.DefaultExecHandle] Successfully started process 'command '/usr/bin/vm_stat''
19:24:14.373 [DEBUG] [org.gradle.process.internal.DefaultExecHandle] Changing state to: SUCCEEDED
19:24:14.374 [DEBUG] [org.gradle.process.internal.DefaultExecHandle] Process 'command '/usr/bin/vm_stat'' finished with exit value 0 (state: SUCCEEDED)
19:24:14.377 [DEBUG] [org.gradle.launcher.daemon.server.Daemon] stopOnExpiration() called on daemon
19:24:14.378 [DEBUG] [org.gradle.launcher.daemon.server.Daemon] awaitExpiration() called on daemon
19:24:14.378 [DEBUG] [org.gradle.launcher.daemon.server.DaemonStateCoordinator] daemon is running. Sleeping until state changes.
:cleanTest
:compileJava UP-TO-DATE
:processResources UP-TO-DATE
:classes UP-TO-DATE
:compileTestJava
:processTestResources UP-TO-DATE
:testClasses
:test

<ijLog><event type='reportLocation' testReport='/Users/kimberly_93pc/Documents/Sring2017/SWE443/SA-Assignment-5/MancalaHw5/build/reports/tests/test/index.html' /></ijLog>

<ijLog><event type='beforeSuite'><ijLogEol/>
  <test id=':test' parentId=''><ijLogEol/>
    <descriptor name='Gradle Test Run :test' className='' /><ijLogEol/>
  </test><ijLogEol/>
</event></ijLog>

<ijLog><event type='beforeSuite'><ijLogEol/>
  <test id='1.1' parentId=':test'><ijLogEol/>
    <descriptor name='Gradle Test Executor 1' className='' /><ijLogEol/>
  </test><ijLogEol/>
</event></ijLog>

<ijLog><event type='beforeSuite'><ijLogEol/>
  <test id='1.2' parentId='1.1'><ijLogEol/>
    <descriptor name='test1' className='test1' /><ijLogEol/>
  </test><ijLogEol/>
</event></ijLog>

<ijLog><event type='afterSuite'><ijLogEol/>
  <test id='1.2' parentId='1.1'><ijLogEol/>
    <descriptor name='test1' className='test1' /><ijLogEol/>
    <result resultType='SUCCESS' startTime='1489706659527' endTime='1489706659584'><ijLogEol/>
      <failureType>error</failureType><ijLogEol/>
    </result><ijLogEol/>
  </test><ijLogEol/>
</event></ijLog>

<ijLog><event type='beforeSuite'><ijLogEol/>
  <test id='1.3' parentId='1.1'><ijLogEol/>
    <descriptor name='test2' className='test2' /><ijLogEol/>
  </test><ijLogEol/>
</event></ijLog>

<ijLog><event type='beforeTest'><ijLogEol/>
  <test id='1.4' parentId='1.3'><ijLogEol/>
    <descriptor name='takeOppositePebbles' className='test2' /><ijLogEol/>
  </test><ijLogEol/>
</event></ijLog>

<ijLog><event type='onOutput'><ijLogEol/>
  <test id='1.4' parentId='1.3'><ijLogEol/>
    <descriptor name='takeOppositePebbles' className='test2' /><ijLogEol/>
    <event destination='StdOut'><![CDATA[UGViYmxlcyBpbiBBc2gncyBwaXQgMCBpcyA0Cg==]]></event><ijLogEol/>
  </test><ijLogEol/>
</event></ijLog>

<ijLog><event type='onOutput'><ijLogEol/>
  <test id='1.4' parentId='1.3'><ijLogEol/>
    <descriptor name='takeOppositePebbles' className='test2' /><ijLogEol/>
    <event destination='StdOut'><![CDATA[Cg==]]></event><ijLogEol/>
  </test><ijLogEol/>
</event></ijLog>

<ijLog><event type='afterTest'><ijLogEol/>
  <test id='1.4' parentId='1.3'><ijLogEol/>
    <descriptor name='takeOppositePebbles' className='test2' /><ijLogEol/>
    <result resultType='SUCCESS' startTime='1489706659597' endTime='1489706659879'><ijLogEol/>
      <failureType>error</failureType><ijLogEol/>
    </result><ijLogEol/>
  </test><ijLogEol/>
</event></ijLog>

<ijLog><event type='afterSuite'><ijLogEol/>
  <test id='1.3' parentId='1.1'><ijLogEol/>
    <descriptor name='test2' className='test2' /><ijLogEol/>
    <result resultType='SUCCESS' startTime='1489706659585' endTime='1489706659879'><ijLogEol/>
      <failureType>error</failureType><ijLogEol/>
    </result><ijLogEol/>
  </test><ijLogEol/>
</event></ijLog>

<ijLog><event type='beforeSuite'><ijLogEol/>
  <test id='1.5' parentId='1.1'><ijLogEol/>
    <descriptor name='test3' className='test3' /><ijLogEol/>
  </test><ijLogEol/>
</event></ijLog>

<ijLog><event type='afterSuite'><ijLogEol/>
  <test id='1.5' parentId='1.1'><ijLogEol/>
    <descriptor name='test3' className='test3' /><ijLogEol/>
    <result resultType='SUCCESS' startTime='1489706659879' endTime='1489706659881'><ijLogEol/>
      <failureType>error</failureType><ijLogEol/>
    </result><ijLogEol/>
  </test><ijLogEol/>
</event></ijLog>

<ijLog><event type='beforeSuite'><ijLogEol/>
  <test id='1.6' parentId='1.1'><ijLogEol/>
    <descriptor name='test4' className='test4' /><ijLogEol/>
  </test><ijLogEol/>
</event></ijLog>

<ijLog><event type='afterSuite'><ijLogEol/>
  <test id='1.6' parentId='1.1'><ijLogEol/>
    <descriptor name='test4' className='test4' /><ijLogEol/>
    <result resultType='SUCCESS' startTime='1489706659883' endTime='1489706659896'><ijLogEol/>
      <failureType>error</failureType><ijLogEol/>
    </result><ijLogEol/>
  </test><ijLogEol/>
</event></ijLog>

<ijLog><event type='afterSuite'><ijLogEol/>
  <test id='1.1' parentId=':test'><ijLogEol/>
    <descriptor name='Gradle Test Executor 1' className='' /><ijLogEol/>
    <result resultType='SUCCESS' startTime='1489706659521' endTime='1489706659902'><ijLogEol/>
      <failureType>error</failureType><ijLogEol/>
    </result><ijLogEol/>
  </test><ijLogEol/>
</event></ijLog>

<ijLog><event type='afterSuite'><ijLogEol/>
  <test id=':test' parentId=''><ijLogEol/>
    <descriptor name='Gradle Test Run :test' className='' /><ijLogEol/>
    <result resultType='SUCCESS' startTime='1489706658725' endTime='1489706659929'><ijLogEol/>
      <failureType>error</failureType><ijLogEol/>
    </result><ijLogEol/>
  </test><ijLogEol/>
</event></ijLog>

BUILD SUCCESSFUL

Total time: 11.879 secs
19:24:25.359 [DEBUG] [org.gradle.cache.internal.btree.BTreePersistentIndexedCache] Closing cache fileHashes.bin (/Users/kimberly_93pc/Documents/Sring2017/SWE443/SA-Assignment-5/MancalaHw5/.gradle/3.1/taskArtifacts/fileHashes.bin)
19:24:25.361 [DEBUG] [org.gradle.cache.internal.btree.BTreePersistentIndexedCache] Closing cache taskArtifacts.bin (/Users/kimberly_93pc/Documents/Sring2017/SWE443/SA-Assignment-5/MancalaHw5/.gradle/3.1/taskArtifacts/taskArtifacts.bin)
19:24:25.362 [DEBUG] [org.gradle.cache.internal.btree.BTreePersistentIndexedCache] Closing cache fileSnapshots.bin (/Users/kimberly_93pc/Documents/Sring2017/SWE443/SA-Assignment-5/MancalaHw5/.gradle/3.1/taskArtifacts/fileSnapshots.bin)
19:24:25.362 [DEBUG] [org.gradle.cache.internal.DefaultFileLockManager] Releasing lock on task history cache (/Users/kimberly_93pc/Documents/Sring2017/SWE443/SA-Assignment-5/MancalaHw5/.gradle/3.1/taskArtifacts).
19:24:25.365 [DEBUG] [org.gradle.cache.internal.btree.BTreePersistentIndexedCache] Closing cache module-metadata.bin (/Users/kimberly_93pc/Documents/Sring2017/SWE443/SAStudyRightByHand-master/caches/modules-2/metadata-2.21/module-metadata.bin)
19:24:25.365 [DEBUG] [org.gradle.cache.internal.btree.BTreePersistentIndexedCache] Closing cache module-versions.bin (/Users/kimberly_93pc/Documents/Sring2017/SWE443/SAStudyRightByHand-master/caches/modules-2/metadata-2.21/module-versions.bin)
19:24:25.365 [DEBUG] [org.gradle.cache.internal.btree.BTreePersistentIndexedCache] Closing cache artifact-at-repository.bin (/Users/kimberly_93pc/Documents/Sring2017/SWE443/SAStudyRightByHand-master/caches/modules-2/metadata-2.21/artifact-at-repository.bin)
19:24:25.365 [DEBUG] [org.gradle.cache.internal.DefaultFileLockManager] Releasing lock on artifact cache (/Users/kimberly_93pc/Documents/Sring2017/SWE443/SAStudyRightByHand-master/caches/modules-2).
19:24:25.366 [DEBUG] [org.gradle.api.internal.artifacts.ivyservice.resolveengine.store.CachedStoreFactory] Resolution result cache closed. Cache reads: 0, disk reads: 0 (avg: 0.0 secs, total: 0.0 secs)
19:24:25.367 [DEBUG] [org.gradle.api.internal.artifacts.ivyservice.resolveengine.store.CachedStoreFactory] Resolution result cache closed. Cache reads: 0, disk reads: 0 (avg: 0.0 secs, total: 0.0 secs)
19:24:25.367 [DEBUG] [org.gradle.api.internal.artifacts.ivyservice.resolveengine.store.ResolutionResultsStoreFactory] Deleted 2 resolution results binary files in 0.001 secs
19:24:25.368 [DEBUG] [org.gradle.cache.internal.DefaultCacheAccess] Cache Plugin Resolution Cache (/Users/kimberly_93pc/Documents/Sring2017/SWE443/SAStudyRightByHand-master/caches/3.1/plugin-resolution) was closed 0 times.
19:24:25.370 [DEBUG] [org.gradle.cache.internal.DefaultFileLockManager] Releasing lock on cache directory workerMain (/Users/kimberly_93pc/Documents/Sring2017/SWE443/SAStudyRightByHand-master/caches/3.1/workerMain).
19:24:25.371 [DEBUG] [org.gradle.cache.internal.DefaultCacheAccess] Cache Generated Gradle JARs cache (/Users/kimberly_93pc/Documents/Sring2017/SWE443/SAStudyRightByHand-master/caches/3.1/generated-gradle-jars) was closed 0 times.
19:24:25.371 [DEBUG] [org.gradle.cache.internal.DefaultCacheAccess] Cache jars (/Users/kimberly_93pc/Documents/Sring2017/SWE443/SAStudyRightByHand-master/caches/jars-1) was closed 0 times.
19:24:25.371 [DEBUG] [org.gradle.api.internal.tasks.compile.daemon.CompilerDaemonManager] Stopping 0 compiler daemon(s).
19:24:25.371 [INFO] [org.gradle.api.internal.tasks.compile.daemon.CompilerDaemonManager] Stopped 0 compiler daemon(s).
19:24:25.372 [DEBUG] [org.gradle.launcher.daemon.server.exec.ExecuteBuild] The daemon has finished executing the build.
19:24:25.590 [DEBUG] [org.gradle.launcher.daemon.server.DaemonStateCoordinator] Command execution: finished waiting for DaemonCommandExecution[command = Build{id=db3ab736-e2f6-43ad-8bfe-0386a401be6c.1, currentDir=/Users/kimberly_93pc/Documents/Sring2017/SWE443/SA-Assignment-5/MancalaHw5}, connection = org.gradle.launcher.daemon.server.DefaultDaemonConnection@13ad6b]. Result org.gradle.launcher.daemon.server.DaemonStateCoordinator@214554a6 with state Busy
19:24:25.590 [DEBUG] [org.gradle.launcher.daemon.server.DaemonStateCoordinator] Command execution: completed DaemonCommandExecution[command = Build{id=db3ab736-e2f6-43ad-8bfe-0386a401be6c.1, currentDir=/Users/kimberly_93pc/Documents/Sring2017/SWE443/SA-Assignment-5/MancalaHw5}, connection = org.gradle.launcher.daemon.server.DefaultDaemonConnection@13ad6b]
19:24:25.591 [DEBUG] [org.gradle.launcher.daemon.server.DaemonStateCoordinator] updating lastActivityAt to 1489706665591
19:24:25.591 [INFO] [org.gradle.launcher.daemon.server.DaemonRegistryUpdater] Marking the daemon as idle, address: [ca467ba8-8f27-4124-8128-29eaf613d947 port:62920, addresses:[/0:0:0:0:0:0:0:1, /127.0.0.1]]
19:24:25.591 [DEBUG] [org.gradle.launcher.daemon.registry.PersistentDaemonRegistry] Marking busy by address: [ca467ba8-8f27-4124-8128-29eaf613d947 port:62920, addresses:[/0:0:0:0:0:0:0:1, /127.0.0.1]]
19:24:25.591 [DEBUG] [org.gradle.cache.internal.DefaultFileLockManager] Waiting to acquire exclusive lock on daemon addresses registry.
19:24:25.591 [DEBUG] [org.gradle.cache.internal.DefaultFileLockManager] Lock acquired.
19:24:25.592 [DEBUG] [org.gradle.cache.internal.DefaultFileLockManager] Releasing lock on daemon addresses registry.
19:24:25.592 [DEBUG] [org.gradle.launcher.daemon.server.DaemonStateCoordinator] daemon is running. Sleeping until state changes.
19:24:25.592 [DEBUG] [org.gradle.launcher.daemon.server.exec.ReturnResult] Daemon is dispatching the build result: Success[value=org.gradle.tooling.internal.provider.BuildActionResult@7f17c82a]
19:24:25.592 [DEBUG] [org.gradle.launcher.daemon.server.SynchronizedDispatchConnection] thread 14: dispatching class org.gradle.launcher.daemon.protocol.Success
19:24:25.595 [DEBUG] [org.gradle.launcher.daemon.server.DefaultIncomingConnectionHandler] Finishing executing command: Build{id=db3ab736-e2f6-43ad-8bfe-0386a401be6c.1, currentDir=/Users/kimberly_93pc/Documents/Sring2017/SWE443/SA-Assignment-5/MancalaHw5}
19:24:25.601 [DEBUG] [org.gradle.launcher.daemon.server.SynchronizedDispatchConnection] thread 15: received class org.gradle.launcher.daemon.protocol.Finished
19:24:25.601 [DEBUG] [org.gradle.launcher.daemon.server.DefaultDaemonConnection] thread 15: Received non-IO message from client: org.gradle.launcher.daemon.protocol.Finished@53ca167c
19:24:25.601 [DEBUG] [org.gradle.launcher.daemon.server.DefaultIncomingConnectionHandler] Received finished message: org.gradle.launcher.daemon.protocol.Finished@53ca167c
19:24:25.601 [DEBUG] [org.gradle.launcher.daemon.server.SynchronizedDispatchConnection] thread 14: stopping connection
19:24:25.602 [DEBUG] [org.gradle.internal.remote.internal.inet.SocketConnection] Discarding EOFException: java.io.EOFException
19:24:25.602 [DEBUG] [org.gradle.launcher.daemon.server.SynchronizedDispatchConnection] thread 15: received null
19:24:25.602 [DEBUG] [org.gradle.launcher.daemon.server.DefaultDaemonConnection] thread 15: Received end-of-input from client.
19:24:25.602 [DEBUG] [org.gradle.launcher.daemon.server.SynchronizedDispatchConnection] thread 14: stopping connection
19:24:34.382 [DEBUG] [org.gradle.launcher.daemon.server.Daemon] DaemonExpirationPeriodicCheck running
19:24:34.384 [DEBUG] [org.gradle.cache.internal.DefaultFileLockManager] Waiting to acquire shared lock on daemon addresses registry.
19:24:34.384 [DEBUG] [org.gradle.cache.internal.DefaultFileLockManager] Lock acquired.
19:24:34.405 [DEBUG] [org.gradle.cache.internal.DefaultFileLockManager] Releasing lock on daemon addresses registry.
19:24:34.407 [DEBUG] [org.gradle.cache.internal.DefaultFileLockManager] Waiting to acquire shared lock on daemon addresses registry.
19:24:34.407 [DEBUG] [org.gradle.cache.internal.DefaultFileLockManager] Lock acquired.
19:24:34.408 [DEBUG] [org.gradle.cache.internal.DefaultFileLockManager] Releasing lock on daemon addresses registry.
19:24:44.380 [DEBUG] [org.gradle.launcher.daemon.server.Daemon] DaemonExpirationPeriodicCheck running
19:24:44.381 [DEBUG] [org.gradle.cache.internal.DefaultFileLockManager] Waiting to acquire shared lock on daemon addresses registry.
19:24:44.381 [DEBUG] [org.gradle.cache.internal.DefaultFileLockManager] Lock acquired.
19:24:44.382 [DEBUG] [org.gradle.cache.internal.DefaultFileLockManager] Releasing lock on daemon addresses registry.
19:24:44.382 [INFO] [org.gradle.launcher.daemon.server.DaemonIdleTimeoutExpirationStrategy] Idle timeout: daemon has been idle for 18791 milliseconds. Expiring.
19:24:44.383 [DEBUG] [org.gradle.cache.internal.DefaultFileLockManager] Waiting to acquire shared lock on daemon addresses registry.
19:24:44.383 [DEBUG] [org.gradle.cache.internal.DefaultFileLockManager] Lock acquired.
19:24:44.383 [DEBUG] [org.gradle.cache.internal.DefaultFileLockManager] Releasing lock on daemon addresses registry.
19:24:44.384 [DEBUG] [org.gradle.cache.internal.DefaultFileLockManager] Waiting to acquire shared lock on daemon addresses registry.
19:24:44.384 [DEBUG] [org.gradle.cache.internal.DefaultFileLockManager] Lock acquired.
19:24:44.384 [DEBUG] [org.gradle.cache.internal.DefaultFileLockManager] Releasing lock on daemon addresses registry.
19:24:54.381 [DEBUG] [org.gradle.launcher.daemon.server.Daemon] DaemonExpirationPeriodicCheck running
19:24:54.383 [DEBUG] [org.gradle.cache.internal.DefaultFileLockManager] Waiting to acquire shared lock on daemon addresses registry.
19:24:54.383 [DEBUG] [org.gradle.cache.internal.DefaultFileLockManager] Lock acquired.
19:24:54.384 [DEBUG] [org.gradle.cache.internal.DefaultFileLockManager] Releasing lock on daemon addresses registry.
19:24:54.384 [INFO] [org.gradle.launcher.daemon.server.DaemonIdleTimeoutExpirationStrategy] Idle timeout: daemon has been idle for 28793 milliseconds. Expiring.
19:24:54.385 [DEBUG] [org.gradle.cache.internal.DefaultFileLockManager] Waiting to acquire shared lock on daemon addresses registry.
19:24:54.385 [DEBUG] [org.gradle.cache.internal.DefaultFileLockManager] Lock acquired.
19:24:54.385 [DEBUG] [org.gradle.cache.internal.DefaultFileLockManager] Releasing lock on daemon addresses registry.
19:24:54.386 [DEBUG] [org.gradle.cache.internal.DefaultFileLockManager] Waiting to acquire shared lock on daemon addresses registry.
19:24:54.387 [DEBUG] [org.gradle.cache.internal.DefaultFileLockManager] Lock acquired.
19:24:54.387 [DEBUG] [org.gradle.cache.internal.DefaultFileLockManager] Releasing lock on daemon addresses registry.
19:25:04.379 [DEBUG] [org.gradle.launcher.daemon.server.Daemon] DaemonExpirationPeriodicCheck running
19:25:04.380 [DEBUG] [org.gradle.cache.internal.DefaultFileLockManager] Waiting to acquire shared lock on daemon addresses registry.
19:25:04.380 [DEBUG] [org.gradle.cache.internal.DefaultFileLockManager] Lock acquired.
19:25:04.381 [DEBUG] [org.gradle.cache.internal.DefaultFileLockManager] Releasing lock on daemon addresses registry.
19:25:04.381 [INFO] [org.gradle.launcher.daemon.server.DaemonIdleTimeoutExpirationStrategy] Idle timeout: daemon has been idle for 38790 milliseconds. Expiring.
19:25:04.381 [DEBUG] [org.gradle.cache.internal.DefaultFileLockManager] Waiting to acquire shared lock on daemon addresses registry.
19:25:04.381 [DEBUG] [org.gradle.cache.internal.DefaultFileLockManager] Lock acquired.
19:25:04.381 [DEBUG] [org.gradle.cache.internal.DefaultFileLockManager] Releasing lock on daemon addresses registry.
19:25:04.381 [DEBUG] [org.gradle.cache.internal.DefaultFileLockManager] Waiting to acquire shared lock on daemon addresses registry.
19:25:04.381 [DEBUG] [org.gradle.cache.internal.DefaultFileLockManager] Lock acquired.
19:25:04.382 [DEBUG] [org.gradle.cache.internal.DefaultFileLockManager] Releasing lock on daemon addresses registry.
19:25:14.378 [DEBUG] [org.gradle.launcher.daemon.server.Daemon] DaemonExpirationPeriodicCheck running
19:25:14.379 [DEBUG] [org.gradle.cache.internal.DefaultFileLockManager] Waiting to acquire shared lock on daemon addresses registry.
19:25:14.380 [DEBUG] [org.gradle.cache.internal.DefaultFileLockManager] Lock acquired.
19:25:14.380 [DEBUG] [org.gradle.cache.internal.DefaultFileLockManager] Releasing lock on daemon addresses registry.
19:25:14.381 [INFO] [org.gradle.launcher.daemon.server.DaemonIdleTimeoutExpirationStrategy] Idle timeout: daemon has been idle for 48790 milliseconds. Expiring.
19:25:14.381 [DEBUG] [org.gradle.cache.internal.DefaultFileLockManager] Waiting to acquire shared lock on daemon addresses registry.
19:25:14.381 [DEBUG] [org.gradle.cache.internal.DefaultFileLockManager] Lock acquired.
19:25:14.382 [DEBUG] [org.gradle.cache.internal.DefaultFileLockManager] Releasing lock on daemon addresses registry.
19:25:14.382 [DEBUG] [org.gradle.cache.internal.DefaultFileLockManager] Waiting to acquire shared lock on daemon addresses registry.
19:25:14.382 [DEBUG] [org.gradle.cache.internal.DefaultFileLockManager] Lock acquired.
19:25:14.382 [DEBUG] [org.gradle.cache.internal.DefaultFileLockManager] Releasing lock on daemon addresses registry.
19:25:24.380 [DEBUG] [org.gradle.launcher.daemon.server.Daemon] DaemonExpirationPeriodicCheck running
19:25:24.381 [DEBUG] [org.gradle.cache.internal.DefaultFileLockManager] Waiting to acquire shared lock on daemon addresses registry.
19:25:24.381 [DEBUG] [org.gradle.cache.internal.DefaultFileLockManager] Lock acquired.
19:25:24.382 [DEBUG] [org.gradle.cache.internal.DefaultFileLockManager] Releasing lock on daemon addresses registry.
19:25:24.382 [INFO] [org.gradle.launcher.daemon.server.DaemonIdleTimeoutExpirationStrategy] Idle timeout: daemon has been idle for 58791 milliseconds. Expiring.
19:25:24.383 [DEBUG] [org.gradle.cache.internal.DefaultFileLockManager] Waiting to acquire shared lock on daemon addresses registry.
19:25:24.383 [DEBUG] [org.gradle.cache.internal.DefaultFileLockManager] Lock acquired.
19:25:24.383 [DEBUG] [org.gradle.cache.internal.DefaultFileLockManager] Releasing lock on daemon addresses registry.
19:25:24.384 [DEBUG] [org.gradle.cache.internal.DefaultFileLockManager] Waiting to acquire shared lock on daemon addresses registry.
19:25:24.384 [DEBUG] [org.gradle.cache.internal.DefaultFileLockManager] Lock acquired.
19:25:24.384 [DEBUG] [org.gradle.cache.internal.DefaultFileLockManager] Releasing lock on daemon addresses registry.
19:25:34.377 [DEBUG] [org.gradle.launcher.daemon.server.Daemon] DaemonExpirationPeriodicCheck running
19:25:34.378 [DEBUG] [org.gradle.cache.internal.DefaultFileLockManager] Waiting to acquire shared lock on daemon addresses registry.
19:25:34.378 [DEBUG] [org.gradle.cache.internal.DefaultFileLockManager] Lock acquired.
19:25:34.378 [DEBUG] [org.gradle.cache.internal.DefaultFileLockManager] Releasing lock on daemon addresses registry.
19:25:34.378 [INFO] [org.gradle.launcher.daemon.server.DaemonIdleTimeoutExpirationStrategy] Idle timeout: daemon has been idle for 68787 milliseconds. Expiring.
19:25:34.378 [INFO] [org.gradle.launcher.daemon.server.DaemonIdleTimeoutExpirationStrategy] Idle timeout: daemon has been idle for 68787 milliseconds. Expiring.
19:25:34.378 [DEBUG] [org.gradle.cache.internal.DefaultFileLockManager] Waiting to acquire shared lock on daemon addresses registry.
19:25:34.379 [DEBUG] [org.gradle.cache.internal.DefaultFileLockManager] Lock acquired.
19:25:34.379 [DEBUG] [org.gradle.cache.internal.DefaultFileLockManager] Releasing lock on daemon addresses registry.
19:25:34.379 [DEBUG] [org.gradle.cache.internal.DefaultFileLockManager] Waiting to acquire shared lock on daemon addresses registry.
19:25:34.379 [DEBUG] [org.gradle.cache.internal.DefaultFileLockManager] Lock acquired.
19:25:34.379 [DEBUG] [org.gradle.cache.internal.DefaultFileLockManager] Releasing lock on daemon addresses registry.
19:25:34.380 [LIFECYCLE] [org.gradle.launcher.daemon.server.DaemonStateCoordinator] Daemon will be stopped at the end of the build after being idle for 1 minutes
19:25:34.380 [DEBUG] [org.gradle.launcher.daemon.server.DaemonStateCoordinator] Marking daemon stopped due to after being idle for 1 minutes. The daemon is running a build: false
19:25:34.380 [DEBUG] [org.gradle.launcher.daemon.server.DaemonStateCoordinator] daemon has stopped.
19:25:34.380 [DEBUG] [org.gradle.launcher.daemon.server.Daemon] stop() called on daemon
19:25:34.380 [INFO] [org.gradle.launcher.daemon.server.Daemon] Stop requested. Daemon is removing its presence from the registry...
19:25:34.381 [DEBUG] [org.gradle.launcher.daemon.server.DaemonRegistryUpdater] Removing our presence to clients, eg. removing this address from the registry: [ca467ba8-8f27-4124-8128-29eaf613d947 port:62920, addresses:[/0:0:0:0:0:0:0:1, /127.0.0.1]]
19:25:34.381 [DEBUG] [org.gradle.launcher.daemon.registry.PersistentDaemonRegistry] Removing daemon address: [ca467ba8-8f27-4124-8128-29eaf613d947 port:62920, addresses:[/0:0:0:0:0:0:0:1, /127.0.0.1]]
19:25:34.382 [DEBUG] [org.gradle.cache.internal.DefaultFileLockManager] Waiting to acquire exclusive lock on daemon addresses registry.
19:25:34.399 [DEBUG] [org.gradle.cache.internal.DefaultFileLockManager] Lock acquired.
19:25:34.401 [DEBUG] [org.gradle.cache.internal.DefaultFileLockManager] Releasing lock on daemon addresses registry.
19:25:34.401 [DEBUG] [org.gradle.launcher.daemon.server.DaemonRegistryUpdater] Address removed from registry.
Daemon vm is shutting down... The daemon has exited normally or was terminated in response to a user interrupt.
19:25:34.404 [DEBUG] [org.gradle.launcher.daemon.registry.PersistentDaemonRegistry] Removing daemon address: [ca467ba8-8f27-4124-8128-29eaf613d947 port:62920, addresses:[/0:0:0:0:0:0:0:1, /127.0.0.1]]
19:25:34.405 [DEBUG] [org.gradle.cache.internal.DefaultFileLockManager] Waiting to acquire exclusive lock on daemon addresses registry.
19:25:34.405 [DEBUG] [org.gradle.cache.internal.DefaultFileLockManager] Lock acquired.
19:25:34.406 [DEBUG] [org.gradle.cache.internal.DefaultFileLockManager] Releasing lock on daemon addresses registry.
