16:03:32.587 [DEBUG] [org.gradle.launcher.daemon.bootstrap.DaemonMain] Assuming the daemon was started with following jvm opts: [-XX:MaxPermSize=256m, -XX:+HeapDumpOnOutOfMemoryError, -Xmx1024m, -Dfile.encoding=UTF-8, -Duser.country=US, -Duser.language=en, -Duser.variant]
16:03:32.702 [INFO] [org.gradle.launcher.daemon.server.Daemon] start() called on daemon - DefaultDaemonContext[uid=95accffb-e6bc-41e3-ba08-63f633d4f347,javaHome=/Library/Java/JavaVirtualMachines/jdk1.8.0_121.jdk/Contents/Home,daemonRegistryDir=/Users/kimberly_93pc/Documents/Sring2017/SWE443/SAStudyRightByHand-master/daemon,pid=6354,idleTimeout=60000,daemonOpts=-XX:MaxPermSize=256m,-XX:+HeapDumpOnOutOfMemoryError,-Xmx1024m,-Dfile.encoding=UTF-8,-Duser.country=US,-Duser.language=en,-Duser.variant]
16:03:32.709 [DEBUG] [org.gradle.launcher.daemon.server.DaemonStateCoordinator] updating lastActivityAt to 1489521812709
16:03:32.732 [DEBUG] [org.gradle.internal.remote.internal.inet.InetAddresses] Adding IP addresses for network interface utun0
16:03:32.732 [DEBUG] [org.gradle.internal.remote.internal.inet.InetAddresses] Is this a loopback interface? false
16:03:32.733 [DEBUG] [org.gradle.internal.remote.internal.inet.InetAddresses] Is this a multicast interface? true
16:03:32.733 [DEBUG] [org.gradle.internal.remote.internal.inet.InetAddresses] Adding remote address /fe80:0:0:0:2fb5:ab8d:376:59d0%utun0
16:03:32.734 [DEBUG] [org.gradle.internal.remote.internal.inet.InetAddresses] Adding remote multicast interface utun0
16:03:32.734 [DEBUG] [org.gradle.internal.remote.internal.inet.InetAddresses] Adding IP addresses for network interface utun1
16:03:32.735 [DEBUG] [org.gradle.internal.remote.internal.inet.InetAddresses] Is this a loopback interface? false
16:03:32.735 [DEBUG] [org.gradle.internal.remote.internal.inet.InetAddresses] Is this a multicast interface? true
16:03:32.735 [DEBUG] [org.gradle.internal.remote.internal.inet.InetAddresses] Adding remote address /fe80:0:0:0:cb58:9d07:da50:7ae6%utun1
16:03:32.735 [DEBUG] [org.gradle.internal.remote.internal.inet.InetAddresses] Adding remote address /fe80:0:0:0:ca2a:14ff:fe14:9a4%utun1
16:03:32.736 [DEBUG] [org.gradle.internal.remote.internal.inet.InetAddresses] Adding remote address /10.172.0.104
16:03:32.736 [DEBUG] [org.gradle.internal.remote.internal.inet.InetAddresses] Adding remote multicast interface utun1
16:03:32.737 [DEBUG] [org.gradle.internal.remote.internal.inet.InetAddresses] Adding IP addresses for network interface en1
16:03:32.737 [DEBUG] [org.gradle.internal.remote.internal.inet.InetAddresses] Is this a loopback interface? false
16:03:32.738 [DEBUG] [org.gradle.internal.remote.internal.inet.InetAddresses] Is this a multicast interface? true
16:03:32.738 [DEBUG] [org.gradle.internal.remote.internal.inet.InetAddresses] Adding remote address /2601:5cc:c702:1187:2d20:846f:2e98:66e1
16:03:32.739 [DEBUG] [org.gradle.internal.remote.internal.inet.InetAddresses] Adding remote address /2601:5cc:c702:1187:1c49:13b2:fb5d:6934
16:03:32.739 [DEBUG] [org.gradle.internal.remote.internal.inet.InetAddresses] Adding remote address /fd1c:67a8:c32b:0:6d1b:bde8:1414:3e8c
16:03:32.739 [DEBUG] [org.gradle.internal.remote.internal.inet.InetAddresses] Adding remote address /fd1c:67a8:c32b:0:10b1:914d:79a7:eda0
16:03:32.739 [DEBUG] [org.gradle.internal.remote.internal.inet.InetAddresses] Adding remote address /fe80:0:0:0:47a:5fec:4e35:b147%en1
16:03:32.740 [DEBUG] [org.gradle.internal.remote.internal.inet.InetAddresses] Adding remote address /192.168.1.114
16:03:32.740 [DEBUG] [org.gradle.internal.remote.internal.inet.InetAddresses] Adding remote multicast interface en1
16:03:32.740 [DEBUG] [org.gradle.internal.remote.internal.inet.InetAddresses] Adding IP addresses for network interface lo0
16:03:32.740 [DEBUG] [org.gradle.internal.remote.internal.inet.InetAddresses] Is this a loopback interface? true
16:03:32.740 [DEBUG] [org.gradle.internal.remote.internal.inet.InetAddresses] Is this a multicast interface? true
16:03:32.741 [DEBUG] [org.gradle.internal.remote.internal.inet.InetAddresses] Ignoring remote address on loopback interface /fe80:0:0:0:0:0:0:1%lo0
16:03:32.741 [DEBUG] [org.gradle.internal.remote.internal.inet.InetAddresses] Adding loopback address /0:0:0:0:0:0:0:1
16:03:32.741 [DEBUG] [org.gradle.internal.remote.internal.inet.InetAddresses] Adding loopback address /127.0.0.1
16:03:32.742 [DEBUG] [org.gradle.internal.remote.internal.inet.InetAddresses] Adding loopback multicast interface lo0
16:03:32.746 [DEBUG] [org.gradle.internal.remote.internal.inet.TcpIncomingConnector] Listening on [da2ca740-7c0b-4b91-a0a6-1a40f14d362f port:51808, addresses:[/0:0:0:0:0:0:0:1, /127.0.0.1]].
16:03:32.748 [DEBUG] [org.gradle.launcher.daemon.server.Daemon] Daemon starting at: Tue Mar 14 16:03:32 EDT 2017, with address: [da2ca740-7c0b-4b91-a0a6-1a40f14d362f port:51808, addresses:[/0:0:0:0:0:0:0:1, /127.0.0.1]]
16:03:32.749 [INFO] [org.gradle.launcher.daemon.server.DaemonRegistryUpdater] Advertising the daemon address to the clients: [da2ca740-7c0b-4b91-a0a6-1a40f14d362f port:51808, addresses:[/0:0:0:0:0:0:0:1, /127.0.0.1]]
16:03:32.749 [DEBUG] [org.gradle.launcher.daemon.server.DaemonRegistryUpdater] Advertised daemon context: DefaultDaemonContext[uid=95accffb-e6bc-41e3-ba08-63f633d4f347,javaHome=/Library/Java/JavaVirtualMachines/jdk1.8.0_121.jdk/Contents/Home,daemonRegistryDir=/Users/kimberly_93pc/Documents/Sring2017/SWE443/SAStudyRightByHand-master/daemon,pid=6354,idleTimeout=60000,daemonOpts=-XX:MaxPermSize=256m,-XX:+HeapDumpOnOutOfMemoryError,-Xmx1024m,-Dfile.encoding=UTF-8,-Duser.country=US,-Duser.language=en,-Duser.variant]
16:03:32.750 [DEBUG] [org.gradle.launcher.daemon.registry.PersistentDaemonRegistry] Storing daemon address: [da2ca740-7c0b-4b91-a0a6-1a40f14d362f port:51808, addresses:[/0:0:0:0:0:0:0:1, /127.0.0.1]], context: DefaultDaemonContext[uid=95accffb-e6bc-41e3-ba08-63f633d4f347,javaHome=/Library/Java/JavaVirtualMachines/jdk1.8.0_121.jdk/Contents/Home,daemonRegistryDir=/Users/kimberly_93pc/Documents/Sring2017/SWE443/SAStudyRightByHand-master/daemon,pid=6354,idleTimeout=60000,daemonOpts=-XX:MaxPermSize=256m,-XX:+HeapDumpOnOutOfMemoryError,-Xmx1024m,-Dfile.encoding=UTF-8,-Duser.country=US,-Duser.language=en,-Duser.variant]
16:03:32.759 [DEBUG] [org.gradle.cache.internal.DefaultFileLockManager] Waiting to acquire exclusive lock on daemon addresses registry.
16:03:32.760 [DEBUG] [org.gradle.cache.internal.DefaultFileLockManager] Lock acquired.
16:03:32.836 [DEBUG] [org.gradle.cache.internal.DefaultFileLockManager] Releasing lock on daemon addresses registry.
16:03:32.836 [LIFECYCLE] [org.gradle.launcher.daemon.server.Daemon] Daemon server started.
16:03:32.838 [DEBUG] [org.gradle.launcher.daemon.bootstrap.DaemonStartupCommunication] Completed writing the daemon greeting. Closing streams...
16:03:32.843 [DEBUG] [org.gradle.internal.remote.internal.inet.TcpIncomingConnector] Accepted connection from /127.0.0.1:51809 to /127.0.0.1:51808.
16:03:32.954 [DEBUG] [org.gradle.launcher.daemon.server.SynchronizedDispatchConnection] thread 15: received class org.gradle.launcher.daemon.protocol.Build
16:03:32.955 [DEBUG] [org.gradle.launcher.daemon.server.DefaultDaemonConnection] thread 15: Received non-IO message from client: Build{id=fec28210-01d5-4c14-8052-e67f36cd9d70.1, currentDir=/Users/kimberly_93pc/Documents/Sring2017/SWE443/SA-Assignment-5/MancalaHw5}
16:03:32.955 [INFO] [org.gradle.launcher.daemon.server.DefaultIncomingConnectionHandler] Received command: Build{id=fec28210-01d5-4c14-8052-e67f36cd9d70.1, currentDir=/Users/kimberly_93pc/Documents/Sring2017/SWE443/SA-Assignment-5/MancalaHw5}.
16:03:32.956 [DEBUG] [org.gradle.launcher.daemon.server.DefaultIncomingConnectionHandler] Starting executing command: Build{id=fec28210-01d5-4c14-8052-e67f36cd9d70.1, currentDir=/Users/kimberly_93pc/Documents/Sring2017/SWE443/SA-Assignment-5/MancalaHw5} with connection: socket connection from /127.0.0.1:51808 to /127.0.0.1:51809.
16:03:32.959 [ERROR] [org.gradle.launcher.daemon.server.DaemonStateCoordinator] Command execution: started DaemonCommandExecution[command = Build{id=fec28210-01d5-4c14-8052-e67f36cd9d70.1, currentDir=/Users/kimberly_93pc/Documents/Sring2017/SWE443/SA-Assignment-5/MancalaHw5}, connection = org.gradle.launcher.daemon.server.DefaultDaemonConnection@77c6a00b] after 0.0 minutes of idle
16:03:32.960 [INFO] [org.gradle.launcher.daemon.server.DaemonRegistryUpdater] Marking the daemon as busy, address: [da2ca740-7c0b-4b91-a0a6-1a40f14d362f port:51808, addresses:[/0:0:0:0:0:0:0:1, /127.0.0.1]]
16:03:32.960 [DEBUG] [org.gradle.launcher.daemon.registry.PersistentDaemonRegistry] Marking busy by address: [da2ca740-7c0b-4b91-a0a6-1a40f14d362f port:51808, addresses:[/0:0:0:0:0:0:0:1, /127.0.0.1]]
16:03:32.961 [DEBUG] [org.gradle.cache.internal.DefaultFileLockManager] Waiting to acquire exclusive lock on daemon addresses registry.
16:03:32.962 [DEBUG] [org.gradle.cache.internal.DefaultFileLockManager] Lock acquired.
16:03:32.964 [DEBUG] [org.gradle.cache.internal.DefaultFileLockManager] Releasing lock on daemon addresses registry.
16:03:32.964 [DEBUG] [org.gradle.launcher.daemon.server.DaemonStateCoordinator] updating lastActivityAt to 1489521812964
16:03:32.965 [INFO] [org.gradle.launcher.daemon.server.exec.StartBuildOrRespondWithBusy] Daemon is about to start building Build{id=fec28210-01d5-4c14-8052-e67f36cd9d70.1, currentDir=/Users/kimberly_93pc/Documents/Sring2017/SWE443/SA-Assignment-5/MancalaHw5}. Dispatching build started information...
16:03:32.966 [DEBUG] [org.gradle.launcher.daemon.server.SynchronizedDispatchConnection] thread 17: dispatching class org.gradle.launcher.daemon.protocol.BuildStarted
16:03:32.973 [DEBUG] [org.gradle.launcher.daemon.server.exec.EstablishBuildEnvironment] Configuring env variables: {PATH=/usr/bin:/bin:/usr/sbin:/sbin, SSH_AUTH_SOCK=/private/tmp/com.apple.launchd.YyvvxuojOG/Listeners, XPC_FLAGS=0x0, SHELL=/bin/bash, __CF_USER_TEXT_ENCODING=0x1F5:0x0:0x0, Apple_PubSub_Socket_Render=/private/tmp/com.apple.launchd.fh0BpRfXJf/Render, LOGNAME=kimberly_93pc, USER=kimberly_93pc, XPC_SERVICE_NAME=com.jetbrains.intellij.ce.3188, HOME=/Users/kimberly_93pc, TMPDIR=/var/folders/pn/p8n6fhmj4z1d3dxy54h5yklm0000gn/T/}
16:03:32.975 [DEBUG] [org.gradle.launcher.daemon.server.SynchronizedDispatchConnection] thread 15: received class org.gradle.launcher.daemon.protocol.CloseInput
16:03:32.976 [DEBUG] [org.gradle.launcher.daemon.server.DefaultDaemonConnection] thread 15: Received IO message from client: org.gradle.launcher.daemon.protocol.CloseInput@362d1fde
16:03:32.984 [DEBUG] [org.gradle.launcher.daemon.server.exec.LogToClient] About to start relaying all logs to the client via the connection.
16:03:32.985 [INFO] [org.gradle.launcher.daemon.server.exec.LogToClient] The client will now receive all logging from the daemon (pid: 6354). The daemon log file: /Users/kimberly_93pc/Documents/Sring2017/SWE443/SAStudyRightByHand-master/daemon/3.1/daemon-6354.out.log
16:03:32.987 [INFO] [org.gradle.launcher.daemon.server.exec.LogAndCheckHealth] Starting build in new daemon [memory: 954.7 MB]
16:03:32.990 [INFO] [org.gradle.launcher.daemon.server.exec.ForwardClientInput] Closing daemon's stdin at end of input.
16:03:32.990 [INFO] [org.gradle.launcher.daemon.server.exec.ForwardClientInput] The daemon will no longer process any standard input.
16:03:32.994 [DEBUG] [org.gradle.launcher.daemon.server.exec.ExecuteBuild] The daemon has started executing the build.
16:03:32.995 [INFO] [org.gradle.launcher.daemon.server.exec.ExecuteBuild] Executing build with daemon context: DefaultDaemonContext[uid=95accffb-e6bc-41e3-ba08-63f633d4f347,javaHome=/Library/Java/JavaVirtualMachines/jdk1.8.0_121.jdk/Contents/Home,daemonRegistryDir=/Users/kimberly_93pc/Documents/Sring2017/SWE443/SAStudyRightByHand-master/daemon,pid=6354,idleTimeout=60000,daemonOpts=-XX:MaxPermSize=256m,-XX:+HeapDumpOnOutOfMemoryError,-Xmx1024m,-Dfile.encoding=UTF-8,-Duser.country=US,-Duser.language=en,-Duser.variant]
16:03:33.036 [INFO] [org.gradle.process.internal.DefaultExecHandle] Starting process 'command '/usr/bin/vm_stat''. Working directory: /Users/kimberly_93pc/Documents/Sring2017/SWE443/SA-Assignment-5/MancalaHw5 Command: /usr/bin/vm_stat 
16:03:33.039 [DEBUG] [org.gradle.process.internal.DefaultExecHandle] Environment for process 'command '/usr/bin/vm_stat'': {PATH=/usr/bin:/bin:/usr/sbin:/sbin, SSH_AUTH_SOCK=/private/tmp/com.apple.launchd.YyvvxuojOG/Listeners, SHELL=/bin/bash, XPC_FLAGS=0x0, __CF_USER_TEXT_ENCODING=0x1F5:0x0:0x0, Apple_PubSub_Socket_Render=/private/tmp/com.apple.launchd.fh0BpRfXJf/Render, LOGNAME=kimberly_93pc, XPC_SERVICE_NAME=com.jetbrains.intellij.ce.3188, USER=kimberly_93pc, HOME=/Users/kimberly_93pc, TMPDIR=/var/folders/pn/p8n6fhmj4z1d3dxy54h5yklm0000gn/T/}
16:03:33.040 [DEBUG] [org.gradle.process.internal.DefaultExecHandle] Changing state to: STARTING
16:03:33.042 [DEBUG] [org.gradle.process.internal.DefaultExecHandle] Waiting until process started: command '/usr/bin/vm_stat'.
16:03:33.112 [DEBUG] [org.gradle.process.internal.DefaultExecHandle] Changing state to: STARTED
16:03:33.112 [DEBUG] [org.gradle.process.internal.ExecHandleRunner] waiting until streams are handled...
16:03:33.112 [INFO] [org.gradle.process.internal.DefaultExecHandle] Successfully started process 'command '/usr/bin/vm_stat''
16:03:33.115 [DEBUG] [org.gradle.process.internal.DefaultExecHandle] Changing state to: SUCCEEDED
16:03:33.116 [DEBUG] [org.gradle.process.internal.DefaultExecHandle] Process 'command '/usr/bin/vm_stat'' finished with exit value 0 (state: SUCCEEDED)
16:03:33.118 [DEBUG] [org.gradle.launcher.daemon.server.Daemon] stopOnExpiration() called on daemon
16:03:33.119 [DEBUG] [org.gradle.launcher.daemon.server.Daemon] awaitExpiration() called on daemon
16:03:33.119 [DEBUG] [org.gradle.launcher.daemon.server.DaemonStateCoordinator] daemon is running. Sleeping until state changes.

CONFIGURE SUCCESSFUL

Total time: 7.038 secs
16:03:40.406 [DEBUG] [org.gradle.cache.internal.btree.BTreePersistentIndexedCache] Closing cache artifact-at-repository.bin (/Users/kimberly_93pc/Documents/Sring2017/SWE443/SAStudyRightByHand-master/caches/modules-2/metadata-2.21/artifact-at-repository.bin)
16:03:40.431 [DEBUG] [org.gradle.cache.internal.btree.BTreePersistentIndexedCache] Closing cache module-versions.bin (/Users/kimberly_93pc/Documents/Sring2017/SWE443/SAStudyRightByHand-master/caches/modules-2/metadata-2.21/module-versions.bin)
16:03:40.431 [DEBUG] [org.gradle.cache.internal.btree.BTreePersistentIndexedCache] Closing cache module-metadata.bin (/Users/kimberly_93pc/Documents/Sring2017/SWE443/SAStudyRightByHand-master/caches/modules-2/metadata-2.21/module-metadata.bin)
16:03:40.431 [DEBUG] [org.gradle.cache.internal.btree.BTreePersistentIndexedCache] Closing cache module-artifacts.bin (/Users/kimberly_93pc/Documents/Sring2017/SWE443/SAStudyRightByHand-master/caches/modules-2/metadata-2.21/module-artifacts.bin)
16:03:40.432 [DEBUG] [org.gradle.cache.internal.DefaultFileLockManager] Releasing lock on artifact cache (/Users/kimberly_93pc/Documents/Sring2017/SWE443/SAStudyRightByHand-master/caches/modules-2).
16:03:40.605 [DEBUG] [org.gradle.api.internal.artifacts.ivyservice.resolveengine.store.CachedStoreFactory] Resolution result cache closed. Cache reads: 0, disk reads: 0 (avg: 0.0 secs, total: 0.0 secs)
16:03:40.613 [DEBUG] [org.gradle.api.internal.artifacts.ivyservice.resolveengine.store.CachedStoreFactory] Resolution result cache closed. Cache reads: 28, disk reads: 6 (avg: 0.0 secs, total: 0.004 secs)
16:03:40.614 [DEBUG] [org.gradle.api.internal.artifacts.ivyservice.resolveengine.store.ResolutionResultsStoreFactory] Deleted 2 resolution results binary files in 0.182 secs
16:03:40.614 [DEBUG] [org.gradle.cache.internal.DefaultCacheAccess] Cache Plugin Resolution Cache (/Users/kimberly_93pc/Documents/Sring2017/SWE443/SAStudyRightByHand-master/caches/3.1/plugin-resolution) was closed 0 times.
16:03:40.615 [DEBUG] [org.gradle.api.internal.tasks.compile.daemon.CompilerDaemonManager] Stopping 0 compiler daemon(s).
16:03:40.615 [INFO] [org.gradle.api.internal.tasks.compile.daemon.CompilerDaemonManager] Stopped 0 compiler daemon(s).
16:03:40.615 [DEBUG] [org.gradle.cache.internal.DefaultCacheAccess] Cache Generated Gradle JARs cache (/Users/kimberly_93pc/Documents/Sring2017/SWE443/SAStudyRightByHand-master/caches/3.1/generated-gradle-jars) was closed 0 times.
16:03:40.622 [DEBUG] [org.gradle.cache.internal.DefaultFileLockManager] Releasing lock on jars (/Users/kimberly_93pc/Documents/Sring2017/SWE443/SAStudyRightByHand-master/caches/jars-1).
16:03:40.622 [DEBUG] [org.gradle.launcher.daemon.server.exec.ExecuteBuild] The daemon has finished executing the build.
16:03:40.956 [DEBUG] [org.gradle.launcher.daemon.server.DaemonStateCoordinator] Command execution: finished waiting for DaemonCommandExecution[command = Build{id=fec28210-01d5-4c14-8052-e67f36cd9d70.1, currentDir=/Users/kimberly_93pc/Documents/Sring2017/SWE443/SA-Assignment-5/MancalaHw5}, connection = org.gradle.launcher.daemon.server.DefaultDaemonConnection@77c6a00b]. Result org.gradle.launcher.daemon.server.DaemonStateCoordinator@748790c3 with state Busy
16:03:40.956 [DEBUG] [org.gradle.launcher.daemon.server.DaemonStateCoordinator] Command execution: completed DaemonCommandExecution[command = Build{id=fec28210-01d5-4c14-8052-e67f36cd9d70.1, currentDir=/Users/kimberly_93pc/Documents/Sring2017/SWE443/SA-Assignment-5/MancalaHw5}, connection = org.gradle.launcher.daemon.server.DefaultDaemonConnection@77c6a00b]
16:03:40.956 [DEBUG] [org.gradle.launcher.daemon.server.DaemonStateCoordinator] updating lastActivityAt to 1489521820956
16:03:40.957 [INFO] [org.gradle.launcher.daemon.server.DaemonRegistryUpdater] Marking the daemon as idle, address: [da2ca740-7c0b-4b91-a0a6-1a40f14d362f port:51808, addresses:[/0:0:0:0:0:0:0:1, /127.0.0.1]]
16:03:40.957 [DEBUG] [org.gradle.launcher.daemon.registry.PersistentDaemonRegistry] Marking busy by address: [da2ca740-7c0b-4b91-a0a6-1a40f14d362f port:51808, addresses:[/0:0:0:0:0:0:0:1, /127.0.0.1]]
16:03:40.957 [DEBUG] [org.gradle.cache.internal.DefaultFileLockManager] Waiting to acquire exclusive lock on daemon addresses registry.
16:03:40.995 [DEBUG] [org.gradle.cache.internal.DefaultFileLockManager] Lock acquired.
16:03:41.167 [DEBUG] [org.gradle.cache.internal.DefaultFileLockManager] Releasing lock on daemon addresses registry.
16:03:41.168 [DEBUG] [org.gradle.launcher.daemon.server.exec.ReturnResult] Daemon is dispatching the build result: Success[value=org.gradle.tooling.internal.provider.BuildActionResult@6e6aeb73]
16:03:41.168 [DEBUG] [org.gradle.launcher.daemon.server.SynchronizedDispatchConnection] thread 14: dispatching class org.gradle.launcher.daemon.protocol.Success
16:03:41.168 [DEBUG] [org.gradle.launcher.daemon.server.DaemonStateCoordinator] daemon is running. Sleeping until state changes.
16:03:41.185 [DEBUG] [org.gradle.launcher.daemon.server.DefaultIncomingConnectionHandler] Finishing executing command: Build{id=fec28210-01d5-4c14-8052-e67f36cd9d70.1, currentDir=/Users/kimberly_93pc/Documents/Sring2017/SWE443/SA-Assignment-5/MancalaHw5}
16:03:41.209 [DEBUG] [org.gradle.launcher.daemon.server.SynchronizedDispatchConnection] thread 15: received class org.gradle.launcher.daemon.protocol.Finished
16:03:41.209 [DEBUG] [org.gradle.launcher.daemon.server.DefaultDaemonConnection] thread 15: Received non-IO message from client: org.gradle.launcher.daemon.protocol.Finished@217ba9e9
16:03:41.210 [DEBUG] [org.gradle.internal.remote.internal.inet.SocketConnection] Discarding EOFException: java.io.EOFException
16:03:41.210 [DEBUG] [org.gradle.launcher.daemon.server.SynchronizedDispatchConnection] thread 15: received null
16:03:41.210 [DEBUG] [org.gradle.launcher.daemon.server.DefaultDaemonConnection] thread 15: Received end-of-input from client.
16:03:41.211 [DEBUG] [org.gradle.launcher.daemon.server.DefaultIncomingConnectionHandler] Received finished message: null
16:03:41.211 [DEBUG] [org.gradle.launcher.daemon.server.SynchronizedDispatchConnection] thread 14: stopping connection
16:03:41.217 [DEBUG] [org.gradle.launcher.daemon.server.SynchronizedDispatchConnection] thread 14: stopping connection
16:03:43.122 [DEBUG] [org.gradle.launcher.daemon.server.Daemon] DaemonExpirationPeriodicCheck running
16:03:43.124 [DEBUG] [org.gradle.cache.internal.DefaultFileLockManager] Waiting to acquire shared lock on daemon addresses registry.
16:03:43.124 [DEBUG] [org.gradle.cache.internal.DefaultFileLockManager] Lock acquired.
16:03:43.124 [DEBUG] [org.gradle.cache.internal.DefaultFileLockManager] Releasing lock on daemon addresses registry.
16:03:43.125 [DEBUG] [org.gradle.cache.internal.DefaultFileLockManager] Waiting to acquire shared lock on daemon addresses registry.
16:03:43.125 [DEBUG] [org.gradle.cache.internal.DefaultFileLockManager] Lock acquired.
16:03:43.125 [DEBUG] [org.gradle.cache.internal.DefaultFileLockManager] Releasing lock on daemon addresses registry.
16:03:53.122 [DEBUG] [org.gradle.launcher.daemon.server.Daemon] DaemonExpirationPeriodicCheck running
16:03:53.123 [DEBUG] [org.gradle.cache.internal.DefaultFileLockManager] Waiting to acquire shared lock on daemon addresses registry.
16:03:53.123 [DEBUG] [org.gradle.cache.internal.DefaultFileLockManager] Lock acquired.
16:03:53.123 [DEBUG] [org.gradle.cache.internal.DefaultFileLockManager] Releasing lock on daemon addresses registry.
16:03:53.124 [INFO] [org.gradle.launcher.daemon.server.DaemonIdleTimeoutExpirationStrategy] Idle timeout: daemon has been idle for 12168 milliseconds. Expiring.
16:03:53.124 [DEBUG] [org.gradle.cache.internal.DefaultFileLockManager] Waiting to acquire shared lock on daemon addresses registry.
16:03:53.124 [DEBUG] [org.gradle.cache.internal.DefaultFileLockManager] Lock acquired.
16:03:53.125 [DEBUG] [org.gradle.cache.internal.DefaultFileLockManager] Releasing lock on daemon addresses registry.
16:03:53.125 [DEBUG] [org.gradle.cache.internal.DefaultFileLockManager] Waiting to acquire shared lock on daemon addresses registry.
16:03:53.125 [DEBUG] [org.gradle.cache.internal.DefaultFileLockManager] Lock acquired.
16:03:53.125 [DEBUG] [org.gradle.cache.internal.DefaultFileLockManager] Releasing lock on daemon addresses registry.
16:04:03.123 [DEBUG] [org.gradle.launcher.daemon.server.Daemon] DaemonExpirationPeriodicCheck running
16:04:03.124 [DEBUG] [org.gradle.cache.internal.DefaultFileLockManager] Waiting to acquire shared lock on daemon addresses registry.
16:04:03.124 [DEBUG] [org.gradle.cache.internal.DefaultFileLockManager] Lock acquired.
16:04:03.125 [DEBUG] [org.gradle.cache.internal.DefaultFileLockManager] Releasing lock on daemon addresses registry.
16:04:03.125 [INFO] [org.gradle.launcher.daemon.server.DaemonIdleTimeoutExpirationStrategy] Idle timeout: daemon has been idle for 22169 milliseconds. Expiring.
16:04:03.125 [DEBUG] [org.gradle.cache.internal.DefaultFileLockManager] Waiting to acquire shared lock on daemon addresses registry.
16:04:03.126 [DEBUG] [org.gradle.cache.internal.DefaultFileLockManager] Lock acquired.
16:04:03.126 [DEBUG] [org.gradle.cache.internal.DefaultFileLockManager] Releasing lock on daemon addresses registry.
16:04:03.126 [DEBUG] [org.gradle.cache.internal.DefaultFileLockManager] Waiting to acquire shared lock on daemon addresses registry.
16:04:03.126 [DEBUG] [org.gradle.cache.internal.DefaultFileLockManager] Lock acquired.
16:04:03.127 [DEBUG] [org.gradle.cache.internal.DefaultFileLockManager] Releasing lock on daemon addresses registry.
16:04:13.119 [DEBUG] [org.gradle.launcher.daemon.server.Daemon] DaemonExpirationPeriodicCheck running
16:04:13.120 [DEBUG] [org.gradle.cache.internal.DefaultFileLockManager] Waiting to acquire shared lock on daemon addresses registry.
16:04:13.121 [DEBUG] [org.gradle.cache.internal.DefaultFileLockManager] Lock acquired.
16:04:13.121 [DEBUG] [org.gradle.cache.internal.DefaultFileLockManager] Releasing lock on daemon addresses registry.
16:04:13.122 [INFO] [org.gradle.launcher.daemon.server.DaemonIdleTimeoutExpirationStrategy] Idle timeout: daemon has been idle for 32166 milliseconds. Expiring.
16:04:13.122 [DEBUG] [org.gradle.cache.internal.DefaultFileLockManager] Waiting to acquire shared lock on daemon addresses registry.
16:04:13.122 [DEBUG] [org.gradle.cache.internal.DefaultFileLockManager] Lock acquired.
16:04:13.123 [DEBUG] [org.gradle.cache.internal.DefaultFileLockManager] Releasing lock on daemon addresses registry.
16:04:13.123 [DEBUG] [org.gradle.cache.internal.DefaultFileLockManager] Waiting to acquire shared lock on daemon addresses registry.
16:04:13.123 [DEBUG] [org.gradle.cache.internal.DefaultFileLockManager] Lock acquired.
16:04:13.124 [DEBUG] [org.gradle.cache.internal.DefaultFileLockManager] Releasing lock on daemon addresses registry.
16:04:23.122 [DEBUG] [org.gradle.launcher.daemon.server.Daemon] DaemonExpirationPeriodicCheck running
16:04:23.123 [DEBUG] [org.gradle.cache.internal.DefaultFileLockManager] Waiting to acquire shared lock on daemon addresses registry.
16:04:23.123 [DEBUG] [org.gradle.cache.internal.DefaultFileLockManager] Lock acquired.
16:04:23.124 [DEBUG] [org.gradle.cache.internal.DefaultFileLockManager] Releasing lock on daemon addresses registry.
16:04:23.124 [INFO] [org.gradle.launcher.daemon.server.DaemonIdleTimeoutExpirationStrategy] Idle timeout: daemon has been idle for 42168 milliseconds. Expiring.
16:04:23.124 [DEBUG] [org.gradle.cache.internal.DefaultFileLockManager] Waiting to acquire shared lock on daemon addresses registry.
16:04:23.125 [DEBUG] [org.gradle.cache.internal.DefaultFileLockManager] Lock acquired.
16:04:23.125 [DEBUG] [org.gradle.cache.internal.DefaultFileLockManager] Releasing lock on daemon addresses registry.
16:04:23.125 [DEBUG] [org.gradle.cache.internal.DefaultFileLockManager] Waiting to acquire shared lock on daemon addresses registry.
16:04:23.125 [DEBUG] [org.gradle.cache.internal.DefaultFileLockManager] Lock acquired.
16:04:23.126 [DEBUG] [org.gradle.cache.internal.DefaultFileLockManager] Releasing lock on daemon addresses registry.
16:04:33.120 [DEBUG] [org.gradle.launcher.daemon.server.Daemon] DaemonExpirationPeriodicCheck running
16:04:33.158 [DEBUG] [org.gradle.cache.internal.DefaultFileLockManager] Waiting to acquire shared lock on daemon addresses registry.
16:04:33.188 [DEBUG] [org.gradle.cache.internal.DefaultFileLockManager] Lock acquired.
16:04:33.218 [DEBUG] [org.gradle.cache.internal.DefaultFileLockManager] Releasing lock on daemon addresses registry.
16:04:33.219 [INFO] [org.gradle.launcher.daemon.server.DaemonIdleTimeoutExpirationStrategy] Idle timeout: daemon has been idle for 52263 milliseconds. Expiring.
16:04:33.219 [DEBUG] [org.gradle.cache.internal.DefaultFileLockManager] Waiting to acquire shared lock on daemon addresses registry.
16:04:33.219 [DEBUG] [org.gradle.cache.internal.DefaultFileLockManager] Lock acquired.
16:04:33.219 [DEBUG] [org.gradle.cache.internal.DefaultFileLockManager] Releasing lock on daemon addresses registry.
16:04:33.220 [DEBUG] [org.gradle.cache.internal.DefaultFileLockManager] Waiting to acquire shared lock on daemon addresses registry.
16:04:33.220 [DEBUG] [org.gradle.cache.internal.DefaultFileLockManager] Lock acquired.
16:04:33.221 [DEBUG] [org.gradle.cache.internal.DefaultFileLockManager] Releasing lock on daemon addresses registry.
16:04:43.119 [DEBUG] [org.gradle.launcher.daemon.server.Daemon] DaemonExpirationPeriodicCheck running
16:04:43.120 [DEBUG] [org.gradle.cache.internal.DefaultFileLockManager] Waiting to acquire shared lock on daemon addresses registry.
16:04:43.120 [DEBUG] [org.gradle.cache.internal.DefaultFileLockManager] Lock acquired.
16:04:43.121 [DEBUG] [org.gradle.cache.internal.DefaultFileLockManager] Releasing lock on daemon addresses registry.
16:04:43.121 [INFO] [org.gradle.launcher.daemon.server.DaemonIdleTimeoutExpirationStrategy] Idle timeout: daemon has been idle for 62165 milliseconds. Expiring.
16:04:43.121 [INFO] [org.gradle.launcher.daemon.server.DaemonIdleTimeoutExpirationStrategy] Idle timeout: daemon has been idle for 62165 milliseconds. Expiring.
16:04:43.121 [DEBUG] [org.gradle.cache.internal.DefaultFileLockManager] Waiting to acquire shared lock on daemon addresses registry.
16:04:43.122 [DEBUG] [org.gradle.cache.internal.DefaultFileLockManager] Lock acquired.
16:04:43.122 [DEBUG] [org.gradle.cache.internal.DefaultFileLockManager] Releasing lock on daemon addresses registry.
16:04:43.122 [DEBUG] [org.gradle.cache.internal.DefaultFileLockManager] Waiting to acquire shared lock on daemon addresses registry.
16:04:43.124 [DEBUG] [org.gradle.cache.internal.DefaultFileLockManager] Lock acquired.
16:04:43.125 [DEBUG] [org.gradle.cache.internal.DefaultFileLockManager] Releasing lock on daemon addresses registry.
16:04:43.125 [LIFECYCLE] [org.gradle.launcher.daemon.server.DaemonStateCoordinator] Daemon will be stopped at the end of the build after being idle for 1 minutes
16:04:43.126 [DEBUG] [org.gradle.launcher.daemon.server.DaemonStateCoordinator] Marking daemon stopped due to after being idle for 1 minutes. The daemon is running a build: false
16:04:43.126 [DEBUG] [org.gradle.launcher.daemon.server.DaemonStateCoordinator] daemon has stopped.
16:04:43.126 [DEBUG] [org.gradle.launcher.daemon.server.Daemon] stop() called on daemon
16:04:43.126 [INFO] [org.gradle.launcher.daemon.server.Daemon] Stop requested. Daemon is removing its presence from the registry...
16:04:43.127 [DEBUG] [org.gradle.launcher.daemon.server.DaemonRegistryUpdater] Removing our presence to clients, eg. removing this address from the registry: [da2ca740-7c0b-4b91-a0a6-1a40f14d362f port:51808, addresses:[/0:0:0:0:0:0:0:1, /127.0.0.1]]
16:04:43.127 [DEBUG] [org.gradle.launcher.daemon.registry.PersistentDaemonRegistry] Removing daemon address: [da2ca740-7c0b-4b91-a0a6-1a40f14d362f port:51808, addresses:[/0:0:0:0:0:0:0:1, /127.0.0.1]]
16:04:43.128 [DEBUG] [org.gradle.cache.internal.DefaultFileLockManager] Waiting to acquire exclusive lock on daemon addresses registry.
16:04:43.128 [DEBUG] [org.gradle.cache.internal.DefaultFileLockManager] Lock acquired.
16:04:43.128 [DEBUG] [org.gradle.cache.internal.DefaultFileLockManager] Releasing lock on daemon addresses registry.
16:04:43.129 [DEBUG] [org.gradle.launcher.daemon.server.DaemonRegistryUpdater] Address removed from registry.
Daemon vm is shutting down... The daemon has exited normally or was terminated in response to a user interrupt.
16:04:43.131 [DEBUG] [org.gradle.launcher.daemon.registry.PersistentDaemonRegistry] Removing daemon address: [da2ca740-7c0b-4b91-a0a6-1a40f14d362f port:51808, addresses:[/0:0:0:0:0:0:0:1, /127.0.0.1]]
16:04:43.131 [DEBUG] [org.gradle.cache.internal.DefaultFileLockManager] Waiting to acquire exclusive lock on daemon addresses registry.
16:04:43.131 [DEBUG] [org.gradle.cache.internal.DefaultFileLockManager] Lock acquired.
16:04:43.132 [DEBUG] [org.gradle.cache.internal.DefaultFileLockManager] Releasing lock on daemon addresses registry.
